{"/Users/sarahglickman/Documents/Daniel/repositories/recipe-club/src/components/events/EventRatingDialog.tsx": {"path":"/Users/sarahglickman/Documents/Daniel/repositories/recipe-club/src/components/events/EventRatingDialog.tsx","statementMap":{"0":{"start":{"line":35,"column":26},"end":{"line":273,"column":null}},"1":{"start":{"line":43,"column":28},"end":{"line":43,"column":null}},"2":{"start":{"line":44,"column":38},"end":{"line":44,"column":null}},"3":{"start":{"line":45,"column":32},"end":{"line":45,"column":null}},"4":{"start":{"line":48,"column":2},"end":{"line":85,"column":null}},"5":{"start":{"line":49,"column":4},"end":{"line":49,"column":null}},"6":{"start":{"line":49,"column":38},"end":{"line":49,"column":null}},"7":{"start":{"line":51,"column":32},"end":{"line":82,"column":null}},"8":{"start":{"line":52,"column":6},"end":{"line":81,"column":null}},"9":{"start":{"line":53,"column":26},"end":{"line":53,"column":null}},"10":{"start":{"line":53,"column":43},"end":{"line":53,"column":54}},"11":{"start":{"line":54,"column":8},"end":{"line":57,"column":null}},"12":{"start":{"line":55,"column":10},"end":{"line":55,"column":null}},"13":{"start":{"line":56,"column":10},"end":{"line":56,"column":null}},"14":{"start":{"line":59,"column":32},"end":{"line":63,"column":null}},"15":{"start":{"line":65,"column":8},"end":{"line":65,"column":null}},"16":{"start":{"line":65,"column":19},"end":{"line":65,"column":null}},"17":{"start":{"line":67,"column":8},"end":{"line":76,"column":null}},"18":{"start":{"line":68,"column":34},"end":{"line":68,"column":null}},"19":{"start":{"line":69,"column":10},"end":{"line":74,"column":null}},"20":{"start":{"line":70,"column":12},"end":{"line":73,"column":null}},"21":{"start":{"line":75,"column":10},"end":{"line":75,"column":null}},"22":{"start":{"line":78,"column":8},"end":{"line":78,"column":null}},"23":{"start":{"line":80,"column":8},"end":{"line":80,"column":null}},"24":{"start":{"line":84,"column":4},"end":{"line":84,"column":null}},"25":{"start":{"line":87,"column":29},"end":{"line":98,"column":null}},"26":{"start":{"line":92,"column":4},"end":{"line":97,"column":null}},"27":{"start":{"line":93,"column":21},"end":{"line":93,"column":null}},"28":{"start":{"line":94,"column":22},"end":{"line":94,"column":null}},"29":{"start":{"line":95,"column":6},"end":{"line":95,"column":null}},"30":{"start":{"line":96,"column":6},"end":{"line":96,"column":null}},"31":{"start":{"line":100,"column":23},"end":{"line":130,"column":null}},"32":{"start":{"line":101,"column":4},"end":{"line":101,"column":null}},"33":{"start":{"line":102,"column":4},"end":{"line":129,"column":null}},"34":{"start":{"line":104,"column":30},"end":{"line":112,"column":null}},"35":{"start":{"line":105,"column":27},"end":{"line":105,"column":73}},"36":{"start":{"line":106,"column":33},"end":{"line":112,"column":10}},"37":{"start":{"line":114,"column":6},"end":{"line":121,"column":null}},"38":{"start":{"line":116,"column":26},"end":{"line":118,"column":null}},"39":{"start":{"line":119,"column":8},"end":{"line":119,"column":null}},"40":{"start":{"line":119,"column":19},"end":{"line":119,"column":null}},"41":{"start":{"line":120,"column":8},"end":{"line":120,"column":null}},"42":{"start":{"line":123,"column":6},"end":{"line":123,"column":null}},"43":{"start":{"line":125,"column":6},"end":{"line":125,"column":null}},"44":{"start":{"line":126,"column":6},"end":{"line":126,"column":null}},"45":{"start":{"line":128,"column":6},"end":{"line":128,"column":null}},"46":{"start":{"line":133,"column":26},"end":{"line":136,"column":null}},"47":{"start":{"line":134,"column":19},"end":{"line":134,"column":null}},"48":{"start":{"line":135,"column":4},"end":{"line":135,"column":null}},"49":{"start":{"line":138,"column":23},"end":{"line":141,"column":null}},"50":{"start":{"line":139,"column":19},"end":{"line":139,"column":null}},"51":{"start":{"line":140,"column":4},"end":{"line":140,"column":null}},"52":{"start":{"line":144,"column":23},"end":{"line":146,"column":null}},"53":{"start":{"line":145,"column":9},"end":{"line":145,"column":null}},"54":{"start":{"line":149,"column":20},"end":{"line":149,"column":null}},"55":{"start":{"line":151,"column":2},"end":{"line":271,"column":null}},"56":{"start":{"line":152,"column":44},"end":{"line":152,"column":null}},"57":{"start":{"line":174,"column":35},"end":{"line":174,"column":null}},"58":{"start":{"line":176,"column":14},"end":{"line":241,"column":null}},"59":{"start":{"line":199,"column":39},"end":{"line":199,"column":null}},"60":{"start":{"line":207,"column":39},"end":{"line":207,"column":null}},"61":{"start":{"line":220,"column":24},"end":{"line":232,"column":null}},"62":{"start":{"line":222,"column":41},"end":{"line":222,"column":null}}},"fnMap":{"0":{"name":"(anonymous_0)","decl":{"start":{"line":35,"column":26},"end":{"line":35,"column":27}},"loc":{"start":{"line":42,"column":30},"end":{"line":273,"column":null}},"line":42},"1":{"name":"(anonymous_1)","decl":{"start":{"line":48,"column":12},"end":{"line":48,"column":18}},"loc":{"start":{"line":48,"column":18},"end":{"line":85,"column":5}},"line":48},"2":{"name":"(anonymous_2)","decl":{"start":{"line":51,"column":32},"end":{"line":51,"column":44}},"loc":{"start":{"line":51,"column":44},"end":{"line":82,"column":null}},"line":51},"3":{"name":"(anonymous_3)","decl":{"start":{"line":53,"column":38},"end":{"line":53,"column":43}},"loc":{"start":{"line":53,"column":43},"end":{"line":53,"column":54}},"line":53},"4":{"name":"(anonymous_4)","decl":{"start":{"line":69,"column":23},"end":{"line":69,"column":28}},"loc":{"start":{"line":69,"column":28},"end":{"line":74,"column":11}},"line":69},"5":{"name":"(anonymous_5)","decl":{"start":{"line":87,"column":29},"end":{"line":87,"column":null}},"loc":{"start":{"line":91,"column":7},"end":{"line":98,"column":null}},"line":91},"6":{"name":"(anonymous_6)","decl":{"start":{"line":92,"column":15},"end":{"line":92,"column":16}},"loc":{"start":{"line":92,"column":25},"end":{"line":97,"column":5}},"line":92},"7":{"name":"(anonymous_7)","decl":{"start":{"line":100,"column":23},"end":{"line":100,"column":35}},"loc":{"start":{"line":100,"column":35},"end":{"line":130,"column":null}},"line":100},"8":{"name":"(anonymous_8)","decl":{"start":{"line":105,"column":16},"end":{"line":105,"column":17}},"loc":{"start":{"line":105,"column":27},"end":{"line":105,"column":73}},"line":105},"9":{"name":"(anonymous_9)","decl":{"start":{"line":106,"column":13},"end":{"line":106,"column":14}},"loc":{"start":{"line":106,"column":33},"end":{"line":112,"column":10}},"line":106},"10":{"name":"(anonymous_10)","decl":{"start":{"line":133,"column":64},"end":{"line":133,"column":65}},"loc":{"start":{"line":133,"column":80},"end":{"line":136,"column":3}},"line":133},"11":{"name":"(anonymous_11)","decl":{"start":{"line":138,"column":38},"end":{"line":138,"column":39}},"loc":{"start":{"line":138,"column":54},"end":{"line":141,"column":3}},"line":138},"12":{"name":"(anonymous_12)","decl":{"start":{"line":145,"column":4},"end":{"line":145,"column":9}},"loc":{"start":{"line":145,"column":9},"end":{"line":145,"column":null}},"line":145},"13":{"name":"(anonymous_13)","decl":{"start":{"line":152,"column":38},"end":{"line":152,"column":44}},"loc":{"start":{"line":152,"column":44},"end":{"line":152,"column":null}},"line":152},"14":{"name":"(anonymous_14)","decl":{"start":{"line":173,"column":24},"end":{"line":173,"column":25}},"loc":{"start":{"line":173,"column":40},"end":{"line":243,"column":13}},"line":173},"15":{"name":"(anonymous_15)","decl":{"start":{"line":199,"column":33},"end":{"line":199,"column":39}},"loc":{"start":{"line":199,"column":39},"end":{"line":199,"column":null}},"line":199},"16":{"name":"(anonymous_16)","decl":{"start":{"line":207,"column":33},"end":{"line":207,"column":39}},"loc":{"start":{"line":207,"column":39},"end":{"line":207,"column":null}},"line":207},"17":{"name":"(anonymous_17)","decl":{"start":{"line":219,"column":43},"end":{"line":219,"column":44}},"loc":{"start":{"line":220,"column":24},"end":{"line":232,"column":null}},"line":220},"18":{"name":"(anonymous_18)","decl":{"start":{"line":222,"column":35},"end":{"line":222,"column":41}},"loc":{"start":{"line":222,"column":41},"end":{"line":222,"column":null}},"line":222}},"branchMap":{"0":{"loc":{"start":{"line":41,"column":2},"end":{"line":41,"column":null}},"type":"default-arg","locations":[{"start":{"line":41,"column":9},"end":{"line":41,"column":null}}],"line":41},"1":{"loc":{"start":{"line":49,"column":4},"end":{"line":49,"column":null}},"type":"if","locations":[{"start":{"line":49,"column":4},"end":{"line":49,"column":null}},{"start":{},"end":{}}],"line":49},"2":{"loc":{"start":{"line":49,"column":8},"end":{"line":49,"column":38}},"type":"binary-expr","locations":[{"start":{"line":49,"column":8},"end":{"line":49,"column":29}},{"start":{"line":49,"column":29},"end":{"line":49,"column":38}}],"line":49},"3":{"loc":{"start":{"line":54,"column":8},"end":{"line":57,"column":null}},"type":"if","locations":[{"start":{"line":54,"column":8},"end":{"line":57,"column":null}},{"start":{},"end":{}}],"line":54},"4":{"loc":{"start":{"line":65,"column":8},"end":{"line":65,"column":null}},"type":"if","locations":[{"start":{"line":65,"column":8},"end":{"line":65,"column":null}},{"start":{},"end":{}}],"line":65},"5":{"loc":{"start":{"line":67,"column":8},"end":{"line":76,"column":null}},"type":"if","locations":[{"start":{"line":67,"column":8},"end":{"line":76,"column":null}},{"start":{},"end":{}}],"line":67},"6":{"loc":{"start":{"line":67,"column":12},"end":{"line":67,"column":37}},"type":"binary-expr","locations":[{"start":{"line":67,"column":12},"end":{"line":67,"column":20}},{"start":{"line":67,"column":20},"end":{"line":67,"column":37}}],"line":67},"7":{"loc":{"start":{"line":94,"column":22},"end":{"line":94,"column":null}},"type":"binary-expr","locations":[{"start":{"line":94,"column":22},"end":{"line":94,"column":46}},{"start":{"line":94,"column":46},"end":{"line":94,"column":null}}],"line":94},"8":{"loc":{"start":{"line":105,"column":27},"end":{"line":105,"column":73}},"type":"binary-expr","locations":[{"start":{"line":105,"column":27},"end":{"line":105,"column":56}},{"start":{"line":105,"column":56},"end":{"line":105,"column":73}}],"line":105},"9":{"loc":{"start":{"line":114,"column":6},"end":{"line":121,"column":null}},"type":"if","locations":[{"start":{"line":114,"column":6},"end":{"line":121,"column":null}},{"start":{},"end":{}}],"line":114},"10":{"loc":{"start":{"line":119,"column":8},"end":{"line":119,"column":null}},"type":"if","locations":[{"start":{"line":119,"column":8},"end":{"line":119,"column":null}},{"start":{},"end":{}}],"line":119},"11":{"loc":{"start":{"line":120,"column":67},"end":{"line":120,"column":106}},"type":"cond-expr","locations":[{"start":{"line":120,"column":98},"end":{"line":120,"column":104}},{"start":{"line":120,"column":104},"end":{"line":120,"column":106}}],"line":120},"12":{"loc":{"start":{"line":133,"column":26},"end":{"line":136,"column":null}},"type":"binary-expr","locations":[{"start":{"line":133,"column":26},"end":{"line":133,"column":50}},{"start":{"line":133,"column":50},"end":{"line":136,"column":null}}],"line":133},"13":{"loc":{"start":{"line":135,"column":11},"end":{"line":135,"column":null}},"type":"binary-expr","locations":[{"start":{"line":135,"column":11},"end":{"line":135,"column":21}},{"start":{"line":135,"column":21},"end":{"line":135,"column":55}},{"start":{"line":135,"column":55},"end":{"line":135,"column":null}}],"line":135},"14":{"loc":{"start":{"line":140,"column":11},"end":{"line":140,"column":null}},"type":"binary-expr","locations":[{"start":{"line":140,"column":11},"end":{"line":140,"column":22}},{"start":{"line":140,"column":22},"end":{"line":140,"column":56}},{"start":{"line":140,"column":56},"end":{"line":140,"column":null}}],"line":140},"15":{"loc":{"start":{"line":145,"column":9},"end":{"line":145,"column":null}},"type":"binary-expr","locations":[{"start":{"line":145,"column":9},"end":{"line":145,"column":38}},{"start":{"line":145,"column":38},"end":{"line":145,"column":null}}],"line":145},"16":{"loc":{"start":{"line":149,"column":20},"end":{"line":149,"column":null}},"type":"cond-expr","locations":[{"start":{"line":149,"column":44},"end":{"line":149,"column":62}},{"start":{"line":149,"column":62},"end":{"line":149,"column":null}}],"line":149},"17":{"loc":{"start":{"line":157,"column":13},"end":{"line":159,"column":null}},"type":"cond-expr","locations":[{"start":{"line":158,"column":16},"end":{"line":158,"column":null}},{"start":{"line":159,"column":16},"end":{"line":159,"column":null}}],"line":157},"18":{"loc":{"start":{"line":164,"column":11},"end":{"line":243,"column":null}},"type":"cond-expr","locations":[{"start":{"line":165,"column":12},"end":{"line":167,"column":null}},{"start":{"line":168,"column":14},"end":{"line":243,"column":null}}],"line":164},"19":{"loc":{"start":{"line":168,"column":14},"end":{"line":243,"column":null}},"type":"cond-expr","locations":[{"start":{"line":169,"column":12},"end":{"line":171,"column":null}},{"start":{"line":173,"column":12},"end":{"line":243,"column":null}}],"line":168},"20":{"loc":{"start":{"line":174,"column":35},"end":{"line":174,"column":null}},"type":"binary-expr","locations":[{"start":{"line":174,"column":35},"end":{"line":174,"column":61}},{"start":{"line":174,"column":61},"end":{"line":174,"column":null}}],"line":174},"21":{"loc":{"start":{"line":180,"column":21},"end":{"line":188,"column":null}},"type":"binary-expr","locations":[{"start":{"line":180,"column":21},"end":{"line":180,"column":null}},{"start":{"line":181,"column":22},"end":{"line":188,"column":null}}],"line":180},"22":{"loc":{"start":{"line":198,"column":33},"end":{"line":198,"column":null}},"type":"cond-expr","locations":[{"start":{"line":198,"column":72},"end":{"line":198,"column":84}},{"start":{"line":198,"column":84},"end":{"line":198,"column":null}}],"line":198},"23":{"loc":{"start":{"line":200,"column":35},"end":{"line":200,"column":null}},"type":"cond-expr","locations":[{"start":{"line":200,"column":74},"end":{"line":200,"column":110}},{"start":{"line":200,"column":110},"end":{"line":200,"column":null}}],"line":200},"24":{"loc":{"start":{"line":206,"column":33},"end":{"line":206,"column":null}},"type":"cond-expr","locations":[{"start":{"line":206,"column":73},"end":{"line":206,"column":85}},{"start":{"line":206,"column":85},"end":{"line":206,"column":null}}],"line":206},"25":{"loc":{"start":{"line":208,"column":35},"end":{"line":208,"column":null}},"type":"cond-expr","locations":[{"start":{"line":208,"column":75},"end":{"line":208,"column":107}},{"start":{"line":208,"column":107},"end":{"line":208,"column":null}}],"line":208},"26":{"loc":{"start":{"line":226,"column":39},"end":{"line":229,"column":null}},"type":"cond-expr","locations":[{"start":{"line":228,"column":34},"end":{"line":228,"column":null}},{"start":{"line":229,"column":34},"end":{"line":229,"column":null}}],"line":226},"27":{"loc":{"start":{"line":227,"column":31},"end":{"line":227,"column":60}},"type":"binary-expr","locations":[{"start":{"line":227,"column":31},"end":{"line":227,"column":54}},{"start":{"line":227,"column":54},"end":{"line":227,"column":60}}],"line":227},"28":{"loc":{"start":{"line":235,"column":21},"end":{"line":238,"column":null}},"type":"binary-expr","locations":[{"start":{"line":235,"column":21},"end":{"line":235,"column":null}},{"start":{"line":236,"column":22},"end":{"line":238,"column":null}}],"line":235},"29":{"loc":{"start":{"line":248,"column":11},"end":{"line":251,"column":null}},"type":"binary-expr","locations":[{"start":{"line":248,"column":11},"end":{"line":248,"column":36}},{"start":{"line":248,"column":36},"end":{"line":248,"column":56}},{"start":{"line":248,"column":56},"end":{"line":248,"column":null}},{"start":{"line":249,"column":12},"end":{"line":251,"column":null}}],"line":248},"30":{"loc":{"start":{"line":250,"column":36},"end":{"line":250,"column":66}},"type":"cond-expr","locations":[{"start":{"line":250,"column":57},"end":{"line":250,"column":63}},{"start":{"line":250,"column":63},"end":{"line":250,"column":66}}],"line":250},"31":{"loc":{"start":{"line":250,"column":78},"end":{"line":250,"column":108}},"type":"cond-expr","locations":[{"start":{"line":250,"column":99},"end":{"line":250,"column":105}},{"start":{"line":250,"column":105},"end":{"line":250,"column":108}}],"line":250},"32":{"loc":{"start":{"line":253,"column":11},"end":{"line":256,"column":null}},"type":"binary-expr","locations":[{"start":{"line":253,"column":11},"end":{"line":253,"column":32}},{"start":{"line":253,"column":32},"end":{"line":253,"column":49}},{"start":{"line":253,"column":49},"end":{"line":253,"column":null}},{"start":{"line":254,"column":12},"end":{"line":256,"column":null}}],"line":253},"33":{"loc":{"start":{"line":260,"column":22},"end":{"line":260,"column":null}},"type":"binary-expr","locations":[{"start":{"line":260,"column":22},"end":{"line":260,"column":38}},{"start":{"line":260,"column":38},"end":{"line":260,"column":51}},{"start":{"line":260,"column":51},"end":{"line":260,"column":null}}],"line":260},"34":{"loc":{"start":{"line":263,"column":13},"end":{"line":267,"column":null}},"type":"cond-expr","locations":[{"start":{"line":264,"column":16},"end":{"line":264,"column":null}},{"start":{"line":265,"column":16},"end":{"line":267,"column":null}}],"line":263},"35":{"loc":{"start":{"line":265,"column":16},"end":{"line":267,"column":null}},"type":"cond-expr","locations":[{"start":{"line":266,"column":18},"end":{"line":266,"column":null}},{"start":{"line":267,"column":18},"end":{"line":267,"column":null}}],"line":265}},"s":{"0":1,"1":75,"2":75,"3":75,"4":75,"5":32,"6":24,"7":8,"8":8,"9":8,"10":14,"11":8,"12":1,"13":1,"14":7,"15":6,"16":1,"17":5,"18":1,"19":1,"20":1,"21":1,"22":1,"23":7,"24":8,"25":75,"26":25,"27":25,"28":25,"29":25,"30":25,"31":75,"32":6,"33":6,"34":6,"35":8,"36":8,"37":6,"38":5,"39":5,"40":1,"41":4,"42":5,"43":1,"44":1,"45":6,"46":75,"47":89,"48":89,"49":75,"50":131,"51":131,"52":75,"53":40,"54":75,"55":75,"56":1,"57":117,"58":117,"59":12,"60":1,"61":585,"62":12},"f":{"0":75,"1":32,"2":8,"3":14,"4":1,"5":25,"6":25,"7":6,"8":8,"9":8,"10":89,"11":131,"12":40,"13":1,"14":117,"15":12,"16":1,"17":585,"18":12},"b":{"0":[75],"1":[24,8],"2":[32,8],"3":[1,7],"4":[1,5],"5":[1,4],"6":[5,5],"7":[25,14],"8":[8,8],"9":[5,1],"10":[1,4],"11":[2,2],"12":[75,70],"13":[89,50,49],"14":[131,54,53],"15":[40,39],"16":[56,19],"17":[56,19],"18":[8,67],"19":[4,63],"20":[117,63],"21":[117,117],"22":[52,65],"23":[52,65],"24":[1,116],"25":[1,116],"26":[111,474],"27":[585,420],"28":[117,33],"29":[75,56,40,40],"30":[29,11],"31":[11,29],"32":[75,19,15,13],"33":[75,70,62],"34":[5,70],"35":[52,18]},"meta":{"lastBranch":36,"lastFunction":19,"lastStatement":63,"seen":{"s:35:26:273:Infinity":0,"f:35:26:35:27":0,"b:41:9:41:Infinity":0,"s:43:28:43:Infinity":1,"s:44:38:44:Infinity":2,"s:45:32:45:Infinity":3,"s:48:2:85:Infinity":4,"f:48:12:48:18":1,"b:49:4:49:Infinity:undefined:undefined:undefined:undefined":1,"s:49:4:49:Infinity":5,"b:49:8:49:29:49:29:49:38":2,"s:49:38:49:Infinity":6,"s:51:32:82:Infinity":7,"f:51:32:51:44":2,"s:52:6:81:Infinity":8,"s:53:26:53:Infinity":9,"f:53:38:53:43":3,"s:53:43:53:54":10,"b:54:8:57:Infinity:undefined:undefined:undefined:undefined":3,"s:54:8:57:Infinity":11,"s:55:10:55:Infinity":12,"s:56:10:56:Infinity":13,"s:59:32:63:Infinity":14,"b:65:8:65:Infinity:undefined:undefined:undefined:undefined":4,"s:65:8:65:Infinity":15,"s:65:19:65:Infinity":16,"b:67:8:76:Infinity:undefined:undefined:undefined:undefined":5,"s:67:8:76:Infinity":17,"b:67:12:67:20:67:20:67:37":6,"s:68:34:68:Infinity":18,"s:69:10:74:Infinity":19,"f:69:23:69:28":4,"s:70:12:73:Infinity":20,"s:75:10:75:Infinity":21,"s:78:8:78:Infinity":22,"s:80:8:80:Infinity":23,"s:84:4:84:Infinity":24,"s:87:29:98:Infinity":25,"f:87:29:87:Infinity":5,"s:92:4:97:Infinity":26,"f:92:15:92:16":6,"s:93:21:93:Infinity":27,"s:94:22:94:Infinity":28,"b:94:22:94:46:94:46:94:Infinity":7,"s:95:6:95:Infinity":29,"s:96:6:96:Infinity":30,"s:100:23:130:Infinity":31,"f:100:23:100:35":7,"s:101:4:101:Infinity":32,"s:102:4:129:Infinity":33,"s:104:30:112:Infinity":34,"f:105:16:105:17":8,"s:105:27:105:73":35,"b:105:27:105:56:105:56:105:73":8,"f:106:13:106:14":9,"s:106:33:112:10":36,"b:114:6:121:Infinity:undefined:undefined:undefined:undefined":9,"s:114:6:121:Infinity":37,"s:116:26:118:Infinity":38,"b:119:8:119:Infinity:undefined:undefined:undefined:undefined":10,"s:119:8:119:Infinity":39,"s:119:19:119:Infinity":40,"s:120:8:120:Infinity":41,"b:120:98:120:104:120:104:120:106":11,"s:123:6:123:Infinity":42,"s:125:6:125:Infinity":43,"s:126:6:126:Infinity":44,"s:128:6:128:Infinity":45,"s:133:26:136:Infinity":46,"b:133:26:133:50:133:50:136:Infinity":12,"f:133:64:133:65":10,"s:134:19:134:Infinity":47,"s:135:4:135:Infinity":48,"b:135:11:135:21:135:21:135:55:135:55:135:Infinity":13,"s:138:23:141:Infinity":49,"f:138:38:138:39":11,"s:139:19:139:Infinity":50,"s:140:4:140:Infinity":51,"b:140:11:140:22:140:22:140:56:140:56:140:Infinity":14,"s:144:23:146:Infinity":52,"f:145:4:145:9":12,"s:145:9:145:Infinity":53,"b:145:9:145:38:145:38:145:Infinity":15,"s:149:20:149:Infinity":54,"b:149:44:149:62:149:62:149:Infinity":16,"s:151:2:271:Infinity":55,"f:152:38:152:44":13,"s:152:44:152:Infinity":56,"b:158:16:158:Infinity:159:16:159:Infinity":17,"b:165:12:167:Infinity:168:14:243:Infinity":18,"b:169:12:171:Infinity:173:12:243:Infinity":19,"f:173:24:173:25":14,"s:174:35:174:Infinity":57,"b:174:35:174:61:174:61:174:Infinity":20,"s:176:14:241:Infinity":58,"b:180:21:180:Infinity:181:22:188:Infinity":21,"b:198:72:198:84:198:84:198:Infinity":22,"f:199:33:199:39":15,"s:199:39:199:Infinity":59,"b:200:74:200:110:200:110:200:Infinity":23,"b:206:73:206:85:206:85:206:Infinity":24,"f:207:33:207:39":16,"s:207:39:207:Infinity":60,"b:208:75:208:107:208:107:208:Infinity":25,"f:219:43:219:44":17,"s:220:24:232:Infinity":61,"f:222:35:222:41":18,"s:222:41:222:Infinity":62,"b:228:34:228:Infinity:229:34:229:Infinity":26,"b:227:31:227:54:227:54:227:60":27,"b:235:21:235:Infinity:236:22:238:Infinity":28,"b:248:11:248:36:248:36:248:56:248:56:248:Infinity:249:12:251:Infinity":29,"b:250:57:250:63:250:63:250:66":30,"b:250:99:250:105:250:105:250:108":31,"b:253:11:253:32:253:32:253:49:253:49:253:Infinity:254:12:256:Infinity":32,"b:260:22:260:38:260:38:260:51:260:51:260:Infinity":33,"b:264:16:264:Infinity:265:16:267:Infinity":34,"b:266:18:266:Infinity:267:18:267:Infinity":35}}}
,"/Users/sarahglickman/Documents/Daniel/repositories/recipe-club/src/components/ingredients/IngredientBank.tsx": {"path":"/Users/sarahglickman/Documents/Daniel/repositories/recipe-club/src/components/ingredients/IngredientBank.tsx","statementMap":{"0":{"start":{"line":23,"column":23},"end":{"line":493,"column":null}},"1":{"start":{"line":29,"column":40},"end":{"line":29,"column":null}},"2":{"start":{"line":30,"column":32},"end":{"line":30,"column":null}},"3":{"start":{"line":31,"column":36},"end":{"line":31,"column":null}},"4":{"start":{"line":32,"column":46},"end":{"line":32,"column":null}},"5":{"start":{"line":33,"column":42},"end":{"line":33,"column":null}},"6":{"start":{"line":34,"column":8},"end":{"line":34,"column":null}},"7":{"start":{"line":37,"column":2},"end":{"line":108,"column":null}},"8":{"start":{"line":38,"column":28},"end":{"line":103,"column":null}},"9":{"start":{"line":39,"column":6},"end":{"line":102,"column":null}},"10":{"start":{"line":40,"column":32},"end":{"line":43,"column":null}},"11":{"start":{"line":45,"column":8},"end":{"line":45,"column":null}},"12":{"start":{"line":45,"column":19},"end":{"line":45,"column":null}},"13":{"start":{"line":47,"column":8},"end":{"line":87,"column":null}},"14":{"start":{"line":48,"column":36},"end":{"line":57,"column":null}},"15":{"start":{"line":48,"column":53},"end":{"line":57,"column":12}},"16":{"start":{"line":58,"column":10},"end":{"line":58,"column":null}},"17":{"start":{"line":59,"column":10},"end":{"line":59,"column":null}},"18":{"start":{"line":62,"column":51},"end":{"line":70,"column":null}},"19":{"start":{"line":63,"column":23},"end":{"line":69,"column":null}},"20":{"start":{"line":71,"column":10},"end":{"line":71,"column":null}},"21":{"start":{"line":72,"column":10},"end":{"line":72,"column":null}},"22":{"start":{"line":75,"column":10},"end":{"line":86,"column":null}},"23":{"start":{"line":77,"column":14},"end":{"line":84,"column":null}},"24":{"start":{"line":89,"column":8},"end":{"line":89,"column":null}},"25":{"start":{"line":91,"column":36},"end":{"line":97,"column":null}},"26":{"start":{"line":91,"column":71},"end":{"line":97,"column":10}},"27":{"start":{"line":98,"column":8},"end":{"line":98,"column":null}},"28":{"start":{"line":99,"column":8},"end":{"line":99,"column":null}},"29":{"start":{"line":101,"column":8},"end":{"line":101,"column":null}},"30":{"start":{"line":105,"column":4},"end":{"line":107,"column":null}},"31":{"start":{"line":106,"column":6},"end":{"line":106,"column":null}},"32":{"start":{"line":111,"column":2},"end":{"line":123,"column":null}},"33":{"start":{"line":112,"column":31},"end":{"line":119,"column":null}},"34":{"start":{"line":115,"column":24},"end":{"line":115,"column":null}},"35":{"start":{"line":116,"column":6},"end":{"line":118,"column":null}},"36":{"start":{"line":117,"column":8},"end":{"line":117,"column":null}},"37":{"start":{"line":121,"column":4},"end":{"line":121,"column":null}},"38":{"start":{"line":122,"column":4},"end":{"line":122,"column":null}},"39":{"start":{"line":122,"column":17},"end":{"line":122,"column":null}},"40":{"start":{"line":126,"column":26},"end":{"line":126,"column":null}},"41":{"start":{"line":126,"column":52},"end":{"line":126,"column":60}},"42":{"start":{"line":127,"column":17},"end":{"line":127,"column":null}},"43":{"start":{"line":130,"column":37},"end":{"line":136,"column":null}},"44":{"start":{"line":131,"column":4},"end":{"line":131,"column":null}},"45":{"start":{"line":131,"column":31},"end":{"line":131,"column":null}},"46":{"start":{"line":133,"column":4},"end":{"line":135,"column":null}},"47":{"start":{"line":134,"column":6},"end":{"line":134,"column":null}},"48":{"start":{"line":138,"column":34},"end":{"line":138,"column":null}},"49":{"start":{"line":141,"column":24},"end":{"line":146,"column":null}},"50":{"start":{"line":142,"column":4},"end":{"line":142,"column":null}},"51":{"start":{"line":142,"column":25},"end":{"line":142,"column":null}},"52":{"start":{"line":143,"column":4},"end":{"line":143,"column":null}},"53":{"start":{"line":143,"column":25},"end":{"line":143,"column":null}},"54":{"start":{"line":144,"column":4},"end":{"line":144,"column":null}},"55":{"start":{"line":144,"column":25},"end":{"line":144,"column":null}},"56":{"start":{"line":145,"column":4},"end":{"line":145,"column":null}},"57":{"start":{"line":149,"column":24},"end":{"line":156,"column":null}},"58":{"start":{"line":150,"column":4},"end":{"line":150,"column":null}},"59":{"start":{"line":150,"column":25},"end":{"line":150,"column":null}},"60":{"start":{"line":151,"column":4},"end":{"line":154,"column":null}},"61":{"start":{"line":158,"column":24},"end":{"line":247,"column":null}},"62":{"start":{"line":159,"column":24},"end":{"line":159,"column":null}},"63":{"start":{"line":161,"column":4},"end":{"line":161,"column":null}},"64":{"start":{"line":161,"column":22},"end":{"line":161,"column":null}},"65":{"start":{"line":166,"column":4},"end":{"line":192,"column":null}},"66":{"start":{"line":168,"column":6},"end":{"line":190,"column":null}},"67":{"start":{"line":169,"column":26},"end":{"line":172,"column":null}},"68":{"start":{"line":174,"column":8},"end":{"line":174,"column":null}},"69":{"start":{"line":174,"column":19},"end":{"line":174,"column":null}},"70":{"start":{"line":177,"column":33},"end":{"line":180,"column":null}},"71":{"start":{"line":178,"column":10},"end":{"line":180,"column":null}},"72":{"start":{"line":179,"column":12},"end":{"line":179,"column":null}},"73":{"start":{"line":182,"column":8},"end":{"line":182,"column":null}},"74":{"start":{"line":183,"column":8},"end":{"line":183,"column":null}},"75":{"start":{"line":184,"column":8},"end":{"line":184,"column":null}},"76":{"start":{"line":185,"column":8},"end":{"line":185,"column":null}},"77":{"start":{"line":186,"column":8},"end":{"line":186,"column":null}},"78":{"start":{"line":188,"column":8},"end":{"line":188,"column":null}},"79":{"start":{"line":189,"column":8},"end":{"line":189,"column":null}},"80":{"start":{"line":191,"column":6},"end":{"line":191,"column":null}},"81":{"start":{"line":195,"column":25},"end":{"line":197,"column":null}},"82":{"start":{"line":196,"column":13},"end":{"line":196,"column":null}},"83":{"start":{"line":199,"column":4},"end":{"line":202,"column":null}},"84":{"start":{"line":200,"column":6},"end":{"line":200,"column":null}},"85":{"start":{"line":201,"column":6},"end":{"line":201,"column":null}},"86":{"start":{"line":205,"column":31},"end":{"line":207,"column":null}},"87":{"start":{"line":206,"column":13},"end":{"line":206,"column":null}},"88":{"start":{"line":209,"column":4},"end":{"line":213,"column":null}},"89":{"start":{"line":211,"column":6},"end":{"line":211,"column":null}},"90":{"start":{"line":212,"column":6},"end":{"line":212,"column":null}},"91":{"start":{"line":216,"column":10},"end":{"line":216,"column":null}},"92":{"start":{"line":217,"column":32},"end":{"line":224,"column":null}},"93":{"start":{"line":226,"column":4},"end":{"line":246,"column":null}},"94":{"start":{"line":227,"column":24},"end":{"line":234,"column":null}},"95":{"start":{"line":236,"column":6},"end":{"line":236,"column":null}},"96":{"start":{"line":236,"column":17},"end":{"line":236,"column":null}},"97":{"start":{"line":238,"column":6},"end":{"line":238,"column":null}},"98":{"start":{"line":238,"column":31},"end":{"line":238,"column":49}},"99":{"start":{"line":239,"column":6},"end":{"line":239,"column":null}},"100":{"start":{"line":239,"column":34},"end":{"line":239,"column":52}},"101":{"start":{"line":240,"column":6},"end":{"line":240,"column":null}},"102":{"start":{"line":241,"column":6},"end":{"line":241,"column":null}},"103":{"start":{"line":242,"column":6},"end":{"line":242,"column":null}},"104":{"start":{"line":244,"column":6},"end":{"line":244,"column":null}},"105":{"start":{"line":245,"column":6},"end":{"line":245,"column":null}},"106":{"start":{"line":249,"column":25},"end":{"line":273,"column":null}},"107":{"start":{"line":251,"column":23},"end":{"line":251,"column":null}},"108":{"start":{"line":251,"column":47},"end":{"line":251,"column":58}},"109":{"start":{"line":253,"column":4},"end":{"line":272,"column":null}},"110":{"start":{"line":255,"column":24},"end":{"line":258,"column":null}},"111":{"start":{"line":260,"column":6},"end":{"line":260,"column":null}},"112":{"start":{"line":260,"column":17},"end":{"line":260,"column":null}},"113":{"start":{"line":263,"column":31},"end":{"line":264,"column":null}},"114":{"start":{"line":264,"column":8},"end":{"line":264,"column":null}},"115":{"start":{"line":264,"column":25},"end":{"line":264,"column":67}},"116":{"start":{"line":266,"column":6},"end":{"line":266,"column":null}},"117":{"start":{"line":267,"column":6},"end":{"line":267,"column":null}},"118":{"start":{"line":268,"column":6},"end":{"line":268,"column":null}},"119":{"start":{"line":270,"column":6},"end":{"line":270,"column":null}},"120":{"start":{"line":271,"column":6},"end":{"line":271,"column":null}},"121":{"start":{"line":275,"column":25},"end":{"line":279,"column":null}},"122":{"start":{"line":276,"column":4},"end":{"line":278,"column":null}},"123":{"start":{"line":277,"column":6},"end":{"line":277,"column":null}},"124":{"start":{"line":281,"column":30},"end":{"line":285,"column":null}},"125":{"start":{"line":282,"column":26},"end":{"line":282,"column":null}},"126":{"start":{"line":282,"column":52},"end":{"line":282,"column":58}},"127":{"start":{"line":283,"column":10},"end":{"line":283,"column":null}},"128":{"start":{"line":284,"column":4},"end":{"line":284,"column":null}},"129":{"start":{"line":287,"column":24},"end":{"line":320,"column":null}},"130":{"start":{"line":290,"column":10},"end":{"line":290,"column":null}},"131":{"start":{"line":291,"column":32},"end":{"line":298,"column":null}},"132":{"start":{"line":300,"column":4},"end":{"line":319,"column":null}},"133":{"start":{"line":301,"column":24},"end":{"line":308,"column":null}},"134":{"start":{"line":310,"column":6},"end":{"line":310,"column":null}},"135":{"start":{"line":310,"column":17},"end":{"line":310,"column":null}},"136":{"start":{"line":312,"column":6},"end":{"line":312,"column":null}},"137":{"start":{"line":312,"column":31},"end":{"line":312,"column":49}},"138":{"start":{"line":313,"column":6},"end":{"line":313,"column":null}},"139":{"start":{"line":313,"column":34},"end":{"line":313,"column":52}},"140":{"start":{"line":314,"column":6},"end":{"line":314,"column":null}},"141":{"start":{"line":314,"column":31},"end":{"line":314,"column":61}},"142":{"start":{"line":314,"column":50},"end":{"line":314,"column":60}},"143":{"start":{"line":315,"column":6},"end":{"line":315,"column":null}},"144":{"start":{"line":317,"column":6},"end":{"line":317,"column":null}},"145":{"start":{"line":318,"column":6},"end":{"line":318,"column":null}},"146":{"start":{"line":322,"column":19},"end":{"line":325,"column":null}},"147":{"start":{"line":327,"column":2},"end":{"line":335,"column":null}},"148":{"start":{"line":328,"column":4},"end":{"line":333,"column":null}},"149":{"start":{"line":337,"column":2},"end":{"line":491,"column":null}},"150":{"start":{"line":365,"column":20},"end":{"line":365,"column":null}},"151":{"start":{"line":366,"column":20},"end":{"line":366,"column":null}},"152":{"start":{"line":368,"column":33},"end":{"line":368,"column":null}},"153":{"start":{"line":372,"column":33},"end":{"line":372,"column":null}},"154":{"start":{"line":384,"column":37},"end":{"line":384,"column":null}},"155":{"start":{"line":385,"column":20},"end":{"line":408,"column":null}},"156":{"start":{"line":391,"column":39},"end":{"line":391,"column":null}},"157":{"start":{"line":414,"column":27},"end":{"line":414,"column":null}},"158":{"start":{"line":418,"column":37},"end":{"line":418,"column":null}},"159":{"start":{"line":443,"column":20},"end":{"line":450,"column":null}},"160":{"start":{"line":445,"column":37},"end":{"line":445,"column":null}},"161":{"start":{"line":467,"column":16},"end":{"line":485,"column":null}},"162":{"start":{"line":480,"column":37},"end":{"line":480,"column":null}}},"fnMap":{"0":{"name":"(anonymous_0)","decl":{"start":{"line":23,"column":23},"end":{"line":23,"column":24}},"loc":{"start":{"line":28,"column":27},"end":{"line":493,"column":null}},"line":28},"1":{"name":"(anonymous_1)","decl":{"start":{"line":37,"column":12},"end":{"line":37,"column":18}},"loc":{"start":{"line":37,"column":18},"end":{"line":108,"column":5}},"line":37},"2":{"name":"(anonymous_2)","decl":{"start":{"line":38,"column":28},"end":{"line":38,"column":40}},"loc":{"start":{"line":38,"column":40},"end":{"line":103,"column":null}},"line":38},"3":{"name":"(anonymous_3)","decl":{"start":{"line":48,"column":45},"end":{"line":48,"column":46}},"loc":{"start":{"line":48,"column":53},"end":{"line":57,"column":12}},"line":48},"4":{"name":"(anonymous_4)","decl":{"start":{"line":63,"column":12},"end":{"line":63,"column":13}},"loc":{"start":{"line":63,"column":23},"end":{"line":69,"column":null}},"line":63},"5":{"name":"(anonymous_5)","decl":{"start":{"line":76,"column":35},"end":{"line":76,"column":36}},"loc":{"start":{"line":77,"column":14},"end":{"line":84,"column":null}},"line":77},"6":{"name":"(anonymous_6)","decl":{"start":{"line":91,"column":60},"end":{"line":91,"column":61}},"loc":{"start":{"line":91,"column":71},"end":{"line":97,"column":10}},"line":91},"7":{"name":"(anonymous_7)","decl":{"start":{"line":111,"column":12},"end":{"line":111,"column":18}},"loc":{"start":{"line":111,"column":18},"end":{"line":123,"column":5}},"line":111},"8":{"name":"(anonymous_8)","decl":{"start":{"line":112,"column":31},"end":{"line":112,"column":32}},"loc":{"start":{"line":112,"column":54},"end":{"line":119,"column":null}},"line":112},"9":{"name":"(anonymous_9)","decl":{"start":{"line":122,"column":11},"end":{"line":122,"column":17}},"loc":{"start":{"line":122,"column":17},"end":{"line":122,"column":null}},"line":122},"10":{"name":"(anonymous_10)","decl":{"start":{"line":126,"column":45},"end":{"line":126,"column":46}},"loc":{"start":{"line":126,"column":52},"end":{"line":126,"column":60}},"line":126},"11":{"name":"(anonymous_11)","decl":{"start":{"line":130,"column":37},"end":{"line":130,"column":43}},"loc":{"start":{"line":130,"column":43},"end":{"line":136,"column":null}},"line":130},"12":{"name":"(anonymous_12)","decl":{"start":{"line":133,"column":33},"end":{"line":133,"column":34}},"loc":{"start":{"line":134,"column":6},"end":{"line":134,"column":null}},"line":134},"13":{"name":"(anonymous_13)","decl":{"start":{"line":141,"column":24},"end":{"line":141,"column":25}},"loc":{"start":{"line":141,"column":47},"end":{"line":146,"column":null}},"line":141},"14":{"name":"(anonymous_14)","decl":{"start":{"line":149,"column":24},"end":{"line":149,"column":25}},"loc":{"start":{"line":149,"column":47},"end":{"line":156,"column":null}},"line":149},"15":{"name":"(anonymous_15)","decl":{"start":{"line":158,"column":24},"end":{"line":158,"column":31}},"loc":{"start":{"line":158,"column":64},"end":{"line":247,"column":null}},"line":158},"16":{"name":"(anonymous_16)","decl":{"start":{"line":177,"column":33},"end":{"line":177,"column":34}},"loc":{"start":{"line":178,"column":10},"end":{"line":180,"column":null}},"line":178},"17":{"name":"(anonymous_17)","decl":{"start":{"line":178,"column":19},"end":{"line":178,"column":20}},"loc":{"start":{"line":179,"column":12},"end":{"line":179,"column":null}},"line":179},"18":{"name":"(anonymous_18)","decl":{"start":{"line":196,"column":6},"end":{"line":196,"column":7}},"loc":{"start":{"line":196,"column":13},"end":{"line":196,"column":null}},"line":196},"19":{"name":"(anonymous_19)","decl":{"start":{"line":206,"column":6},"end":{"line":206,"column":7}},"loc":{"start":{"line":206,"column":13},"end":{"line":206,"column":null}},"line":206},"20":{"name":"(anonymous_20)","decl":{"start":{"line":238,"column":21},"end":{"line":238,"column":22}},"loc":{"start":{"line":238,"column":31},"end":{"line":238,"column":49}},"line":238},"21":{"name":"(anonymous_21)","decl":{"start":{"line":239,"column":24},"end":{"line":239,"column":25}},"loc":{"start":{"line":239,"column":34},"end":{"line":239,"column":52}},"line":239},"22":{"name":"(anonymous_22)","decl":{"start":{"line":249,"column":25},"end":{"line":249,"column":32}},"loc":{"start":{"line":249,"column":47},"end":{"line":273,"column":null}},"line":249},"23":{"name":"(anonymous_23)","decl":{"start":{"line":251,"column":40},"end":{"line":251,"column":41}},"loc":{"start":{"line":251,"column":47},"end":{"line":251,"column":58}},"line":251},"24":{"name":"(anonymous_24)","decl":{"start":{"line":263,"column":31},"end":{"line":263,"column":32}},"loc":{"start":{"line":264,"column":8},"end":{"line":264,"column":null}},"line":264},"25":{"name":"(anonymous_25)","decl":{"start":{"line":264,"column":17},"end":{"line":264,"column":18}},"loc":{"start":{"line":264,"column":25},"end":{"line":264,"column":67}},"line":264},"26":{"name":"(anonymous_26)","decl":{"start":{"line":275,"column":25},"end":{"line":275,"column":26}},"loc":{"start":{"line":275,"column":53},"end":{"line":279,"column":null}},"line":275},"27":{"name":"(anonymous_27)","decl":{"start":{"line":281,"column":30},"end":{"line":281,"column":36}},"loc":{"start":{"line":281,"column":36},"end":{"line":285,"column":null}},"line":281},"28":{"name":"(anonymous_28)","decl":{"start":{"line":282,"column":45},"end":{"line":282,"column":46}},"loc":{"start":{"line":282,"column":52},"end":{"line":282,"column":58}},"line":282},"29":{"name":"(anonymous_29)","decl":{"start":{"line":287,"column":24},"end":{"line":287,"column":31}},"loc":{"start":{"line":287,"column":48},"end":{"line":320,"column":null}},"line":287},"30":{"name":"(anonymous_30)","decl":{"start":{"line":312,"column":21},"end":{"line":312,"column":22}},"loc":{"start":{"line":312,"column":31},"end":{"line":312,"column":49}},"line":312},"31":{"name":"(anonymous_31)","decl":{"start":{"line":313,"column":24},"end":{"line":313,"column":25}},"loc":{"start":{"line":313,"column":34},"end":{"line":313,"column":52}},"line":313},"32":{"name":"(anonymous_32)","decl":{"start":{"line":314,"column":21},"end":{"line":314,"column":22}},"loc":{"start":{"line":314,"column":31},"end":{"line":314,"column":61}},"line":314},"33":{"name":"(anonymous_33)","decl":{"start":{"line":314,"column":43},"end":{"line":314,"column":44}},"loc":{"start":{"line":314,"column":50},"end":{"line":314,"column":60}},"line":314},"34":{"name":"(anonymous_34)","decl":{"start":{"line":364,"column":28},"end":{"line":364,"column":29}},"loc":{"start":{"line":364,"column":35},"end":{"line":367,"column":null}},"line":364},"35":{"name":"(anonymous_35)","decl":{"start":{"line":368,"column":27},"end":{"line":368,"column":33}},"loc":{"start":{"line":368,"column":33},"end":{"line":368,"column":null}},"line":368},"36":{"name":"(anonymous_36)","decl":{"start":{"line":372,"column":27},"end":{"line":372,"column":33}},"loc":{"start":{"line":372,"column":33},"end":{"line":372,"column":null}},"line":372},"37":{"name":"(anonymous_37)","decl":{"start":{"line":383,"column":47},"end":{"line":383,"column":48}},"loc":{"start":{"line":383,"column":63},"end":{"line":410,"column":19}},"line":383},"38":{"name":"(anonymous_38)","decl":{"start":{"line":391,"column":33},"end":{"line":391,"column":39}},"loc":{"start":{"line":391,"column":39},"end":{"line":391,"column":null}},"line":391},"39":{"name":"(anonymous_39)","decl":{"start":{"line":414,"column":20},"end":{"line":414,"column":21}},"loc":{"start":{"line":414,"column":27},"end":{"line":414,"column":null}},"line":414},"40":{"name":"(anonymous_40)","decl":{"start":{"line":418,"column":31},"end":{"line":418,"column":37}},"loc":{"start":{"line":418,"column":37},"end":{"line":418,"column":null}},"line":418},"41":{"name":"(anonymous_41)","decl":{"start":{"line":442,"column":35},"end":{"line":442,"column":36}},"loc":{"start":{"line":443,"column":20},"end":{"line":450,"column":null}},"line":443},"42":{"name":"(anonymous_42)","decl":{"start":{"line":445,"column":31},"end":{"line":445,"column":37}},"loc":{"start":{"line":445,"column":37},"end":{"line":445,"column":null}},"line":445},"43":{"name":"(anonymous_43)","decl":{"start":{"line":466,"column":34},"end":{"line":466,"column":35}},"loc":{"start":{"line":467,"column":16},"end":{"line":485,"column":null}},"line":467},"44":{"name":"(anonymous_44)","decl":{"start":{"line":480,"column":31},"end":{"line":480,"column":37}},"loc":{"start":{"line":480,"column":37},"end":{"line":480,"column":null}},"line":480}},"branchMap":{"0":{"loc":{"start":{"line":27,"column":2},"end":{"line":27,"column":null}},"type":"default-arg","locations":[{"start":{"line":27,"column":12},"end":{"line":27,"column":null}}],"line":27},"1":{"loc":{"start":{"line":45,"column":8},"end":{"line":45,"column":null}},"type":"if","locations":[{"start":{"line":45,"column":8},"end":{"line":45,"column":null}},{"start":{},"end":{}}],"line":45},"2":{"loc":{"start":{"line":47,"column":8},"end":{"line":87,"column":null}},"type":"if","locations":[{"start":{"line":47,"column":8},"end":{"line":87,"column":null}},{"start":{"line":60,"column":15},"end":{"line":87,"column":null}}],"line":47},"3":{"loc":{"start":{"line":47,"column":12},"end":{"line":47,"column":37}},"type":"binary-expr","locations":[{"start":{"line":47,"column":12},"end":{"line":47,"column":20}},{"start":{"line":47,"column":20},"end":{"line":47,"column":37}}],"line":47},"4":{"loc":{"start":{"line":52,"column":24},"end":{"line":52,"column":null}},"type":"binary-expr","locations":[{"start":{"line":52,"column":24},"end":{"line":52,"column":42}},{"start":{"line":52,"column":42},"end":{"line":52,"column":null}}],"line":52},"5":{"loc":{"start":{"line":53,"column":26},"end":{"line":53,"column":null}},"type":"binary-expr","locations":[{"start":{"line":53,"column":26},"end":{"line":53,"column":46}},{"start":{"line":53,"column":46},"end":{"line":53,"column":null}}],"line":53},"6":{"loc":{"start":{"line":54,"column":23},"end":{"line":54,"column":null}},"type":"binary-expr","locations":[{"start":{"line":54,"column":23},"end":{"line":54,"column":39}},{"start":{"line":54,"column":39},"end":{"line":54,"column":null}}],"line":54},"7":{"loc":{"start":{"line":56,"column":19},"end":{"line":56,"column":null}},"type":"binary-expr","locations":[{"start":{"line":56,"column":19},"end":{"line":56,"column":30}},{"start":{"line":56,"column":21},"end":{"line":56,"column":null}}],"line":56},"8":{"loc":{"start":{"line":105,"column":4},"end":{"line":107,"column":null}},"type":"if","locations":[{"start":{"line":105,"column":4},"end":{"line":107,"column":null}},{"start":{},"end":{}}],"line":105},"9":{"loc":{"start":{"line":116,"column":6},"end":{"line":118,"column":null}},"type":"if","locations":[{"start":{"line":116,"column":6},"end":{"line":118,"column":null}},{"start":{},"end":{}}],"line":116},"10":{"loc":{"start":{"line":131,"column":4},"end":{"line":131,"column":null}},"type":"if","locations":[{"start":{"line":131,"column":4},"end":{"line":131,"column":null}},{"start":{},"end":{}}],"line":131},"11":{"loc":{"start":{"line":142,"column":4},"end":{"line":142,"column":null}},"type":"if","locations":[{"start":{"line":142,"column":4},"end":{"line":142,"column":null}},{"start":{},"end":{}}],"line":142},"12":{"loc":{"start":{"line":143,"column":4},"end":{"line":143,"column":null}},"type":"if","locations":[{"start":{"line":143,"column":4},"end":{"line":143,"column":null}},{"start":{},"end":{}}],"line":143},"13":{"loc":{"start":{"line":144,"column":4},"end":{"line":144,"column":null}},"type":"if","locations":[{"start":{"line":144,"column":4},"end":{"line":144,"column":null}},{"start":{},"end":{}}],"line":144},"14":{"loc":{"start":{"line":150,"column":4},"end":{"line":150,"column":null}},"type":"if","locations":[{"start":{"line":150,"column":4},"end":{"line":150,"column":null}},{"start":{},"end":{}}],"line":150},"15":{"loc":{"start":{"line":159,"column":24},"end":{"line":159,"column":null}},"type":"binary-expr","locations":[{"start":{"line":159,"column":24},"end":{"line":159,"column":49}},{"start":{"line":159,"column":49},"end":{"line":159,"column":null}}],"line":159},"16":{"loc":{"start":{"line":161,"column":4},"end":{"line":161,"column":null}},"type":"if","locations":[{"start":{"line":161,"column":4},"end":{"line":161,"column":null}},{"start":{},"end":{}}],"line":161},"17":{"loc":{"start":{"line":166,"column":4},"end":{"line":192,"column":null}},"type":"if","locations":[{"start":{"line":166,"column":4},"end":{"line":192,"column":null}},{"start":{},"end":{}}],"line":166},"18":{"loc":{"start":{"line":166,"column":8},"end":{"line":166,"column":73}},"type":"binary-expr","locations":[{"start":{"line":166,"column":8},"end":{"line":166,"column":47}},{"start":{"line":166,"column":47},"end":{"line":166,"column":73}}],"line":166},"19":{"loc":{"start":{"line":174,"column":8},"end":{"line":174,"column":null}},"type":"if","locations":[{"start":{"line":174,"column":8},"end":{"line":174,"column":null}},{"start":{},"end":{}}],"line":174},"20":{"loc":{"start":{"line":179,"column":12},"end":{"line":179,"column":null}},"type":"cond-expr","locations":[{"start":{"line":179,"column":42},"end":{"line":179,"column":67}},{"start":{"line":179,"column":67},"end":{"line":179,"column":null}}],"line":179},"21":{"loc":{"start":{"line":199,"column":4},"end":{"line":202,"column":null}},"type":"if","locations":[{"start":{"line":199,"column":4},"end":{"line":202,"column":null}},{"start":{},"end":{}}],"line":199},"22":{"loc":{"start":{"line":209,"column":4},"end":{"line":213,"column":null}},"type":"if","locations":[{"start":{"line":209,"column":4},"end":{"line":213,"column":null}},{"start":{},"end":{}}],"line":209},"23":{"loc":{"start":{"line":236,"column":6},"end":{"line":236,"column":null}},"type":"if","locations":[{"start":{"line":236,"column":6},"end":{"line":236,"column":null}},{"start":{},"end":{}}],"line":236},"24":{"loc":{"start":{"line":260,"column":6},"end":{"line":260,"column":null}},"type":"if","locations":[{"start":{"line":260,"column":6},"end":{"line":260,"column":null}},{"start":{},"end":{}}],"line":260},"25":{"loc":{"start":{"line":264,"column":25},"end":{"line":264,"column":67}},"type":"cond-expr","locations":[{"start":{"line":264,"column":39},"end":{"line":264,"column":65}},{"start":{"line":264,"column":65},"end":{"line":264,"column":67}}],"line":264},"26":{"loc":{"start":{"line":276,"column":4},"end":{"line":278,"column":null}},"type":"if","locations":[{"start":{"line":276,"column":4},"end":{"line":278,"column":null}},{"start":{},"end":{}}],"line":276},"27":{"loc":{"start":{"line":310,"column":6},"end":{"line":310,"column":null}},"type":"if","locations":[{"start":{"line":310,"column":6},"end":{"line":310,"column":null}},{"start":{},"end":{}}],"line":310},"28":{"loc":{"start":{"line":327,"column":2},"end":{"line":335,"column":null}},"type":"if","locations":[{"start":{"line":327,"column":2},"end":{"line":335,"column":null}},{"start":{},"end":{}}],"line":327},"29":{"loc":{"start":{"line":346,"column":29},"end":{"line":346,"column":null}},"type":"cond-expr","locations":[{"start":{"line":346,"column":81},"end":{"line":346,"column":108}},{"start":{"line":346,"column":108},"end":{"line":346,"column":null}}],"line":346},"30":{"loc":{"start":{"line":347,"column":15},"end":{"line":349,"column":null}},"type":"cond-expr","locations":[{"start":{"line":348,"column":18},"end":{"line":348,"column":null}},{"start":{"line":349,"column":18},"end":{"line":349,"column":null}}],"line":347},"31":{"loc":{"start":{"line":357,"column":9},"end":{"line":455,"column":null}},"type":"binary-expr","locations":[{"start":{"line":357,"column":9},"end":{"line":357,"column":20}},{"start":{"line":357,"column":20},"end":{"line":357,"column":null}},{"start":{"line":358,"column":10},"end":{"line":455,"column":null}}],"line":357},"32":{"loc":{"start":{"line":381,"column":15},"end":{"line":424,"column":null}},"type":"binary-expr","locations":[{"start":{"line":381,"column":15},"end":{"line":381,"column":35}},{"start":{"line":381,"column":35},"end":{"line":381,"column":null}},{"start":{"line":382,"column":16},"end":{"line":424,"column":null}}],"line":381},"33":{"loc":{"start":{"line":389,"column":26},"end":{"line":389,"column":null}},"type":"cond-expr","locations":[{"start":{"line":389,"column":37},"end":{"line":389,"column":55}},{"start":{"line":389,"column":55},"end":{"line":389,"column":null}}],"line":389},"34":{"loc":{"start":{"line":391,"column":39},"end":{"line":391,"column":null}},"type":"binary-expr","locations":[{"start":{"line":391,"column":39},"end":{"line":391,"column":52}},{"start":{"line":391,"column":52},"end":{"line":391,"column":null}}],"line":391},"35":{"loc":{"start":{"line":396,"column":27},"end":{"line":405,"column":null}},"type":"cond-expr","locations":[{"start":{"line":397,"column":28},"end":{"line":399,"column":null}},{"start":{"line":400,"column":30},"end":{"line":405,"column":null}}],"line":396},"36":{"loc":{"start":{"line":400,"column":30},"end":{"line":405,"column":null}},"type":"cond-expr","locations":[{"start":{"line":401,"column":28},"end":{"line":403,"column":null}},{"start":{"line":405,"column":28},"end":{"line":405,"column":null}}],"line":400},"37":{"loc":{"start":{"line":413,"column":19},"end":{"line":422,"column":null}},"type":"binary-expr","locations":[{"start":{"line":413,"column":19},"end":{"line":415,"column":null}},{"start":{"line":416,"column":20},"end":{"line":422,"column":null}}],"line":413},"38":{"loc":{"start":{"line":440,"column":15},"end":{"line":452,"column":null}},"type":"binary-expr","locations":[{"start":{"line":440,"column":15},"end":{"line":440,"column":null}},{"start":{"line":441,"column":16},"end":{"line":452,"column":null}}],"line":440},"39":{"loc":{"start":{"line":461,"column":13},"end":{"line":486,"column":null}},"type":"cond-expr","locations":[{"start":{"line":462,"column":14},"end":{"line":464,"column":null}},{"start":{"line":466,"column":14},"end":{"line":486,"column":null}}],"line":461},"40":{"loc":{"start":{"line":475,"column":19},"end":{"line":483,"column":null}},"type":"binary-expr","locations":[{"start":{"line":475,"column":19},"end":{"line":475,"column":null}},{"start":{"line":476,"column":20},"end":{"line":483,"column":null}}],"line":475}},"s":{"0":1,"1":160,"2":160,"3":160,"4":160,"5":160,"6":160,"7":160,"8":53,"9":52,"10":52,"11":52,"12":1,"13":51,"14":37,"15":72,"16":37,"17":37,"18":14,"19":168,"20":14,"21":14,"22":14,"23":168,"24":1,"25":1,"26":12,"27":1,"28":1,"29":52,"30":53,"31":52,"32":160,"33":53,"34":3,"35":3,"36":2,"37":53,"38":53,"39":53,"40":160,"41":292,"42":160,"43":160,"44":160,"45":138,"46":22,"47":72,"48":160,"49":160,"50":129,"51":104,"52":25,"53":25,"54":16,"55":16,"56":2,"57":160,"58":129,"59":104,"60":25,"61":160,"62":14,"63":14,"64":2,"65":12,"66":5,"67":5,"68":5,"69":1,"70":4,"71":4,"72":6,"73":4,"74":4,"75":4,"76":4,"77":4,"78":1,"79":1,"80":5,"81":7,"82":4,"83":7,"84":1,"85":1,"86":6,"87":28,"88":6,"89":1,"90":1,"91":5,"92":5,"93":5,"94":5,"95":5,"96":1,"97":4,"98":1,"99":4,"100":4,"101":4,"102":4,"103":4,"104":1,"105":1,"106":160,"107":4,"108":5,"109":4,"110":4,"111":4,"112":1,"113":3,"114":3,"115":5,"116":3,"117":3,"118":3,"119":1,"120":1,"121":160,"122":6,"123":5,"124":160,"125":4,"126":48,"127":4,"128":4,"129":160,"130":3,"131":3,"132":3,"133":3,"134":3,"135":1,"136":2,"137":1,"138":2,"139":2,"140":2,"141":2,"142":8,"143":2,"144":1,"145":1,"146":160,"147":160,"148":53,"149":107,"150":23,"151":23,"152":14,"153":2,"154":15,"155":15,"156":4,"157":15,"158":2,"159":22,"160":3,"161":129,"162":4},"f":{"0":160,"1":53,"2":52,"3":72,"4":168,"5":168,"6":12,"7":53,"8":3,"9":53,"10":292,"11":160,"12":72,"13":129,"14":129,"15":14,"16":4,"17":6,"18":4,"19":28,"20":1,"21":4,"22":4,"23":5,"24":3,"25":5,"26":6,"27":4,"28":48,"29":3,"30":1,"31":2,"32":2,"33":8,"34":23,"35":14,"36":2,"37":15,"38":4,"39":15,"40":2,"41":22,"42":3,"43":129,"44":4},"b":{"0":[160],"1":[1,51],"2":[37,14],"3":[51,51],"4":[72,71],"5":[72,71],"6":[72,71],"7":[72,72],"8":[52,1],"9":[2,1],"10":[138,22],"11":[104,25],"12":[9,16],"13":[14,2],"14":[104,25],"15":[14,9],"16":[2,12],"17":[5,7],"18":[12,5],"19":[1,4],"20":[4,2],"21":[1,6],"22":[1,5],"23":[1,4],"24":[1,3],"25":[3,2],"26":[5,1],"27":[1,2],"28":[53,107],"29":[3,104],"30":[3,104],"31":[160,105,102],"32":[102,37,21],"33":[4,11],"34":[4,4],"35":[4,11],"36":[10,1],"37":[21,18],"38":[102,6],"39":[49,58],"40":[129,125]},"meta":{"lastBranch":41,"lastFunction":45,"lastStatement":163,"seen":{"s:23:23:493:Infinity":0,"f:23:23:23:24":0,"b:27:12:27:Infinity":0,"s:29:40:29:Infinity":1,"s:30:32:30:Infinity":2,"s:31:36:31:Infinity":3,"s:32:46:32:Infinity":4,"s:33:42:33:Infinity":5,"s:34:8:34:Infinity":6,"s:37:2:108:Infinity":7,"f:37:12:37:18":1,"s:38:28:103:Infinity":8,"f:38:28:38:40":2,"s:39:6:102:Infinity":9,"s:40:32:43:Infinity":10,"b:45:8:45:Infinity:undefined:undefined:undefined:undefined":1,"s:45:8:45:Infinity":11,"s:45:19:45:Infinity":12,"b:47:8:87:Infinity:60:15:87:Infinity":2,"s:47:8:87:Infinity":13,"b:47:12:47:20:47:20:47:37":3,"s:48:36:57:Infinity":14,"f:48:45:48:46":3,"s:48:53:57:12":15,"b:52:24:52:42:52:42:52:Infinity":4,"b:53:26:53:46:53:46:53:Infinity":5,"b:54:23:54:39:54:39:54:Infinity":6,"b:56:19:56:30:56:21:56:Infinity":7,"s:58:10:58:Infinity":16,"s:59:10:59:Infinity":17,"s:62:51:70:Infinity":18,"f:63:12:63:13":4,"s:63:23:69:Infinity":19,"s:71:10:71:Infinity":20,"s:72:10:72:Infinity":21,"s:75:10:86:Infinity":22,"f:76:35:76:36":5,"s:77:14:84:Infinity":23,"s:89:8:89:Infinity":24,"s:91:36:97:Infinity":25,"f:91:60:91:61":6,"s:91:71:97:10":26,"s:98:8:98:Infinity":27,"s:99:8:99:Infinity":28,"s:101:8:101:Infinity":29,"b:105:4:107:Infinity:undefined:undefined:undefined:undefined":8,"s:105:4:107:Infinity":30,"s:106:6:106:Infinity":31,"s:111:2:123:Infinity":32,"f:111:12:111:18":7,"s:112:31:119:Infinity":33,"f:112:31:112:32":8,"s:115:24:115:Infinity":34,"b:116:6:118:Infinity:undefined:undefined:undefined:undefined":9,"s:116:6:118:Infinity":35,"s:117:8:117:Infinity":36,"s:121:4:121:Infinity":37,"s:122:4:122:Infinity":38,"f:122:11:122:17":9,"s:122:17:122:Infinity":39,"s:126:26:126:Infinity":40,"f:126:45:126:46":10,"s:126:52:126:60":41,"s:127:17:127:Infinity":42,"s:130:37:136:Infinity":43,"f:130:37:130:43":11,"b:131:4:131:Infinity:undefined:undefined:undefined:undefined":10,"s:131:4:131:Infinity":44,"s:131:31:131:Infinity":45,"s:133:4:135:Infinity":46,"f:133:33:133:34":12,"s:134:6:134:Infinity":47,"s:138:34:138:Infinity":48,"s:141:24:146:Infinity":49,"f:141:24:141:25":13,"b:142:4:142:Infinity:undefined:undefined:undefined:undefined":11,"s:142:4:142:Infinity":50,"s:142:25:142:Infinity":51,"b:143:4:143:Infinity:undefined:undefined:undefined:undefined":12,"s:143:4:143:Infinity":52,"s:143:25:143:Infinity":53,"b:144:4:144:Infinity:undefined:undefined:undefined:undefined":13,"s:144:4:144:Infinity":54,"s:144:25:144:Infinity":55,"s:145:4:145:Infinity":56,"s:149:24:156:Infinity":57,"f:149:24:149:25":14,"b:150:4:150:Infinity:undefined:undefined:undefined:undefined":14,"s:150:4:150:Infinity":58,"s:150:25:150:Infinity":59,"s:151:4:154:Infinity":60,"s:158:24:247:Infinity":61,"f:158:24:158:31":15,"s:159:24:159:Infinity":62,"b:159:24:159:49:159:49:159:Infinity":15,"b:161:4:161:Infinity:undefined:undefined:undefined:undefined":16,"s:161:4:161:Infinity":63,"s:161:22:161:Infinity":64,"b:166:4:192:Infinity:undefined:undefined:undefined:undefined":17,"s:166:4:192:Infinity":65,"b:166:8:166:47:166:47:166:73":18,"s:168:6:190:Infinity":66,"s:169:26:172:Infinity":67,"b:174:8:174:Infinity:undefined:undefined:undefined:undefined":19,"s:174:8:174:Infinity":68,"s:174:19:174:Infinity":69,"s:177:33:180:Infinity":70,"f:177:33:177:34":16,"s:178:10:180:Infinity":71,"f:178:19:178:20":17,"s:179:12:179:Infinity":72,"b:179:42:179:67:179:67:179:Infinity":20,"s:182:8:182:Infinity":73,"s:183:8:183:Infinity":74,"s:184:8:184:Infinity":75,"s:185:8:185:Infinity":76,"s:186:8:186:Infinity":77,"s:188:8:188:Infinity":78,"s:189:8:189:Infinity":79,"s:191:6:191:Infinity":80,"s:195:25:197:Infinity":81,"f:196:6:196:7":18,"s:196:13:196:Infinity":82,"b:199:4:202:Infinity:undefined:undefined:undefined:undefined":21,"s:199:4:202:Infinity":83,"s:200:6:200:Infinity":84,"s:201:6:201:Infinity":85,"s:205:31:207:Infinity":86,"f:206:6:206:7":19,"s:206:13:206:Infinity":87,"b:209:4:213:Infinity:undefined:undefined:undefined:undefined":22,"s:209:4:213:Infinity":88,"s:211:6:211:Infinity":89,"s:212:6:212:Infinity":90,"s:216:10:216:Infinity":91,"s:217:32:224:Infinity":92,"s:226:4:246:Infinity":93,"s:227:24:234:Infinity":94,"b:236:6:236:Infinity:undefined:undefined:undefined:undefined":23,"s:236:6:236:Infinity":95,"s:236:17:236:Infinity":96,"s:238:6:238:Infinity":97,"f:238:21:238:22":20,"s:238:31:238:49":98,"s:239:6:239:Infinity":99,"f:239:24:239:25":21,"s:239:34:239:52":100,"s:240:6:240:Infinity":101,"s:241:6:241:Infinity":102,"s:242:6:242:Infinity":103,"s:244:6:244:Infinity":104,"s:245:6:245:Infinity":105,"s:249:25:273:Infinity":106,"f:249:25:249:32":22,"s:251:23:251:Infinity":107,"f:251:40:251:41":23,"s:251:47:251:58":108,"s:253:4:272:Infinity":109,"s:255:24:258:Infinity":110,"b:260:6:260:Infinity:undefined:undefined:undefined:undefined":24,"s:260:6:260:Infinity":111,"s:260:17:260:Infinity":112,"s:263:31:264:Infinity":113,"f:263:31:263:32":24,"s:264:8:264:Infinity":114,"f:264:17:264:18":25,"s:264:25:264:67":115,"b:264:39:264:65:264:65:264:67":25,"s:266:6:266:Infinity":116,"s:267:6:267:Infinity":117,"s:268:6:268:Infinity":118,"s:270:6:270:Infinity":119,"s:271:6:271:Infinity":120,"s:275:25:279:Infinity":121,"f:275:25:275:26":26,"b:276:4:278:Infinity:undefined:undefined:undefined:undefined":26,"s:276:4:278:Infinity":122,"s:277:6:277:Infinity":123,"s:281:30:285:Infinity":124,"f:281:30:281:36":27,"s:282:26:282:Infinity":125,"f:282:45:282:46":28,"s:282:52:282:58":126,"s:283:10:283:Infinity":127,"s:284:4:284:Infinity":128,"s:287:24:320:Infinity":129,"f:287:24:287:31":29,"s:290:10:290:Infinity":130,"s:291:32:298:Infinity":131,"s:300:4:319:Infinity":132,"s:301:24:308:Infinity":133,"b:310:6:310:Infinity:undefined:undefined:undefined:undefined":27,"s:310:6:310:Infinity":134,"s:310:17:310:Infinity":135,"s:312:6:312:Infinity":136,"f:312:21:312:22":30,"s:312:31:312:49":137,"s:313:6:313:Infinity":138,"f:313:24:313:25":31,"s:313:34:313:52":139,"s:314:6:314:Infinity":140,"f:314:21:314:22":32,"s:314:31:314:61":141,"f:314:43:314:44":33,"s:314:50:314:60":142,"s:315:6:315:Infinity":143,"s:317:6:317:Infinity":144,"s:318:6:318:Infinity":145,"s:322:19:325:Infinity":146,"b:327:2:335:Infinity:undefined:undefined:undefined:undefined":28,"s:327:2:335:Infinity":147,"s:328:4:333:Infinity":148,"s:337:2:491:Infinity":149,"b:346:81:346:108:346:108:346:Infinity":29,"b:348:18:348:Infinity:349:18:349:Infinity":30,"b:357:9:357:20:357:20:357:Infinity:358:10:455:Infinity":31,"f:364:28:364:29":34,"s:365:20:365:Infinity":150,"s:366:20:366:Infinity":151,"f:368:27:368:33":35,"s:368:33:368:Infinity":152,"f:372:27:372:33":36,"s:372:33:372:Infinity":153,"b:381:15:381:35:381:35:381:Infinity:382:16:424:Infinity":32,"f:383:47:383:48":37,"s:384:37:384:Infinity":154,"s:385:20:408:Infinity":155,"b:389:37:389:55:389:55:389:Infinity":33,"f:391:33:391:39":38,"s:391:39:391:Infinity":156,"b:391:39:391:52:391:52:391:Infinity":34,"b:397:28:399:Infinity:400:30:405:Infinity":35,"b:401:28:403:Infinity:405:28:405:Infinity":36,"b:413:19:415:Infinity:416:20:422:Infinity":37,"f:414:20:414:21":39,"s:414:27:414:Infinity":157,"f:418:31:418:37":40,"s:418:37:418:Infinity":158,"b:440:15:440:Infinity:441:16:452:Infinity":38,"f:442:35:442:36":41,"s:443:20:450:Infinity":159,"f:445:31:445:37":42,"s:445:37:445:Infinity":160,"b:462:14:464:Infinity:466:14:486:Infinity":39,"f:466:34:466:35":43,"s:467:16:485:Infinity":161,"b:475:19:475:Infinity:476:20:483:Infinity":40,"f:480:31:480:37":44,"s:480:37:480:Infinity":162}}}
,"/Users/sarahglickman/Documents/Daniel/repositories/recipe-club/src/components/recipes/PhotoUpload.tsx": {"path":"/Users/sarahglickman/Documents/Daniel/repositories/recipe-club/src/components/recipes/PhotoUpload.tsx","statementMap":{"0":{"start":{"line":14,"column":20},"end":{"line":190,"column":null}},"1":{"start":{"line":19,"column":36},"end":{"line":19,"column":null}},"2":{"start":{"line":20,"column":8},"end":{"line":20,"column":null}},"3":{"start":{"line":22,"column":27},"end":{"line":78,"column":null}},"4":{"start":{"line":23,"column":18},"end":{"line":23,"column":null}},"5":{"start":{"line":24,"column":4},"end":{"line":24,"column":null}},"6":{"start":{"line":24,"column":38},"end":{"line":24,"column":null}},"7":{"start":{"line":26,"column":4},"end":{"line":29,"column":null}},"8":{"start":{"line":27,"column":6},"end":{"line":27,"column":null}},"9":{"start":{"line":28,"column":6},"end":{"line":28,"column":null}},"10":{"start":{"line":31,"column":4},"end":{"line":31,"column":null}},"11":{"start":{"line":33,"column":4},"end":{"line":77,"column":null}},"12":{"start":{"line":34,"column":29},"end":{"line":62,"column":null}},"13":{"start":{"line":36,"column":24},"end":{"line":36,"column":null}},"14":{"start":{"line":37,"column":22},"end":{"line":37,"column":null}},"15":{"start":{"line":38,"column":8},"end":{"line":40,"column":null}},"16":{"start":{"line":39,"column":10},"end":{"line":39,"column":null}},"17":{"start":{"line":43,"column":8},"end":{"line":45,"column":null}},"18":{"start":{"line":44,"column":10},"end":{"line":44,"column":null}},"19":{"start":{"line":47,"column":24},"end":{"line":47,"column":null}},"20":{"start":{"line":48,"column":25},"end":{"line":48,"column":null}},"21":{"start":{"line":49,"column":25},"end":{"line":49,"column":null}},"22":{"start":{"line":51,"column":39},"end":{"line":53,"column":null}},"23":{"start":{"line":55,"column":8},"end":{"line":55,"column":null}},"24":{"start":{"line":55,"column":25},"end":{"line":55,"column":null}},"25":{"start":{"line":59,"column":12},"end":{"line":59,"column":null}},"26":{"start":{"line":61,"column":8},"end":{"line":61,"column":null}},"27":{"start":{"line":64,"column":27},"end":{"line":64,"column":null}},"28":{"start":{"line":65,"column":6},"end":{"line":65,"column":null}},"29":{"start":{"line":66,"column":6},"end":{"line":66,"column":null}},"30":{"start":{"line":68,"column":6},"end":{"line":68,"column":null}},"31":{"start":{"line":69,"column":6},"end":{"line":71,"column":null}},"32":{"start":{"line":73,"column":6},"end":{"line":73,"column":null}},"33":{"start":{"line":74,"column":6},"end":{"line":76,"column":null}},"34":{"start":{"line":75,"column":8},"end":{"line":75,"column":null}},"35":{"start":{"line":80,"column":22},"end":{"line":101,"column":null}},"36":{"start":{"line":81,"column":4},"end":{"line":100,"column":null}},"37":{"start":{"line":83,"column":23},"end":{"line":83,"column":null}},"38":{"start":{"line":84,"column":23},"end":{"line":84,"column":null}},"39":{"start":{"line":85,"column":23},"end":{"line":85,"column":null}},"40":{"start":{"line":87,"column":24},"end":{"line":89,"column":null}},"41":{"start":{"line":91,"column":6},"end":{"line":93,"column":null}},"42":{"start":{"line":92,"column":8},"end":{"line":92,"column":null}},"43":{"start":{"line":95,"column":6},"end":{"line":95,"column":null}},"44":{"start":{"line":95,"column":42},"end":{"line":95,"column":56}},"45":{"start":{"line":96,"column":6},"end":{"line":96,"column":null}},"46":{"start":{"line":98,"column":6},"end":{"line":98,"column":null}},"47":{"start":{"line":99,"column":6},"end":{"line":99,"column":null}},"48":{"start":{"line":103,"column":2},"end":{"line":188,"column":null}},"49":{"start":{"line":114,"column":27},"end":{"line":114,"column":null}},"50":{"start":{"line":143,"column":25},"end":{"line":143,"column":null}},"51":{"start":{"line":156,"column":26},"end":{"line":156,"column":null}},"52":{"start":{"line":157,"column":12},"end":{"line":183,"column":null}},"53":{"start":{"line":178,"column":33},"end":{"line":178,"column":null}}},"fnMap":{"0":{"name":"(anonymous_0)","decl":{"start":{"line":14,"column":20},"end":{"line":14,"column":21}},"loc":{"start":{"line":18,"column":24},"end":{"line":190,"column":null}},"line":18},"1":{"name":"(anonymous_1)","decl":{"start":{"line":22,"column":27},"end":{"line":22,"column":34}},"loc":{"start":{"line":22,"column":77},"end":{"line":78,"column":null}},"line":22},"2":{"name":"(anonymous_2)","decl":{"start":{"line":34,"column":51},"end":{"line":34,"column":58}},"loc":{"start":{"line":34,"column":67},"end":{"line":62,"column":7}},"line":34},"3":{"name":"(anonymous_3)","decl":{"start":{"line":80,"column":22},"end":{"line":80,"column":29}},"loc":{"start":{"line":80,"column":50},"end":{"line":101,"column":null}},"line":80},"4":{"name":"(anonymous_4)","decl":{"start":{"line":95,"column":35},"end":{"line":95,"column":36}},"loc":{"start":{"line":95,"column":42},"end":{"line":95,"column":56}},"line":95},"5":{"name":"(anonymous_5)","decl":{"start":{"line":114,"column":21},"end":{"line":114,"column":27}},"loc":{"start":{"line":114,"column":27},"end":{"line":114,"column":null}},"line":114},"6":{"name":"(anonymous_6)","decl":{"start":{"line":143,"column":19},"end":{"line":143,"column":25}},"loc":{"start":{"line":143,"column":25},"end":{"line":143,"column":null}},"line":143},"7":{"name":"(anonymous_7)","decl":{"start":{"line":155,"column":22},"end":{"line":155,"column":23}},"loc":{"start":{"line":155,"column":40},"end":{"line":185,"column":11}},"line":155},"8":{"name":"(anonymous_8)","decl":{"start":{"line":178,"column":27},"end":{"line":178,"column":33}},"loc":{"start":{"line":178,"column":33},"end":{"line":178,"column":null}},"line":178}},"branchMap":{"0":{"loc":{"start":{"line":17,"column":2},"end":{"line":17,"column":null}},"type":"default-arg","locations":[{"start":{"line":17,"column":14},"end":{"line":17,"column":null}}],"line":17},"1":{"loc":{"start":{"line":24,"column":4},"end":{"line":24,"column":null}},"type":"if","locations":[{"start":{"line":24,"column":4},"end":{"line":24,"column":null}},{"start":{},"end":{}}],"line":24},"2":{"loc":{"start":{"line":24,"column":8},"end":{"line":24,"column":38}},"type":"binary-expr","locations":[{"start":{"line":24,"column":8},"end":{"line":24,"column":18}},{"start":{"line":24,"column":18},"end":{"line":24,"column":38}}],"line":24},"3":{"loc":{"start":{"line":26,"column":4},"end":{"line":29,"column":null}},"type":"if","locations":[{"start":{"line":26,"column":4},"end":{"line":29,"column":null}},{"start":{},"end":{}}],"line":26},"4":{"loc":{"start":{"line":38,"column":8},"end":{"line":40,"column":null}},"type":"if","locations":[{"start":{"line":38,"column":8},"end":{"line":40,"column":null}},{"start":{},"end":{}}],"line":38},"5":{"loc":{"start":{"line":38,"column":12},"end":{"line":38,"column":32}},"type":"binary-expr","locations":[{"start":{"line":38,"column":12},"end":{"line":38,"column":24}},{"start":{"line":38,"column":24},"end":{"line":38,"column":32}}],"line":38},"6":{"loc":{"start":{"line":43,"column":8},"end":{"line":45,"column":null}},"type":"if","locations":[{"start":{"line":43,"column":8},"end":{"line":45,"column":null}},{"start":{},"end":{}}],"line":43},"7":{"loc":{"start":{"line":55,"column":8},"end":{"line":55,"column":null}},"type":"if","locations":[{"start":{"line":55,"column":8},"end":{"line":55,"column":null}},{"start":{},"end":{}}],"line":55},"8":{"loc":{"start":{"line":70,"column":8},"end":{"line":70,"column":null}},"type":"cond-expr","locations":[{"start":{"line":70,"column":33},"end":{"line":70,"column":49}},{"start":{"line":70,"column":49},"end":{"line":70,"column":null}}],"line":70},"9":{"loc":{"start":{"line":74,"column":6},"end":{"line":76,"column":null}},"type":"if","locations":[{"start":{"line":74,"column":6},"end":{"line":76,"column":null}},{"start":{},"end":{}}],"line":74},"10":{"loc":{"start":{"line":91,"column":6},"end":{"line":93,"column":null}},"type":"if","locations":[{"start":{"line":91,"column":6},"end":{"line":93,"column":null}},{"start":{},"end":{}}],"line":91},"11":{"loc":{"start":{"line":109,"column":9},"end":{"line":128,"column":null}},"type":"binary-expr","locations":[{"start":{"line":109,"column":9},"end":{"line":109,"column":null}},{"start":{"line":110,"column":10},"end":{"line":128,"column":null}}],"line":109},"12":{"loc":{"start":{"line":117,"column":13},"end":{"line":126,"column":null}},"type":"cond-expr","locations":[{"start":{"line":118,"column":14},"end":{"line":121,"column":null}},{"start":{"line":123,"column":14},"end":{"line":126,"column":null}}],"line":117},"13":{"loc":{"start":{"line":140,"column":7},"end":{"line":186,"column":null}},"type":"cond-expr","locations":[{"start":{"line":141,"column":8},"end":{"line":152,"column":null}},{"start":{"line":154,"column":8},"end":{"line":186,"column":null}}],"line":140},"14":{"loc":{"start":{"line":159,"column":17},"end":{"line":174,"column":null}},"type":"cond-expr","locations":[{"start":{"line":160,"column":18},"end":{"line":168,"column":null}},{"start":{"line":170,"column":18},"end":{"line":174,"column":null}}],"line":159}},"s":{"0":1,"1":40,"2":40,"3":40,"4":11,"5":11,"6":1,"7":10,"8":1,"9":1,"10":9,"11":9,"12":9,"13":10,"14":10,"15":10,"16":1,"17":9,"18":1,"19":8,"20":8,"21":8,"22":8,"23":8,"24":1,"25":7,"26":7,"27":9,"28":6,"29":6,"30":3,"31":3,"32":9,"33":9,"34":8,"35":40,"36":3,"37":3,"38":3,"39":3,"40":3,"41":2,"42":1,"43":2,"44":2,"45":2,"46":1,"47":1,"48":40,"49":1,"50":1,"51":17,"52":17,"53":3},"f":{"0":40,"1":11,"2":10,"3":3,"4":2,"5":1,"6":1,"7":17,"8":3},"b":{"0":[40],"1":[1,10],"2":[11,11],"3":[1,9],"4":[1,9],"5":[10,2],"6":[1,8],"7":[1,7],"8":[2,1],"9":[8,1],"10":[1,1],"11":[40,39],"12":[9,30],"13":[32,8],"14":[1,16]},"meta":{"lastBranch":15,"lastFunction":9,"lastStatement":54,"seen":{"s:14:20:190:Infinity":0,"f:14:20:14:21":0,"b:17:14:17:Infinity":0,"s:19:36:19:Infinity":1,"s:20:8:20:Infinity":2,"s:22:27:78:Infinity":3,"f:22:27:22:34":1,"s:23:18:23:Infinity":4,"b:24:4:24:Infinity:undefined:undefined:undefined:undefined":1,"s:24:4:24:Infinity":5,"b:24:8:24:18:24:18:24:38":2,"s:24:38:24:Infinity":6,"b:26:4:29:Infinity:undefined:undefined:undefined:undefined":3,"s:26:4:29:Infinity":7,"s:27:6:27:Infinity":8,"s:28:6:28:Infinity":9,"s:31:4:31:Infinity":10,"s:33:4:77:Infinity":11,"s:34:29:62:Infinity":12,"f:34:51:34:58":2,"s:36:24:36:Infinity":13,"s:37:22:37:Infinity":14,"b:38:8:40:Infinity:undefined:undefined:undefined:undefined":4,"s:38:8:40:Infinity":15,"b:38:12:38:24:38:24:38:32":5,"s:39:10:39:Infinity":16,"b:43:8:45:Infinity:undefined:undefined:undefined:undefined":6,"s:43:8:45:Infinity":17,"s:44:10:44:Infinity":18,"s:47:24:47:Infinity":19,"s:48:25:48:Infinity":20,"s:49:25:49:Infinity":21,"s:51:39:53:Infinity":22,"b:55:8:55:Infinity:undefined:undefined:undefined:undefined":7,"s:55:8:55:Infinity":23,"s:55:25:55:Infinity":24,"s:59:12:59:Infinity":25,"s:61:8:61:Infinity":26,"s:64:27:64:Infinity":27,"s:65:6:65:Infinity":28,"s:66:6:66:Infinity":29,"s:68:6:68:Infinity":30,"s:69:6:71:Infinity":31,"b:70:33:70:49:70:49:70:Infinity":8,"s:73:6:73:Infinity":32,"b:74:6:76:Infinity:undefined:undefined:undefined:undefined":9,"s:74:6:76:Infinity":33,"s:75:8:75:Infinity":34,"s:80:22:101:Infinity":35,"f:80:22:80:29":3,"s:81:4:100:Infinity":36,"s:83:23:83:Infinity":37,"s:84:23:84:Infinity":38,"s:85:23:85:Infinity":39,"s:87:24:89:Infinity":40,"b:91:6:93:Infinity:undefined:undefined:undefined:undefined":10,"s:91:6:93:Infinity":41,"s:92:8:92:Infinity":42,"s:95:6:95:Infinity":43,"f:95:35:95:36":4,"s:95:42:95:56":44,"s:96:6:96:Infinity":45,"s:98:6:98:Infinity":46,"s:99:6:99:Infinity":47,"s:103:2:188:Infinity":48,"b:109:9:109:Infinity:110:10:128:Infinity":11,"f:114:21:114:27":5,"s:114:27:114:Infinity":49,"b:118:14:121:Infinity:123:14:126:Infinity":12,"b:141:8:152:Infinity:154:8:186:Infinity":13,"f:143:19:143:25":6,"s:143:25:143:Infinity":50,"f:155:22:155:23":7,"s:156:26:156:Infinity":51,"s:157:12:183:Infinity":52,"b:160:18:168:Infinity:170:18:174:Infinity":14,"f:178:27:178:33":8,"s:178:33:178:Infinity":53}}}
,"/Users/sarahglickman/Documents/Daniel/repositories/recipe-club/src/components/recipes/RecipeCard.tsx": {"path":"/Users/sarahglickman/Documents/Daniel/repositories/recipe-club/src/components/recipes/RecipeCard.tsx","statementMap":{"0":{"start":{"line":11,"column":20},"end":{"line":31,"column":null}},"1":{"start":{"line":12,"column":2},"end":{"line":30,"column":null}},"2":{"start":{"line":13,"column":4},"end":{"line":29,"column":null}},"3":{"start":{"line":15,"column":6},"end":{"line":15,"column":null}},"4":{"start":{"line":16,"column":4},"end":{"line":29,"column":null}},"5":{"start":{"line":18,"column":6},"end":{"line":24,"column":null}},"6":{"start":{"line":28,"column":6},"end":{"line":28,"column":null}},"7":{"start":{"line":44,"column":19},"end":{"line":238,"column":null}},"8":{"start":{"line":45,"column":34},"end":{"line":45,"column":null}},"9":{"start":{"line":47,"column":21},"end":{"line":47,"column":null}},"10":{"start":{"line":50,"column":18},"end":{"line":50,"column":null}},"11":{"start":{"line":51,"column":22},"end":{"line":51,"column":null}},"12":{"start":{"line":52,"column":21},"end":{"line":52,"column":null}},"13":{"start":{"line":54,"column":2},"end":{"line":236,"column":null}},"14":{"start":{"line":127,"column":18},"end":{"line":130,"column":null}},"15":{"start":{"line":143,"column":36},"end":{"line":143,"column":67}},"16":{"start":{"line":146,"column":47},"end":{"line":146,"column":78}},"17":{"start":{"line":170,"column":42},"end":{"line":170,"column":86}},"18":{"start":{"line":173,"column":37},"end":{"line":173,"column":81}},"19":{"start":{"line":175,"column":24},"end":{"line":208,"column":null}},"20":{"start":{"line":199,"column":32},"end":{"line":204,"column":null}},"21":{"start":{"line":219,"column":29},"end":{"line":219,"column":null}}},"fnMap":{"0":{"name":"(anonymous_0)","decl":{"start":{"line":11,"column":20},"end":{"line":11,"column":21}},"loc":{"start":{"line":11,"column":62},"end":{"line":31,"column":null}},"line":11},"1":{"name":"(anonymous_1)","decl":{"start":{"line":12,"column":29},"end":{"line":12,"column":30}},"loc":{"start":{"line":12,"column":39},"end":{"line":30,"column":3}},"line":12},"2":{"name":"(anonymous_2)","decl":{"start":{"line":44,"column":19},"end":{"line":44,"column":20}},"loc":{"start":{"line":44,"column":52},"end":{"line":238,"column":null}},"line":44},"3":{"name":"(anonymous_3)","decl":{"start":{"line":126,"column":56},"end":{"line":126,"column":57}},"loc":{"start":{"line":127,"column":18},"end":{"line":130,"column":null}},"line":127},"4":{"name":"(anonymous_4)","decl":{"start":{"line":143,"column":29},"end":{"line":143,"column":30}},"loc":{"start":{"line":143,"column":36},"end":{"line":143,"column":67}},"line":143},"5":{"name":"(anonymous_5)","decl":{"start":{"line":146,"column":35},"end":{"line":146,"column":36}},"loc":{"start":{"line":146,"column":47},"end":{"line":146,"column":78}},"line":146},"6":{"name":"(anonymous_6)","decl":{"start":{"line":170,"column":35},"end":{"line":170,"column":36}},"loc":{"start":{"line":170,"column":42},"end":{"line":170,"column":86}},"line":170},"7":{"name":"(anonymous_7)","decl":{"start":{"line":173,"column":30},"end":{"line":173,"column":31}},"loc":{"start":{"line":173,"column":37},"end":{"line":173,"column":81}},"line":173},"8":{"name":"(anonymous_8)","decl":{"start":{"line":174,"column":27},"end":{"line":174,"column":28}},"loc":{"start":{"line":175,"column":24},"end":{"line":208,"column":null}},"line":175},"9":{"name":"(anonymous_9)","decl":{"start":{"line":198,"column":47},"end":{"line":198,"column":48}},"loc":{"start":{"line":199,"column":32},"end":{"line":204,"column":null}},"line":199},"10":{"name":"(anonymous_10)","decl":{"start":{"line":219,"column":23},"end":{"line":219,"column":29}},"loc":{"start":{"line":219,"column":29},"end":{"line":219,"column":null}},"line":219}},"branchMap":{"0":{"loc":{"start":{"line":11,"column":37},"end":{"line":11,"column":62}},"type":"default-arg","locations":[{"start":{"line":11,"column":48},"end":{"line":11,"column":62}}],"line":11},"1":{"loc":{"start":{"line":13,"column":4},"end":{"line":29,"column":null}},"type":"if","locations":[{"start":{"line":13,"column":4},"end":{"line":29,"column":null}},{"start":{"line":16,"column":4},"end":{"line":29,"column":null}}],"line":13},"2":{"loc":{"start":{"line":16,"column":4},"end":{"line":29,"column":null}},"type":"if","locations":[{"start":{"line":16,"column":4},"end":{"line":29,"column":null}},{"start":{"line":26,"column":11},"end":{"line":29,"column":null}}],"line":16},"3":{"loc":{"start":{"line":47,"column":21},"end":{"line":47,"column":null}},"type":"binary-expr","locations":[{"start":{"line":47,"column":21},"end":{"line":47,"column":35}},{"start":{"line":47,"column":35},"end":{"line":47,"column":null}}],"line":47},"4":{"loc":{"start":{"line":50,"column":18},"end":{"line":50,"column":null}},"type":"cond-expr","locations":[{"start":{"line":50,"column":25},"end":{"line":50,"column":93}},{"start":{"line":50,"column":93},"end":{"line":50,"column":null}}],"line":50},"5":{"loc":{"start":{"line":51,"column":22},"end":{"line":51,"column":null}},"type":"cond-expr","locations":[{"start":{"line":51,"column":29},"end":{"line":51,"column":88}},{"start":{"line":51,"column":88},"end":{"line":51,"column":null}}],"line":51},"6":{"loc":{"start":{"line":52,"column":21},"end":{"line":52,"column":null}},"type":"cond-expr","locations":[{"start":{"line":52,"column":28},"end":{"line":52,"column":91}},{"start":{"line":52,"column":91},"end":{"line":52,"column":null}}],"line":52},"7":{"loc":{"start":{"line":58,"column":25},"end":{"line":58,"column":null}},"type":"binary-expr","locations":[{"start":{"line":58,"column":25},"end":{"line":58,"column":36}},{"start":{"line":58,"column":36},"end":{"line":58,"column":null
[...]
:337,"column":null}},"type":"if","locations":[{"start":{"line":335,"column":2},"end":{"line":337,"column":null}},{"start":{},"end":{}}],"line":335},"16":{"loc":{"start":{"line":354,"column":6},"end":{"line":354,"column":null}},"type":"if","locations":[{"start":{"line":354,"column":6},"end":{"line":354,"column":null}},{"start":{},"end":{}}],"line":354},"17":{"loc":{"start":{"line":356,"column":6},"end":{"line":359,"column":null}},"type":"if","locations":[{"start":{"line":356,"column":6},"end":{"line":359,"column":null}},{"start":{},"end":{}}],"line":356},"18":{"loc":{"start":{"line":370,"column":2},"end":{"line":386,"column":null}},"type":"if","locations":[{"start":{"line":370,"column":2},"end":{"line":386,"column":null}},{"start":{},"end":{}}],"line":370},"19":{"loc":{"start":{"line":370,"column":6},"end":{"line":370,"column":55}},"type":"binary-expr","locations":[{"start":{"line":370,"column":6},"end":{"line":370,"column":48}},{"start":{"line":370,"column":48},"end":{"line":370,"column":55}}],"line":370},"20":{"loc":{"start":{"line":378,"column":6},"end":{"line":384,"column":null}},"type":"if","locations":[{"start":{"line":378,"column":6},"end":{"line":384,"column":null}},{"start":{},"end":{}}],"line":378},"21":{"loc":{"start":{"line":378,"column":10},"end":{"line":378,"column":121}},"type":"binary-expr","locations":[{"start":{"line":378,"column":10},"end":{"line":378,"column":43}},{"start":{"line":378,"column":43},"end":{"line":378,"column":83}},{"start":{"line":378,"column":83},"end":{"line":378,"column":121}}],"line":378},"22":{"loc":{"start":{"line":395,"column":2},"end":{"line":395,"column":null}},"type":"if","locations":[{"start":{"line":395,"column":2},"end":{"line":395,"column":null}},{"start":{},"end":{}}],"line":395},"23":{"loc":{"start":{"line":396,"column":2},"end":{"line":396,"column":null}},"type":"if","locations":[{"start":{"line":396,"column":2},"end":{"line":396,"column":null}},{"start":{},"end":{}}],"line":396},"24":{"loc":{"start":{"line":397,"column":2},"end":{"line":399,"column":null}},"type":"if","locations":[{"start":{"line":397,"column":2},"end":{"line":399,"column":null}},{"start":{},"end":{}}],"line":397},"25":{"loc":{"start":{"line":413,"column":22},"end":{"line":413,"column":null}},"type":"cond-expr","locations":[{"start":{"line":413,"column":30},"end":{"line":413,"column":54}},{"start":{"line":413,"column":54},"end":{"line":413,"column":null}}],"line":413},"26":{"loc":{"start":{"line":416,"column":22},"end":{"line":418,"column":null}},"type":"cond-expr","locations":[{"start":{"line":417,"column":8},"end":{"line":417,"column":null}},{"start":{"line":418,"column":8},"end":{"line":418,"column":null}}],"line":416},"27":{"loc":{"start":{"line":416,"column":22},"end":{"line":416,"column":null}},"type":"binary-expr","locations":[{"start":{"line":416,"column":22},"end":{"line":416,"column":59}},{"start":{"line":416,"column":59},"end":{"line":416,"column":null}}],"line":416},"28":{"loc":{"start":{"line":423,"column":25},"end":{"line":423,"column":null}},"type":"cond-expr","locations":[{"start":{"line":423,"column":37},"end":{"line":423,"column":70}},{"start":{"line":423,"column":70},"end":{"line":423,"column":null}}],"line":423},"29":{"loc":{"start":{"line":424,"column":25},"end":{"line":424,"column":null}},"type":"cond-expr","locations":[{"start":{"line":424,"column":37},"end":{"line":424,"column":70}},{"start":{"line":424,"column":70},"end":{"line":424,"column":null}}],"line":424},"30":{"loc":{"start":{"line":426,"column":6},"end":{"line":429,"column":null}},"type":"if","locations":[{"start":{"line":426,"column":6},"end":{"line":429,"column":null}},{"start":{},"end":{}}],"line":426},"31":{"loc":{"start":{"line":426,"column":10},"end":{"line":426,"column":82}},"type":"binary-expr","locations":[{"start":{"line":426,"column":10},"end":{"line":426,"column":47}},{"start":{"line":426,"column":47},"end":{"line":426,"column":82}}],"line":426},"32":{"loc":{"start":{"line":431,"column":6},"end":{"line":433,"column":null}},"type":"if","locations":[{"start":{"line":431,"column":6},"end":{"line":433,"column":null}},{"start":{},"end":{}}],"line":431},"33":{"loc":{"start":{"line":431,"column":10},"end":{"line":431,"column":107}},"type":"binary-expr","locations":[{"start":{"line":431,"column":10},"end":{"line":431,"column":32}},{"start":{"line":431,"column":32},"end":{"line":431,"column":70}},{"start":{"line":431,"column":70},"end":{"line":431,"column":107}}],"line":431},"34":{"loc":{"start":{"line":447,"column":6},"end":{"line":457,"column":null}},"type":"if","locations":[{"start":{"line":447,"column":6},"end":{"line":457,"column":null}},{"start":{},"end":{}}],"line":447},"35":{"loc":{"start":{"line":447,"column":10},"end":{"line":447,"column":106}},"type":"binary-expr","locations":[{"start":{"line":447,"column":10},"end":{"line":447,"column":59}},{"start":{"line":447,"column":59},"end":{"line":447,"column":106}}],"line":447},"36":{"loc":{"start":{"line":451,"column":10},"end":{"line":455,"column":null}},"type":"if","locations":[{"start":{"line":451,"column":10},"end":{"line":455,"column":null}},{"start":{},"end":{}}],"line":451},"37":{"loc":{"start":{"line":451,"column":14},"end":{"line":451,"column":84}},"type":"binary-expr","locations":[{"start":{"line":451,"column":14},"end":{"line":451,"column":50}},{"start":{"line":451,"column":50},"end":{"line":451,"column":84}}],"line":451},"38":{"loc":{"start":{"line":459,"column":4},"end":{"line":459,"column":null}},"type":"if","locations":[{"start":{"line":459,"column":4},"end":{"line":459,"column":null}},{"start":{},"end":{}}],"line":459}},"s":{"0":5,"1":5,"2":314,"3":314,"4":237,"5":77,"6":3828,"7":63,"8":14,"9":14,"10":14,"11":14,"12":14,"13":163,"14":163,"15":163,"16":14,"17":85,"18":85,"19":3,"20":82,"21":82,"22":82,"23":82,"24":39,"25":39,"26":357,"27":357,"28":1,"29":356,"30":356,"31":356,"32":356,"33":357,"34":357,"35":357,"36":357,"37":357,"38":40,"39":40,"40":1,"41":39,"42":39,"43":39,"44":39,"45":608,"46":608,"47":7,"48":601,"49":304,"50":304,"51":304,"52":7,"53":297,"54":297,"55":297,"56":297,"57":12,"58":1,"59":11,"60":11,"61":11,"62":11,"63":60,"64":60,"65":14,"66":14,"67":11,"68":17,"69":95,"70":17,"71":167,"72":17,"73":51,"74":11,"75":3,"76":3,"77":8,"78":8,"79":8,"80":8,"81":8,"82":8,"83":26,"84":26,"85":26,"86":26,"87":26,"88":114,"89":57,"90":57,"91":57,"92":34,"93":34,"94":26,"95":26,"96":8,"97":8,"98":8,"99":5,"100":5,"101":12,"102":12,"103":12,"104":12,"105":12,"106":1,"107":1,"108":1,"109":1,"110":8,"111":11,"112":1,"113":10,"114":1,"115":9,"116":4,"117":5,"118":5,"119":17,"120":5,"121":5,"122":5,"123":17,"124":17,"125":17,"126":17,"127":17,"128":31,"129":31,"130":31,"131":11,"132":11,"133":20,"134":7,"135":17,"136":5,"137":5,"138":8,"139":8,"140":8,"141":27,"142":27,"143":27,"144":5,"145":5,"146":12,"147":5,"148":5,"149":5,"150":8,"151":5,"152":5},"f":{"0":314,"1":14,"2":85,"3":39,"4":39,"5":357,"6":357,"7":40,"8":608,"9":304,"10":12,"11":17,"12":95,"13":167,"14":51,"15":11,"16":3,"17":11,"18":17},"b":{"0":[237,77],"1":[63,3765],"2":[3828,3765],"3":[3,82],"4":[1,356],"5":[1,355],"6":[1,355],"7":[25,331],"8":[49,308],"9":[1,39],"10":[7,601],"11":[7,297],"12":[304,297],"13":[1,11],"14":[14,46],"15":[3,8],"16":[57,57],"17":[34,23],"18":[5,3],"19":[8,5],"20":[1,11],"21":[12,9,3],"22":[1,10],"23":[1,9],"24":[4,5],"25":[12,5],"26":[5,12],"27":[17,5],"28":[26,5],"29":[11,20],"30":[11,20],"31":[31,13],"32":[7,13],"33":[20,7,1],"34":[5,22],"35":[27,25],"36":[5,7],"37":[12,8],"38":[5,3]},"meta":{"lastBranch":39,"lastFunction":19,"lastStatement":153,"seen":{"s:7:53:133:Infinity":0,"s:137:23:148:Infinity":1,"f:155:16:155:35":0,"s:156:20:156:Infinity":2,"b:159:2:161:Infinity:undefined:undefined:undefined:undefined":0,"s:159:2:161:Infinity":3,"s:160:4:160:Infinity":4,"s:164:2:168:Infinity":5,"b:165:4:167:Infinity:undefined:undefined:undefined:undefined":1,"s:165:4:167:Infinity":6,"b:165:8:165:35:165:35:165:60":2,"s:166:6:166:Infinity":7,"s:171:15:171:Infinity":8,"s:172:2:172:Infinity":9,"f:178:9:178:20":1,"s:179:13:179:Infinity":10,"s:180:2:184:Infinity":11,"s:180:15:180:18":12,"s:181:17:181:Infinity":13,"s:182:4:182:Infinity":14,"s:183:4:183:Infinity":15,"s:185:2:185:Infinity":16,"f:191:16:191:26":2,"s:192:17:192:Infinity":17,"b:193:2:193:Infinity:undefined:undefined:undefined:undefined":3,"s:193:2:193:Infinity":18,"s:193:15:193:Infinity":19,"s:195:12:195:Infinity":20,"s:196:12:196:Infinity":21,"s:197:12:197:Infinity":22,"s:199:2:199:Infinity":23,"f:205:16:205:40":3,"s:206:2:206:Infinity":24,"f:212:16:212:31":4,"s:213:2:213:Infinity":25,"f:220:9:220:22":5,"s:221:17:221:Infinity":26,"b:222:2:222:Infinity:undefined:undefined:undefined:undefined":4,"s:222:2:222:Infinity":27,"s:222:15:222:Infinity":28,"s:224:12:224:Infinity":29,"s:225:12:225:Infinity":30,"s:226:12:226:Infinity":31,"s:229:18:229:Infinity":32,"b:229:33:229:45:229:45:229:Infinity":5,"s:230:18:230:Infinity":33,"b:230:33:230:45:230:45:230:Infinity":6,"s:231:18:231:Infinity":34,"b:231:33:231:45:231:45:231:Infinity":7,"s:234:2:234:Infinity":35,"f:240:16:240:37":6,"s:241:20:241:Infinity":36,"s:244:2:244:Infinity":37,"b:244:27:244:39:244:39:244:Infinity":8,"f:251:16:251:35":7,"s:252:17:252:Infinity":38,"b:253:2:253:Infinity:undefined:undefined:undefined:undefined":9,"s:253:2:253:Infinity":39,"s:253:15:253:Infinity":40,"s:255:12:255:Infinity":41,"s:256:12:256:Infinity":42,"s:257:12:257:Infinity":43,"s:259:2:259:Infinity":44,"f:265:9:265:18":8,"s:266:17:266:Infinity":45,"b:267:2:267:Infinity:undefined:undefined:undefined:undefined":10,"s:267:2:267:Infinity":46,"s:267:15:267:Infinity":47,"s:268:2:272:Infinity":48,"f:278:9:278:23":9,"s:279:15:279:Infinity":49,"s:280:15:280:Infinity":50,"b:281:2:281:Infinity:undefined:undefined:undefined:undefined":11,"s:281:2:281:Infinity":51,"b:281:6:281:15:281:15:281:22":12,"s:281:22:281:Infinity":52,"s:284:16:284:Infinity":53,"s:285:16:285:Infinity":54,"s:286:16:286:Infinity":55,"s:287:2:287:Infinity":56,"f:295:16:295:37":10,"b:296:2:296:Infinity:undefined:undefined:undefined:undefined":13,"s:296:2:296:Infinity":57,"s:296:32:296:Infinity":58,"s:298:21:298:Infinity":59,"s:299:20:299:Infinity":60,"s:301:2:307:Infinity":61,"s:301:15:301:18":62,"s:302:21:302:Infinity":63,"b:303:4:306:Infinity:undefined:undefined:undefined:undefined":14,"s:303:4:306:Infinity":64,"s:304:6:304:Infinity":65,"s:305:6:305:Infinity":66,"s:309:2:309:Infinity":67,"f:315:9:315:31":11,"s:316:20:319:Infinity":68,"f:316:36:316:37":12,"s:316:48:319:4":69,"s:320:2:320:Infinity":70,"f:320:17:320:18":13,"s:320:27:320:50":71,"s:321:2:321:Infinity":72,"f:321:39:321:40":14,"s:321:46:321:53":73,"f:334:16:334:40":15,"b:335:2:337:Infinity:undefined:undefined:undefined:undefined":15,"s:335:2:337:Infinity":74,"s:336:4:336:Infinity":75,"f:336:22:336:23":16,"s:336:32:336:33":76,"s:339:12:339:Infinity":77,"s:340:15:340:Infinity":78,"s:341:26:341:Infinity":79,"s:344:2:344:Infinity":80,"s:345:2:345:Infinity":81,"s:348:2:364:Infinity":82,"s:349:22:349:Infinity":83,"s:350:18:350:Infinity":84,"s:351:23:351:Infinity":85,"s:353:4:360:Infinity":86,"s:353:17:353:20":87,"b:354:6:354:Infinity:undefined:undefined:undefined:undefined":16,"s:354:6:354:Infinity":88,"s:354:23:354:Infinity":89,"s:355:19:355:Infinity":90,"b:356:6:359:Infinity:undefined:undefined:undefined:undefined":17,"s:356:6:359:Infinity":91,"s:357:8:357:Infinity":92,"s:358:8:358:Infinity":93,"s:362:4:362:Infinity":94,"s:363:4:363:Infinity":95,"s:367:31:367:Infinity":96,"s:368:26:368:Infinity":97,"b:370:2:386:Infinity:undefined:undefined:undefined:undefined":18,"s:370:2:386:Infinity":98,"b:370:6:370:48:370:48:370:55":19,"s:372:4:385:Infinity":99,"s:372:17:372:20":100,"s:373:24:373:Infinity":101,"s:374:26:374:Infinity":102,"s:375:28:375:Infinity":103,"s:376:28:376:Infinity":104,"b:378:6:384:Infinity:undefined:undefined:undefined:undefined":20,"s:378:6:384:Infinity":105,"b:378:10:378:43:378:43:378:83:378:83:378:121":21,"s:380:21:380:Infinity":106,"s:381:8:381:Infinity":107,"s:382:8:382:Infinity":108,"s:383:8:383:Infinity":109,"s:388:2:388:Infinity":110,"f:391:16:391:Infinity":17,"b:395:2:395:Infinity:undefined:undefined:undefined:undefined":22,"s:395:2:395:Infinity":111,"s:395:37:395:Infinity":112,"b:396:2:396:Infinity:undefined:undefined:undefined:undefined":23,"s:396:2:396:Infinity":113,"s:396:32:396:Infinity":114,"b:397:2:399:Infinity:undefined:undefined:undefined:undefined":24,"s:397:2:399:Infinity":115,"s:398:4:398:Infinity":116,"s:402:31:402:Infinity":117,"s:405:22:407:Infinity":118,"f:405:43:405:44":18,"s:406:4:406:Infinity":119,"s:409:35:409:Infinity":120,"s:411:2:437:Infinity":121,"s:411:15:411:18":122,"s:412:18:412:Infinity":123,"s:413:22:413:Infinity":124,"b:413:30:413:54:413:54:413:Infinity":25,"s:416:22:418:Infinity":125,"b:417:8:417:Infinity:418:8:418:Infinity":26,"b:416:22:416:59:416:59:416:Infinity":27,"s:421:20:421:Infinity":126,"s:422:4:434:Infinity":127,"s:423:25:423:Infinity":128,"b:423:37:423:70:423:70:423:Infinity":28,"s:424:25:424:Infinity":129,"b:424:37:424:70:424:70:424:Infinity":29,"b:426:6:429:Infinity:undefined:undefined:undefined:undefined":30,"s:426:6:429:Infinity":130,"b:426:10:426:47:426:47:426:82":31,"s:427:8:427:Infinity":131,"s:428:8:428:Infinity":132,"b:431:6:433:Infinity:undefined:undefined:undefined:undefined":32,"s:431:6:433:Infinity":133,"b:431:10:431:32:431:32:431:70:431:70:431:107":33,"s:432:8:432:Infinity":134,"s:436:4:436:Infinity":135,"s:440:2:460:Infinity":136,"s:440:24:440:27":137,"s:441:18:441:Infinity":138,"s:442:4:458:Infinity":139,"s:442:17:442:20":140,"s:443:12:443:Infinity":141,"s:444:12:444:Infinity":142,"b:447:6:457:Infinity:undefined:undefined:undefined:undefined":34,"s:447:6:457:Infinity":143,"b:447:10:447:59:447:59:447:106":35,"s:449:22:449:Infinity":144,"s:450:8:456:Infinity":145,"b:451:10:455:Infinity:undefined:undefined:undefined:undefined":36,"s:451:10:455:Infinity":146,"b:451:14:451:50:451:50:451:84":37,"s:452:12:452:Infinity":147,"s:453:12:453:Infinity":148,"s:454:12:454:Infinity":149,"b:459:4:459:Infinity:undefined:undefined:undefined:undefined":38,"s:459:4:459:Infinity":150,"s:459:18:459:Infinity":151,"s:462:2:462:Infinity":152}}}
,"/Users/sarahglickman/Documents/Daniel/repositories/recipe-club/src/lib/ingredientSuggestions.ts": {"path":"/Users/sarahglickman/Documents/Daniel/repositories/recipe-club/src/lib/ingredientSuggestions.ts","statementMap":{"0":{"start":{"line":4,"column":38},"end":{"line":221,"column":null}},"1":{"start":{"line":225,"column":41},"end":{"line":235,"column":null}},"2":{"start":{"line":242,"column":24},"end":{"line":242,"column":null}},"3":{"start":{"line":242,"column":63},"end":{"line":242,"column":78}},"4":{"start":{"line":243,"column":32},"end":{"line":243,"column":null}},"5":{"start":{"line":246,"column":29},"end":{"line":246,"column":null}},"6":{"start":{"line":246,"column":56},"end":{"line":246,"column":75}},"7":{"start":{"line":249,"column":2},"end":{"line":260,"column":null}},"8":{"start":{"line":250,"column":4},"end":{"line":250,"column":null}},"9":{"start":{"line":250,"column":33},"end":{"line":250,"column":null}},"10":{"start":{"line":252,"column":32},"end":{"line":254,"column":null}},"11":{"start":{"line":253,"column":22},"end":{"line":253,"column":null}},"12":{"start":{"line":256,"column":4},"end":{"line":259,"column":null}},"13":{"start":{"line":257,"column":26},"end":{"line":257,"column":null}},"14":{"start":{"line":258,"column":6},"end":{"line":258,"column":null}},"15":{"start":{"line":263,"column":2},"end":{"line":277,"column":null}},"16":{"start":{"line":264,"column":27},"end":{"line":270,"column":null}},"17":{"start":{"line":268,"column":10},"end":{"line":269,"column":null}},"18":{"start":{"line":272,"column":4},"end":{"line":276,"column":null}},"19":{"start":{"line":273,"column":26},"end":{"line":273,"column":null}},"20":{"start":{"line":274,"column":6},"end":{"line":274,"column":null}},"21":{"start":{"line":275,"column":6},"end":{"line":275,"column":null}},"22":{"start":{"line":279,"column":2},"end":{"line":279,"column":null}}},"fnMap":{"0":{"name":"getSuggestedIngredients","decl":{"start":{"line":241,"column":16},"end":{"line":241,"column":40}},"loc":{"start":{"line":241,"column":81},"end":{"line":280,"column":null}},"line":241},"1":{"name":"(anonymous_1)","decl":{"start":{"line":242,"column":56},"end":{"line":242,"column":57}},"loc":{"start":{"line":242,"column":63},"end":{"line":242,"column":78}},"line":242},"2":{"name":"(anonymous_2)","decl":{"start":{"line":246,"column":50},"end":{"line":246,"column":56}},"loc":{"start":{"line":246,"column":56},"end":{"line":246,"column":75}},"line":246},"3":{"name":"(anonymous_3)","decl":{"start":{"line":253,"column":6},"end":{"line":253,"column":7}},"loc":{"start":{"line":253,"column":22},"end":{"line":253,"column":null}},"line":253},"4":{"name":"(anonymous_4)","decl":{"start":{"line":267,"column":8},"end":{"line":267,"column":9}},"loc":{"start":{"line":268,"column":10},"end":{"line":269,"column":null}},"line":268}},"branchMap":{"0":{"loc":{"start":{"line":250,"column":4},"end":{"line":250,"column":null}},"type":"if","locations":[{"start":{"line":250,"column":4},"end":{"line":250,"column":null}},{"start":{},"end":{}}],"line":250},"1":{"loc":{"start":{"line":256,"column":4},"end":{"line":259,"column":null}},"type":"if","locations":[{"start":{"line":256,"column":4},"end":{"line":259,"column":null}},{"start":{},"end":{}}],"line":256},"2":{"loc":{"start":{"line":263,"column":2},"end":{"line":277,"column":null}},"type":"if","locations":[{"start":{"line":263,"column":2},"end":{"line":277,"column":null}},{"start":{},"end":{}}],"line":263},"3":{"loc":{"start":{"line":268,"column":10},"end":{"line":269,"column":null}},"type":"binary-expr","locations":[{"start":{"line":268,"column":10},"end":{"line":268,"column":null}},{"start":{"line":269,"column":10},"end":{"line":269,"column":null}}],"line":268},"4":{"loc":{"start":{"line":272,"column":11},"end":{"line":272,"column":64}},"type":"binary-expr","locations":[{"start":{"line":272,"column":11},"end":{"line":272,"column":37}},{"start":{"line":272,"column":37},"end":{"line":272,"column":64}}],"line":272}},"s":{"0":2,"1":2,"2":13,"3":444,"4":13,"5":13,"6":156,"7":13,"8":73,"9":11,"10":62,"11":1537,"12":62,"13":46,"14":46,"15":13,"16":2,"17":396,"18":2,"19":5,"20":5,"21":5,"22":13},"f":{"0":13,"1":444,"2":156,"3":1537,"4":396},"b":{"0":[11,62],"1":[46,16],"2":[2,11],"3":[396,7],"4":[2,6]},"meta":{"lastBranch":5,"lastFunction":5,"lastStatement":23,"seen":{"s:4:38:221:Infinity":0,"s:225:41:235:Infinity":1,"f:241:16:241:40":0,"s:242:24:242:Infinity":2,"f:242:56:242:57":1,"s:242:63:242:78":3,"s:243:32:243:Infinity":4,"s:246:29:246:Infinity":5,"f:246:50:246:56":2,"s:246:56:246:75":6,"s:249:2:260:Infinity":7,"b:250:4:250:Infinity:undefined:undefined:undefined:undefined":0,"s:250:4:250:Infinity":8,"s:250:33:250:Infinity":9,"s:252:32:254:Infinity":10,"f:253:6:253:7":3,"s:253:22:253:Infinity":11,"b:256:4:259:Infinity:undefined:undefined:undefined:undefined":1,"s:256:4:259:Infinity":12,"s:257:26:257:Infinity":13,"s:258:6:258:Infinity":14,"b:263:2:277:Infinity:undefined:undefined:undefined:undefined":2,"s:263:2:277:Infinity":15,"s:264:27:270:Infinity":16,"f:267:8:267:9":4,"s:268:10:269:Infinity":17,"b:268:10:268:Infinity:269:10:269:Infinity":3,"s:272:4:276:Infinity":18,"b:272:11:272:37:272:37:272:64":4,"s:273:26:273:Infinity":19,"s:274:6:274:Infinity":20,"s:275:6:275:Infinity":21,"s:279:2:279:Infinity":22}}}
,"/Users/sarahglickman/Documents/Daniel/repositories/recipe-club/src/lib/utils.ts": {"path":"/Users/sarahglickman/Documents/Daniel/repositories/recipe-club/src/lib/utils.ts","statementMap":{"0":{"start":{"line":5,"column":2},"end":{"line":5,"column":null}}},"fnMap":{"0":{"name":"cn","decl":{"start":{"line":4,"column":16},"end":{"line":4,"column":22}},"loc":{"start":{"line":4,"column":44},"end":{"line":6,"column":null}},"line":4}},"branchMap":{},"s":{"0":3032},"f":{"0":3032},"b":{},"meta":{"lastBranch":0,"lastFunction":1,"lastStatement":1,"seen":{"f:4:16:4:22":0,"s:5:2:5:Infinity":0}}}
}
