{"/Users/sarahglickman/Documents/Daniel/repositories/recipe-club/src/components/events/EventRatingDialog.tsx": {"path":"/Users/sarahglickman/Documents/Daniel/repositories/recipe-club/src/components/events/EventRatingDialog.tsx","statementMap":{"0":{"start":{"line":33,"column":26},"end":{"line":197,"column":null}},"1":{"start":{"line":40,"column":28},"end":{"line":40,"column":null}},"2":{"start":{"line":41,"column":38},"end":{"line":41,"column":null}},"3":{"start":{"line":43,"column":29},"end":{"line":54,"column":null}},"4":{"start":{"line":48,"column":4},"end":{"line":53,"column":null}},"5":{"start":{"line":49,"column":21},"end":{"line":49,"column":null}},"6":{"start":{"line":50,"column":22},"end":{"line":50,"column":null}},"7":{"start":{"line":51,"column":6},"end":{"line":51,"column":null}},"8":{"start":{"line":52,"column":6},"end":{"line":52,"column":null}},"9":{"start":{"line":56,"column":23},"end":{"line":85,"column":null}},"10":{"start":{"line":57,"column":4},"end":{"line":57,"column":null}},"11":{"start":{"line":58,"column":4},"end":{"line":84,"column":null}},"12":{"start":{"line":60,"column":30},"end":{"line":68,"column":null}},"13":{"start":{"line":61,"column":27},"end":{"line":61,"column":73}},"14":{"start":{"line":62,"column":33},"end":{"line":68,"column":10}},"15":{"start":{"line":70,"column":6},"end":{"line":76,"column":null}},"16":{"start":{"line":71,"column":26},"end":{"line":73,"column":null}},"17":{"start":{"line":74,"column":8},"end":{"line":74,"column":null}},"18":{"start":{"line":74,"column":19},"end":{"line":74,"column":null}},"19":{"start":{"line":75,"column":8},"end":{"line":75,"column":null}},"20":{"start":{"line":78,"column":6},"end":{"line":78,"column":null}},"21":{"start":{"line":80,"column":6},"end":{"line":80,"column":null}},"22":{"start":{"line":81,"column":6},"end":{"line":81,"column":null}},"23":{"start":{"line":83,"column":6},"end":{"line":83,"column":null}},"24":{"start":{"line":87,"column":21},"end":{"line":90,"column":null}},"25":{"start":{"line":89,"column":4},"end":{"line":89,"column":null}},"26":{"start":{"line":92,"column":2},"end":{"line":195,"column":null}},"27":{"start":{"line":93,"column":44},"end":{"line":93,"column":null}},"28":{"start":{"line":109,"column":35},"end":{"line":109,"column":null}},"29":{"start":{"line":111,"column":14},"end":{"line":176,"column":null}},"30":{"start":{"line":134,"column":39},"end":{"line":134,"column":null}},"31":{"start":{"line":142,"column":39},"end":{"line":142,"column":null}},"32":{"start":{"line":155,"column":24},"end":{"line":167,"column":null}},"33":{"start":{"line":157,"column":41},"end":{"line":157,"column":null}}},"fnMap":{"0":{"name":"(anonymous_0)","decl":{"start":{"line":33,"column":26},"end":{"line":33,"column":27}},"loc":{"start":{"line":39,"column":30},"end":{"line":197,"column":null}},"line":39},"1":{"name":"(anonymous_1)","decl":{"start":{"line":43,"column":29},"end":{"line":43,"column":null}},"loc":{"start":{"line":47,"column":7},"end":{"line":54,"column":null}},"line":47},"2":{"name":"(anonymous_2)","decl":{"start":{"line":48,"column":15},"end":{"line":48,"column":16}},"loc":{"start":{"line":48,"column":25},"end":{"line":53,"column":5}},"line":48},"3":{"name":"(anonymous_3)","decl":{"start":{"line":56,"column":23},"end":{"line":56,"column":35}},"loc":{"start":{"line":56,"column":35},"end":{"line":85,"column":null}},"line":56},"4":{"name":"(anonymous_4)","decl":{"start":{"line":61,"column":16},"end":{"line":61,"column":17}},"loc":{"start":{"line":61,"column":27},"end":{"line":61,"column":73}},"line":61},"5":{"name":"(anonymous_5)","decl":{"start":{"line":62,"column":13},"end":{"line":62,"column":14}},"loc":{"start":{"line":62,"column":33},"end":{"line":68,"column":10}},"line":62},"6":{"name":"(anonymous_6)","decl":{"start":{"line":87,"column":21},"end":{"line":87,"column":27}},"loc":{"start":{"line":87,"column":27},"end":{"line":90,"column":null}},"line":87},"7":{"name":"(anonymous_7)","decl":{"start":{"line":93,"column":38},"end":{"line":93,"column":44}},"loc":{"start":{"line":93,"column":44},"end":{"line":93,"column":null}},"line":93},"8":{"name":"(anonymous_8)","decl":{"start":{"line":108,"column":24},"end":{"line":108,"column":25}},"loc":{"start":{"line":108,"column":40},"end":{"line":178,"column":13}},"line":108},"9":{"name":"(anonymous_9)","decl":{"start":{"line":134,"column":33},"end":{"line":134,"column":39}},"loc":{"start":{"line":134,"column":39},"end":{"line":134,"column":null}},"line":134},"10":{"name":"(anonymous_10)","decl":{"start":{"line":142,"column":33},"end":{"line":142,"column":39}},"loc":{"start":{"line":142,"column":39},"end":{"line":142,"column":null}},"line":142},"11":{"name":"(anonymous_11)","decl":{"start":{"line":154,"column":43},"end":{"line":154,"column":44}},"loc":{"start":{"line":155,"column":24},"end":{"line":167,"column":null}},"line":155},"12":{"name":"(anonymous_12)","decl":{"start":{"line":157,"column":35},"end":{"line":157,"column":41}},"loc":{"start":{"line":157,"column":41},"end":{"line":157,"column":null}},"line":157}},"branchMap":{"0":{"loc":{"start":{"line":50,"column":22},"end":{"line":50,"column":null}},"type":"binary-expr","locations":[{"start":{"line":50,"column":22},"end":{"line":50,"column":46}},{"start":{"line":50,"column":46},"end":{"line":50,"column":null}}],"line":50},"1":{"loc":{"start":{"line":61,"column":27},"end":{"line":61,"column":73}},"type":"binary-expr","locations":[{"start":{"line":61,"column":27},"end":{"line":61,"column":56}},{"start":{"line":61,"column":56},"end":{"line":61,"column":73}}],"line":61},"2":{"loc":{"start":{"line":70,"column":6},"end":{"line":76,"column":null}},"type":"if","locations":[{"start":{"line":70,"column":6},"end":{"line":76,"column":null}},{"start":{},"end":{}}],"line":70},"3":{"loc":{"start":{"line":74,"column":8},"end":{"line":74,"column":null}},"type":"if","locations":[{"start":{"line":74,"column":8},"end":{"line":74,"column":null}},{"start":{},"end":{}}],"line":74},"4":{"loc":{"start":{"line":75,"column":67},"end":{"line":75,"column":106}},"type":"cond-expr","locations":[{"start":{"line":75,"column":98},"end":{"line":75,"column":104}},{"start":{"line":75,"column":104},"end":{"line":75,"column":106}}],"line":75},"5":{"loc":{"start":{"line":103,"column":11},"end":{"line":178,"column":null}},"type":"cond-expr","locations":[{"start":{"line":104,"column":12},"end":{"line":106,"column":null}},{"start":{"line":108,"column":12},"end":{"line":178,"column":null}}],"line":103},"6":{"loc":{"start":{"line":109,"column":35},"end":{"line":109,"column":null}},"type":"binary-expr","locations":[{"start":{"line":109,"column":35},"end":{"line":109,"column":61}},{"start":{"line":109,"column":61},"end":{"line":109,"column":null}}],"line":109},"7":{"loc":{"start":{"line":115,"column":21},"end":{"line":123,"column":null}},"type":"binary-expr","locations":[{"start":{"line":115,"column":21},"end":{"line":115,"column":null}},{"start":{"line":116,"column":22},"end":{"line":123,"column":null}}],"line":115},"8":{"loc":{"start":{"line":133,"column":33},"end":{"line":133,"column":null}},"type":"cond-expr","locations":[{"start":{"line":133,"column":72},"end":{"line":133,"column":84}},{"start":{"line":133,"column":84},"end":{"line":133,"column":null}}],"line":133},"9":{"loc":{"start":{"line":135,"column":35},"end":{"line":135,"column":null}},"type":"cond-expr","locations":[{"start":{"line":135,"column":74},"end":{"line":135,"column":110}},{"start":{"line":135,"column":110},"end":{"line":135,"column":null}}],"line":135},"10":{"loc":{"start":{"line":141,"column":33},"end":{"line":141,"column":null}},"type":"cond-expr","locations":[{"start":{"line":141,"column":73},"end":{"line":141,"column":85}},{"start":{"line":141,"column":85},"end":{"line":141,"column":null}}],"line":141},"11":{"loc":{"start":{"line":143,"column":35},"end":{"line":143,"column":null}},"type":"cond-expr","locations":[{"start":{"line":143,"column":75},"end":{"line":143,"column":107}},{"start":{"line":143,"column":107},"end":{"line":143,"column":null}}],"line":143},"12":{"loc":{"start":{"line":161,"column":39},"end":{"line":164,"column":null}},"type":"cond-expr","locations":[{"start":{"line":163,"column":34},"end":{"line":163,"column":null}},{"start":{"line":164,"column":34},"end":{"line":164,"column":null}}],"line":161},"13":{"loc":{"start":{"line":162,"column":31},"end":{"line":162,"column":60}},"type":"binary-expr","locations":[{"start":{"line":162,"column":31},"end":{"line":162,"column":54}},{"start":{"line":162,"column":54},"end":{"line":162,"column":60}}],"line":162},"14":{"loc":{"start":{"line":170,"column":21},"end":{"line":173,"column":null}},"type":"binary-expr","locations":[{"start":{"line":170,"column":21},"end":{"line":170,"column":null}},{"start":{"line":171,"column":22},"end":{"line":173,"column":null}}],"line":170},"15":{"loc":{"start":{"line":191,"column":13},"end":{"line":191,"column":null}},"type":"cond-expr","locations":[{"start":{"line":191,"column":28},"end":{"line":191,"column":46}},{"start":{"line":191,"column":46},"end":{"line":191,"column":null}}],"line":191}},"s":{"0":1,"1":43,"2":43,"3":43,"4":13,"5":13,"6":13,"7":13,"8":13,"9":43,"10":5,"11":5,"12":5,"13":5,"14":5,"15":5,"16":4,"17":4,"18":1,"19":3,"20":4,"21":1,"22":1,"23":5,"24":43,"25":1,"26":43,"27":1,"28":74,"29":74,"30":6,"31":1,"32":370,"33":6},"f":{"0":43,"1":13,"2":13,"3":5,"4":5,"5":5,"6":1,"7":1,"8":74,"9":6,"10":1,"11":370,"12":6},"b":{"0":[13,8],"1":[5,5],"2":[4,1],"3":[1,3],"4":[1,2],"5":[1,42],"6":[74,48],"7":[74,74],"8":[24,50],"9":[24,50],"10":[1,73],"11":[1,73],"12":[44,326],"13":[370,285],"14":[74,17],"15":[4,39]},"meta":{"lastBranch":16,"lastFunction":13,"lastStatement":34,"seen":{"s:33:26:197:Infinity":0,"f:33:26:33:27":0,"s:40:28:40:Infinity":1,"s:41:38:41:Infinity":2,"s:43:29:54:Infinity":3,"f:43:29:43:Infinity":1,"s:48:4:53:Infinity":4,"f:48:15:48:16":2,"s:49:21:49:Infinity":5,"s:50:22:50:Infinity":6,"b:50:22:50:46:50:46:50:Infinity":0,"s:51:6:51:Infinity":7,"s:52:6:52:Infinity":8,"s:56:23:85:Infinity":9,"f:56:23:56:35":3,"s:57:4:57:Infinity":10,"s:58:4:84:Infinity":11,"s:60:30:68:Infinity":12,"f:61:16:61:17":4,"s:61:27:61:73":13,"b:61:27:61:56:61:56:61:73":1,"f:62:13:62:14":5,"s:62:33:68:10":14,"b:70:6:76:Infinity:undefined:undefined:undefined:undefined":2,"s:70:6:76:Infinity":15,"s:71:26:73:Infinity":16,"b:74:8:74:Infinity:undefined:undefined:undefined:undefined":3,"s:74:8:74:Infinity":17,"s:74:19:74:Infinity":18,"s:75:8:75:Infinity":19,"b:75:98:75:104:75:104:75:106":4,"s:78:6:78:Infinity":20,"s:80:6:80:Infinity":21,"s:81:6:81:Infinity":22,"s:83:6:83:Infinity":23,"s:87:21:90:Infinity":24,"f:87:21:87:27":6,"s:89:4:89:Infinity":25,"s:92:2:195:Infinity":26,"f:93:38:93:44":7,"s:93:44:93:Infinity":27,"b:104:12:106:Infinity:108:12:178:Infinity":5,"f:108:24:108:25":8,"s:109:35:109:Infinity":28,"b:109:35:109:61:109:61:109:Infinity":6,"s:111:14:176:Infinity":29,"b:115:21:115:Infinity:116:22:123:Infinity":7,"b:133:72:133:84:133:84:133:Infinity":8,"f:134:33:134:39":9,"s:134:39:134:Infinity":30,"b:135:74:135:110:135:110:135:Infinity":9,"b:141:73:141:85:141:85:141:Infinity":10,"f:142:33:142:39":10,"s:142:39:142:Infinity":31,"b:143:75:143:107:143:107:143:Infinity":11,"f:154:43:154:44":11,"s:155:24:167:Infinity":32,"f:157:35:157:41":12,"s:157:41:157:Infinity":33,"b:163:34:163:Infinity:164:34:164:Infinity":12,"b:162:31:162:54:162:54:162:60":13,"b:170:21:170:Infinity:171:22:173:Infinity":14,"b:191:28:191:46:191:46:191:Infinity":15}}}
,"/Users/sarahglickman/Documents/Daniel/repositories/recipe-club/src/components/ingredients/IngredientBank.tsx": {"path":"/Users/sarahglickman/Documents/Daniel/repositories/recipe-club/src/components/ingredients/IngredientBank.tsx","statementMap":{"0":{"start":{"line":22,"column":23},"end":{"line":482,"column":null}},"1":{"start":{"line":28,"column":40},"end":{"line":28,"column":null}},"2":{"start":{"line":29,"column":32},"end":{"line":29,"column":null}},"3":{"start":{"line":30,"column":36},"end":{"line":30,"column":null}},"4":{"start":{"line":31,"column":46},"end":{"line":31,"column":null}},"5":{"start":{"line":32,"column":42},"end":{"line":32,"column":null}},"6":{"start":{"line":33,"column":8},"end":{"line":33,"column":null}},"7":{"start":{"line":36,"column":2},"end":{"line":103,"column":null}},"8":{"start":{"line":37,"column":28},"end":{"line":98,"column":null}},"9":{"start":{"line":38,"column":6},"end":{"line":97,"column":null}},"10":{"start":{"line":39,"column":32},"end":{"line":42,"column":null}},"11":{"start":{"line":44,"column":8},"end":{"line":44,"column":null}},"12":{"start":{"line":44,"column":19},"end":{"line":44,"column":null}},"13":{"start":{"line":46,"column":8},"end":{"line":83,"column":null}},"14":{"start":{"line":47,"column":36},"end":{"line":55,"column":null}},"15":{"start":{"line":47,"column":53},"end":{"line":55,"column":12}},"16":{"start":{"line":56,"column":10},"end":{"line":56,"column":null}},"17":{"start":{"line":57,"column":10},"end":{"line":57,"column":null}},"18":{"start":{"line":60,"column":51},"end":{"line":67,"column":null}},"19":{"start":{"line":61,"column":23},"end":{"line":66,"column":null}},"20":{"start":{"line":68,"column":10},"end":{"line":68,"column":null}},"21":{"start":{"line":69,"column":10},"end":{"line":69,"column":null}},"22":{"start":{"line":72,"column":10},"end":{"line":82,"column":null}},"23":{"start":{"line":74,"column":14},"end":{"line":80,"column":null}},"24":{"start":{"line":85,"column":8},"end":{"line":85,"column":null}},"25":{"start":{"line":87,"column":36},"end":{"line":92,"column":null}},"26":{"start":{"line":87,"column":71},"end":{"line":92,"column":10}},"27":{"start":{"line":93,"column":8},"end":{"line":93,"column":null}},"28":{"start":{"line":94,"column":8},"end":{"line":94,"column":null}},"29":{"start":{"line":96,"column":8},"end":{"line":96,"column":null}},"30":{"start":{"line":100,"column":4},"end":{"line":102,"column":null}},"31":{"start":{"line":101,"column":6},"end":{"line":101,"column":null}},"32":{"start":{"line":106,"column":2},"end":{"line":118,"column":null}},"33":{"start":{"line":107,"column":31},"end":{"line":114,"column":null}},"34":{"start":{"line":110,"column":24},"end":{"line":110,"column":null}},"35":{"start":{"line":111,"column":6},"end":{"line":113,"column":null}},"36":{"start":{"line":112,"column":8},"end":{"line":112,"column":null}},"37":{"start":{"line":116,"column":4},"end":{"line":116,"column":null}},"38":{"start":{"line":117,"column":4},"end":{"line":117,"column":null}},"39":{"start":{"line":117,"column":17},"end":{"line":117,"column":null}},"40":{"start":{"line":121,"column":26},"end":{"line":121,"column":null}},"41":{"start":{"line":121,"column":52},"end":{"line":121,"column":60}},"42":{"start":{"line":122,"column":17},"end":{"line":122,"column":null}},"43":{"start":{"line":125,"column":37},"end":{"line":131,"column":null}},"44":{"start":{"line":126,"column":4},"end":{"line":126,"column":null}},"45":{"start":{"line":126,"column":31},"end":{"line":126,"column":null}},"46":{"start":{"line":128,"column":4},"end":{"line":130,"column":null}},"47":{"start":{"line":129,"column":6},"end":{"line":129,"column":null}},"48":{"start":{"line":133,"column":34},"end":{"line":133,"column":null}},"49":{"start":{"line":136,"column":24},"end":{"line":141,"column":null}},"50":{"start":{"line":137,"column":4},"end":{"line":137,"column":null}},"51":{"start":{"line":137,"column":25},"end":{"line":137,"column":null}},"52":{"start":{"line":138,"column":4},"end":{"line":138,"column":null}},"53":{"start":{"line":138,"column":25},"end":{"line":138,"column":null}},"54":{"start":{"line":139,"column":4},"end":{"line":139,"column":null}},"55":{"start":{"line":139,"column":25},"end":{"line":139,"column":null}},"56":{"start":{"line":140,"column":4},"end":{"line":140,"column":null}},"57":{"start":{"line":144,"column":24},"end":{"line":151,"column":null}},"58":{"start":{"line":145,"column":4},"end":{"line":145,"column":null}},"59":{"start":{"line":145,"column":25},"end":{"line":145,"column":null}},"60":{"start":{"line":146,"column":4},"end":{"line":149,"column":null}},"61":{"start":{"line":153,"column":24},"end":{"line":239,"column":null}},"62":{"start":{"line":154,"column":24},"end":{"line":154,"column":null}},"63":{"start":{"line":156,"column":4},"end":{"line":156,"column":null}},"64":{"start":{"line":156,"column":22},"end":{"line":156,"column":null}},"65":{"start":{"line":161,"column":4},"end":{"line":187,"column":null}},"66":{"start":{"line":163,"column":6},"end":{"line":185,"column":null}},"67":{"start":{"line":164,"column":26},"end":{"line":167,"column":null}},"68":{"start":{"line":169,"column":8},"end":{"line":169,"column":null}},"69":{"start":{"line":169,"column":19},"end":{"line":169,"column":null}},"70":{"start":{"line":172,"column":33},"end":{"line":175,"column":null}},"71":{"start":{"line":173,"column":10},"end":{"line":175,"column":null}},"72":{"start":{"line":174,"column":12},"end":{"line":174,"column":null}},"73":{"start":{"line":177,"column":8},"end":{"line":177,"column":null}},"74":{"start":{"line":178,"column":8},"end":{"line":178,"column":null}},"75":{"start":{"line":179,"column":8},"end":{"line":179,"column":null}},"76":{"start":{"line":180,"column":8},"end":{"line":180,"column":null}},"77":{"start":{"line":181,"column":8},"end":{"line":181,"column":null}},"78":{"start":{"line":183,"column":8},"end":{"line":183,"column":null}},"79":{"start":{"line":184,"column":8},"end":{"line":184,"column":null}},"80":{"start":{"line":186,"column":6},"end":{"line":186,"column":null}},"81":{"start":{"line":190,"column":25},"end":{"line":192,"column":null}},"82":{"start":{"line":191,"column":13},"end":{"line":191,"column":null}},"83":{"start":{"line":194,"column":4},"end":{"line":197,"column":null}},"84":{"start":{"line":195,"column":6},"end":{"line":195,"column":null}},"85":{"start":{"line":196,"column":6},"end":{"line":196,"column":null}},"86":{"start":{"line":200,"column":31},"end":{"line":202,"column":null}},"87":{"start":{"line":201,"column":13},"end":{"line":201,"column":null}},"88":{"start":{"line":204,"column":4},"end":{"line":208,"column":null}},"89":{"start":{"line":206,"column":6},"end":{"line":206,"column":null}},"90":{"start":{"line":207,"column":6},"end":{"line":207,"column":null}},"91":{"start":{"line":211,"column":32},"end":{"line":217,"column":null}},"92":{"start":{"line":219,"column":4},"end":{"line":238,"column":null}},"93":{"start":{"line":220,"column":24},"end":{"line":226,"column":null}},"94":{"start":{"line":228,"column":6},"end":{"line":228,"column":null}},"95":{"start":{"line":228,"column":17},"end":{"line":228,"column":null}},"96":{"start":{"line":230,"column":6},"end":{"line":230,"column":null}},"97":{"start":{"line":230,"column":31},"end":{"line":230,"column":49}},"98":{"start":{"line":231,"column":6},"end":{"line":231,"column":null}},"99":{"start":{"line":231,"column":34},"end":{"line":231,"column":52}},"100":{"start":{"line":232,"column":6},"end":{"line":232,"column":null}},"101":{"start":{"line":233,"column":6},"end":{"line":233,"column":null}},"102":{"start":{"line":234,"column":6},"end":{"line":234,"column":null}},"103":{"start":{"line":236,"column":6},"end":{"line":236,"column":null}},"104":{"start":{"line":237,"column":6},"end":{"line":237,"column":null}},"105":{"start":{"line":241,"column":25},"end":{"line":265,"column":null}},"106":{"start":{"line":243,"column":23},"end":{"line":243,"column":null}},"107":{"start":{"line":243,"column":47},"end":{"line":243,"column":58}},"108":{"start":{"line":245,"column":4},"end":{"line":264,"column":null}},"109":{"start":{"line":247,"column":24},"end":{"line":250,"column":null}},"110":{"start":{"line":252,"column":6},"end":{"line":252,"column":null}},"111":{"start":{"line":252,"column":17},"end":{"line":252,"column":null}},"112":{"start":{"line":255,"column":31},"end":{"line":256,"column":null}},"113":{"start":{"line":256,"column":8},"end":{"line":256,"column":null}},"114":{"start":{"line":256,"column":25},"end":{"line":256,"column":67}},"115":{"start":{"line":258,"column":6},"end":{"line":258,"column":null}},"116":{"start":{"line":259,"column":6},"end":{"line":259,"column":null}},"117":{"start":{"line":260,"column":6},"end":{"line":260,"column":null}},"118":{"start":{"line":262,"column":6},"end":{"line":262,"column":null}},"119":{"start":{"line":263,"column":6},"end":{"line":263,"column":null}},"120":{"start":{"line":267,"column":25},"end":{"line":271,"column":null}},"121":{"start":{"line":268,"column":4},"end":{"line":270,"column":null}},"122":{"start":{"line":269,"column":6},"end":{"line":269,"column":null}},"123":{"start":{"line":273,"column":30},"end":{"line":277,"column":null}},"124":{"start":{"line":274,"column":26},"end":{"line":274,"column":null}},"125":{"start":{"line":274,"column":52},"end":{"line":274,"column":58}},"126":{"start":{"line":275,"column":10},"end":{"line":275,"column":null}},"127":{"start":{"line":276,"column":4},"end":{"line":276,"column":null}},"128":{"start":{"line":279,"column":24},"end":{"line":309,"column":null}},"129":{"start":{"line":282,"column":32},"end":{"line":288,"column":null}},"130":{"start":{"line":290,"column":4},"end":{"line":308,"column":null}},"131":{"start":{"line":291,"column":24},"end":{"line":297,"column":null}},"132":{"start":{"line":299,"column":6},"end":{"line":299,"column":null}},"133":{"start":{"line":299,"column":17},"end":{"line":299,"column":null}},"134":{"start":{"line":301,"column":6},"end":{"line":301,"column":null}},"135":{"start":{"line":301,"column":31},"end":{"line":301,"column":49}},"136":{"start":{"line":302,"column":6},"end":{"line":302,"column":null}},"137":{"start":{"line":302,"column":34},"end":{"line":302,"column":52}},"138":{"start":{"line":303,"column":6},"end":{"line":303,"column":null}},"139":{"start":{"line":303,"column":31},"end":{"line":303,"column":61}},"140":{"start":{"line":303,"column":50},"end":{"line":303,"column":60}},"141":{"start":{"line":304,"column":6},"end":{"line":304,"column":null}},"142":{"start":{"line":306,"column":6},"end":{"line":306,"column":null}},"143":{"start":{"line":307,"column":6},"end":{"line":307,"column":null}},"144":{"start":{"line":311,"column":19},"end":{"line":314,"column":null}},"145":{"start":{"line":316,"column":2},"end":{"line":324,"column":null}},"146":{"start":{"line":317,"column":4},"end":{"line":322,"column":null}},"147":{"start":{"line":326,"column":2},"end":{"line":480,"column":null}},"148":{"start":{"line":354,"column":20},"end":{"line":354,"column":null}},"149":{"start":{"line":355,"column":20},"end":{"line":355,"column":null}},"150":{"start":{"line":357,"column":33},"end":{"line":357,"column":null}},"151":{"start":{"line":361,"column":33},"end":{"line":361,"column":null}},"152":{"start":{"line":373,"column":37},"end":{"line":373,"column":null}},"153":{"start":{"line":374,"column":20},"end":{"line":397,"column":null}},"154":{"start":{"line":380,"column":39},"end":{"line":380,"column":null}},"155":{"start":{"line":403,"column":27},"end":{"line":403,"column":null}},"156":{"start":{"line":407,"column":37},"end":{"line":407,"column":null}},"157":{"start":{"line":432,"column":20},"end":{"line":439,"column":null}},"158":{"start":{"line":434,"column":37},"end":{"line":434,"column":null}},"159":{"start":{"line":456,"column":16},"end":{"line":474,"column":null}},"160":{"start":{"line":469,"column":37},"end":{"line":469,"column":null}}},"fnMap":{"0":{"name":"(anonymous_0)","decl":{"start":{"line":22,"column":23},"end":{"line":22,"column":24}},"loc":{"start":{"line":27,"column":27},"end":{"line":482,"column":null}},"line":27},"1":{"name":"(anonymous_1)","decl":{"start":{"line":36,"column":12},"end":{"line":36,"column":18}},"loc":{"start":{"line":36,"column":18},"end":{"line":103,"column":5}},"line":36},"2":{"name":"(anonymous_2)","decl":{"start":{"line":37,"column":28},"end":{"line":37,"column":40}},"loc":{"start":{"line":37,"column":40},"end":{"line":98,"column":null}},"line":37},"3":{"name":"(anonymous_3)","decl":{"start":{"line":47,"column":45},"end":{"line":47,"column":46}},"loc":{"start":{"line":47,"column":53},"end":{"line":55,"column":12}},"line":47},"4":{"name":"(anonymous_4)","decl":{"start":{"line":61,"column":12},"end":{"line":61,"column":13}},"loc":{"start":{"line":61,"column":23},"end":{"line":66,"column":null}},"line":61},"5":{"name":"(anonymous_5)","decl":{"start":{"line":73,"column":35},"end":{"line":73,"column":36}},"loc":{"start":{"line":74,"column":14},"end":{"line":80,"column":null}},"line":74},"6":{"name":"(anonymous_6)","decl":{"start":{"line":87,"column":60},"end":{"line":87,"column":61}},"loc":{"start":{"line":87,"column":71},"end":{"line":92,"column":10}},"line":87},"7":{"name":"(anonymous_7)","decl":{"start":{"line":106,"column":12},"end":{"line":106,"column":18}},"loc":{"start":{"line":106,"column":18},"end":{"line":118,"column":5}},"line":106},"8":{"name":"(anonymous_8)","decl":{"start":{"line":107,"column":31},"end":{"line":107,"column":32}},"loc":{"start":{"line":107,"column":54},"end":{"line":114,"column":null}},"line":107},"9":{"name":"(anonymous_9)","decl":{"start":{"line":117,"column":11},"end":{"line":117,"column":17}},"loc":{"start":{"line":117,"column":17},"end":{"line":117,"column":null}},"line":117},"10":{"name":"(anonymous_10)","decl":{"start":{"line":121,"column":45},"end":{"line":121,"column":46}},"loc":{"start":{"line":121,"column":52},"end":{"line":121,"column":60}},"line":121},"11":{"name":"(anonymous_11)","decl":{"start":{"line":125,"column":37},"end":{"line":125,"column":43}},"loc":{"start":{"line":125,"column":43},"end":{"line":131,"column":null}},"line":125},"12":{"name":"(anonymous_12)","decl":{"start":{"line":128,"column":33},"end":{"line":128,"column":34}},"loc":{"start":{"line":129,"column":6},"end":{"line":129,"column":null}},"line":129},"13":{"name":"(anonymous_13)","decl":{"start":{"line":136,"column":24},"end":{"line":136,"column":25}},"loc":{"start":{"line":136,"column":47},"end":{"line":141,"column":null}},"line":136},"14":{"name":"(anonymous_14)","decl":{"start":{"line":144,"column":24},"end":{"line":144,"column":25}},"loc":{"start":{"line":144,"column":47},"end":{"line":151,"column":null}},"line":144},"15":{"name":"(anonymous_15)","decl":{"start":{"line":153,"column":24},"end":{"line":153,"column":31}},"loc":{"start":{"line":153,"column":64},"end":{"line":239,"column":null}},"line":153},"16":{"name":"(anonymous_16)","decl":{"start":{"line":172,"column":33},"end":{"line":172,"column":34}},"loc":{"start":{"line":173,"column":10},"end":{"line":175,"column":null}},"line":173},"17":{"name":"(anonymous_17)","decl":{"start":{"line":173,"column":19},"end":{"line":173,"column":20}},"loc":{"start":{"line":174,"column":12},"end":{"line":174,"column":null}},"line":174},"18":{"name":"(anonymous_18)","decl":{"start":{"line":191,"column":6},"end":{"line":191,"column":7}},"loc":{"start":{"line":191,"column":13},"end":{"line":191,"column":null}},"line":191},"19":{"name":"(anonymous_19)","decl":{"start":{"line":201,"column":6},"end":{"line":201,"column":7}},"loc":{"start":{"line":201,"column":13},"end":{"line":201,"column":null}},"line":201},"20":{"name":"(anonymous_20)","decl":{"start":{"line":230,"column":21},"end":{"line":230,"column":22}},"loc":{"start":{"line":230,"column":31},"end":{"line":230,"column":49}},"line":230},"21":{"name":"(anonymous_21)","decl":{"start":{"line":231,"column":24},"end":{"line":231,"column":25}},"loc":{"start":{"line":231,"column":34},"end":{"line":231,"column":52}},"line":231},"22":{"name":"(anonymous_22)","decl":{"start":{"line":241,"column":25},"end":{"line":241,"column":32}},"loc":{"start":{"line":241,"column":47},"end":{"line":265,"column":null}},"line":241},"23":{"name":"(anonymous_23)","decl":{"start":{"line":243,"column":40},"end":{"line":243,"column":41}},"loc":{"start":{"line":243,"column":47},"end":{"line":243,"column":58}},"line":243},"24":{"name":"(anonymous_24)","decl":{"start":{"line":255,"column":31},"end":{"line":255,"column":32}},"loc":{"start":{"line":256,"column":8},"end":{"line":256,"column":null}},"line":256},"25":{"name":"(anonymous_25)","decl":{"start":{"line":256,"column":17},"end":{"line":256,"column":18}},"loc":{"start":{"line":256,"column":25},"end":{"line":256,"column":67}},"line":256},"26":{"name":"(anonymous_26)","decl":{"start":{"line":267,"column":25},"end":{"line":267,"column":26}},"loc":{"start":{"line":267,"column":53},"end":{"line":271,"column":null}},"line":267},"27":{"name":"(anonymous_27)","decl":{"start":{"line":273,"column":30},"end":{"line":273,"column":36}},"loc":{"start":{"line":273,"column":36},"end":{"line":277,"column":null}},"line":273},"28":{"name":"(anonymous_28)","decl":{"start":{"line":274,"column":45},"end":{"line":274,"column":46}},"loc":{"start":{"line":274,"column":52},"end":{"line":274,"column":58}},"line":274},"29":{"name":"(anonymous_29)","decl":{"start":{"line":279,"column":24},"end":{"line":279,"column":31}},"loc":{"start":{"line":279,"column":48},"end":{"line":309,"column":null}},"line":279},"30":{"name":"(anonymous_30)","decl":{"start":{"line":301,"column":21},"end":{"line":301,"column":22}},"loc":{"start":{"line":301,"column":31},"end":{"line":301,"column":49}},"line":301},"31":{"name":"(anonymous_31)","decl":{"start":{"line":302,"column":24},"end":{"line":302,"column":25}},"loc":{"start":{"line":302,"column":34},"end":{"line":302,"column":52}},"line":302},"32":{"name":"(anonymous_32)","decl":{"start":{"line":303,"column":21},"end":{"line":303,"column":22}},"loc":{"start":{"line":303,"column":31},"end":{"line":303,"column":61}},"line":303},"33":{"name":"(anonymous_33)","decl":{"start":{"line":303,"column":43},"end":{"line":303,"column":44}},"loc":{"start":{"line":303,"column":50},"end":{"line":303,"column":60}},"line":303},"34":{"name":"(anonymous_34)","decl":{"start":{"line":353,"column":28},"end":{"line":353,"column":29}},"loc":{"start":{"line":353,"column":35},"end":{"line":356,"column":null}},"line":353},"35":{"name":"(anonymous_35)","decl":{"start":{"line":357,"column":27},"end":{"line":357,"column":33}},"loc":{"start":{"line":357,"column":33},"end":{"line":357,"column":null}},"line":357},"36":{"name":"(anonymous_36)","decl":{"start":{"line":361,"column":27},"end":{"line":361,"column":33}},"loc":{"start":{"line":361,"column":33},"end":{"line":361,"column":null}},"line":361},"37":{"name":"(anonymous_37)","decl":{"start":{"line":372,"column":47},"end":{"line":372,"column":48}},"loc":{"start":{"line":372,"column":63},"end":{"line":399,"column":19}},"line":372},"38":{"name":"(anonymous_38)","decl":{"start":{"line":380,"column":33},"end":{"line":380,"column":39}},"loc":{"start":{"line":380,"column":39},"end":{"line":380,"column":null}},"line":380},"39":{"name":"(anonymous_39)","decl":{"start":{"line":403,"column":20},"end":{"line":403,"column":21}},"loc":{"start":{"line":403,"column":27},"end":{"line":403,"column":null}},"line":403},"40":{"name":"(anonymous_40)","decl":{"start":{"line":407,"column":31},"end":{"line":407,"column":37}},"loc":{"start":{"line":407,"column":37},"end":{"line":407,"column":null}},"line":407},"41":{"name":"(anonymous_41)","decl":{"start":{"line":431,"column":35},"end":{"line":431,"column":36}},"loc":{"start":{"line":432,"column":20},"end":{"line":439,"column":null}},"line":432},"42":{"name":"(anonymous_42)","decl":{"start":{"line":434,"column":31},"end":{"line":434,"column":37}},"loc":{"start":{"line":434,"column":37},"end":{"line":434,"column":null}},"line":434},"43":{"name":"(anonymous_43)","decl":{"start":{"line":455,"column":34},"end":{"line":455,"column":35}},"loc":{"start":{"line":456,"column":16},"end":{"line":474,"column":null}},"line":456},"44":{"name":"(anonymous_44)","decl":{"start":{"line":469,"column":31},"end":{"line":469,"column":37}},"loc":{"start":{"line":469,"column":37},"end":{"line":469,"column":null}},"line":469}},"branchMap":{"0":{"loc":{"start":{"line":26,"column":2},"end":{"line":26,"column":null}},"type":"default-arg","locations":[{"start":{"line":26,"column":12},"end":{"line":26,"column":null}}],"line":26},"1":{"loc":{"start":{"line":44,"column":8},"end":{"line":44,"column":null}},"type":"if","locations":[{"start":{"line":44,"column":8},"end":{"line":44,"column":null}},{"start":{},"end":{}}],"line":44},"2":{"loc":{"start":{"line":46,"column":8},"end":{"line":83,"column":null}},"type":"if","locations":[{"start":{"line":46,"column":8},"end":{"line":83,"column":null}},{"start":{"line":58,"column":15},"end":{"line":83,"column":null}}],"line":46},"3":{"loc":{"start":{"line":46,"column":12},"end":{"line":46,"column":37}},"type":"binary-expr","locations":[{"start":{"line":46,"column":12},"end":{"line":46,"column":20}},{"start":{"line":46,"column":20},"end":{"line":46,"column":37}}],"line":46},"4":{"loc":{"start":{"line":51,"column":24},"end":{"line":51,"column":null}},"type":"binary-expr","locations":[{"start":{"line":51,"column":24},"end":{"line":51,"column":42}},{"start":{"line":51,"column":42},"end":{"line":51,"column":null}}],"line":51},"5":{"loc":{"start":{"line":52,"column":26},"end":{"line":52,"column":null}},"type":"binary-expr","locations":[{"start":{"line":52,"column":26},"end":{"line":52,"column":46}},{"start":{"line":52,"column":46},"end":{"line":52,"column":null}}],"line":52},"6":{"loc":{"start":{"line":53,"column":23},"end":{"line":53,"column":null}},"type":"binary-expr","locations":[{"start":{"line":53,"column":23},"end":{"line":53,"column":39}},{"start":{"line":53,"column":39},"end":{"line":53,"column":null}}],"line":53},"7":{"loc":{"start":{"line":100,"column":4},"end":{"line":102,"column":null}},"type":"if","locations":[{"start":{"line":100,"column":4},"end":{"line":102,"column":null}},{"start":{},"end":{}}],"line":100},"8":{"loc":{"start":{"line":111,"column":6},"end":{"line":113,"column":null}},"type":"if","locations":[{"start":{"line":111,"column":6},"end":{"line":113,"column":null}},{"start":{},"end":{}}],"line":111},"9":{"loc":{"start":{"line":126,"column":4},"end":{"line":126,"column":null}},"type":"if","locations":[{"start":{"line":126,"column":4},"end":{"line":126,"column":null}},{"start":{},"end":{}}],"line":126},"10":{"loc":{"start":{"line":137,"column":4},"end":{"line":137,"column":null}},"type":"if","locations":[{"start":{"line":137,"column":4},"end":{"line":137,"column":null}},{"start":{},"end":{}}],"line":137},"11":{"loc":{"start":{"line":138,"column":4},"end":{"line":138,"column":null}},"type":"if","locations":[{"start":{"line":138,"column":4},"end":{"line":138,"column":null}},{"start":{},"end":{}}],"line":138},"12":{"loc":{"start":{"line":139,"column":4},"end":{"line":139,"column":null}},"type":"if","locations":[{"start":{"line":139,"column":4},"end":{"line":139,"column":null}},{"start":{},"end":{}}],"line":139},"13":{"loc":{"start":{"line":145,"column":4},"end":{"line":145,"column":null}},"type":"if","locations":[{"start":{"line":145,"column":4},"end":{"line":145,"column":null}},{"start":{},"end":{}}],"line":145},"14":{"loc":{"start":{"line":154,"column":24},"end":{"line":154,"column":null}},"type":"binary-expr","locations":[{"start":{"line":154,"column":24},"end":{"line":154,"column":49}},{"start":{"line":154,"column":49},"end":{"line":154,"column":null}}],"line":154},"15":{"loc":{"start":{"line":156,"column":4},"end":{"line":156,"column":null}},"type":"if","locations":[{"start":{"line":156,"column":4},"end":{"line":156,"column":null}},{"start":{},"end":{}}],"line":156},"16":{"loc":{"start":{"line":161,"column":4},"end":{"line":187,"column":null}},"type":"if","locations":[{"start":{"line":161,"column":4},"end":{"line":187,"column":null}},{"start":{},"end":{}}],"line":161},"17":{"loc":{"start":{"line":161,"column":8},"end":{"line":161,"column":73}},"type":"binary-expr","locations":[{"start":{"line":161,"column":8},"end":{"line":161,"column":47}},{"start":{"line":161,"column":47},"end":{"line":161,"column":73}}],"line":161},"18":{"loc":{"start":{"line":169,"column":8},"end":{"line":169,"column":null}},"type":"if","locations":[{"start":{"line":169,"column":8},"end":{"line":169,"column":null}},{"start":{},"end":{}}],"line":169},"19":{"loc":{"start":{"line":174,"column":12},"end":{"line":174,"column":null}},"type":"cond-expr","locations":[{"start":{"line":174,"column":42},"end":{"line":174,"column":67}},{"start":{"line":174,"column":67},"end":{"line":174,"column":null}}],"line":174},"20":{"loc":{"start":{"line":194,"column":4},"end":{"line":197,"column":null}},"type":"if","locations":[{"start":{"line":194,"column":4},"end":{"line":197,"column":null}},{"start":{},"end":{}}],"line":194},"21":{"loc":{"start":{"line":204,"column":4},"end":{"line":208,"column":null}},"type":"if","locations":[{"start":{"line":204,"column":4},"end":{"line":208,"column":null}},{"start":{},"end":{}}],"line":204},"22":{"loc":{"start":{"line":228,"column":6},"end":{"line":228,"column":null}},"type":"if","locations":[{"start":{"line":228,"column":6},"end":{"line":228,"column":null}},{"start":{},"end":{}}],"line":228},"23":{"loc":{"start":{"line":252,"column":6},"end":{"line":252,"column":null}},"type":"if","locations":[{"start":{"line":252,"column":6},"end":{"line":252,"column":null}},{"start":{},"end":{}}],"line":252},"24":{"loc":{"start":{"line":256,"column":25},"end":{"line":256,"column":67}},"type":"cond-expr","locations":[{"start":{"line":256,"column":39},"end":{"line":256,"column":65}},{"start":{"line":256,"column":65},"end":{"line":256,"column":67}}],"line":256},"25":{"loc":{"start":{"line":268,"column":4},"end":{"line":270,"column":null}},"type":"if","locations":[{"start":{"line":268,"column":4},"end":{"line":270,"column":null}},{"start":{},"end":{}}],"line":268},"26":{"loc":{"start":{"line":299,"column":6},"end":{"line":299,"column":null}},"type":"if","locations":[{"start":{"line":299,"column":6},"end":{"line":299,"column":null}},{"start":{},"end":{}}],"line":299},"27":{"loc":{"start":{"line":316,"column":2},"end":{"line":324,"column":null}},"type":"if","locations":[{"start":{"line":316,"column":2},"end":{"line":324,"column":null}},{"start":{},"end":{}}],"line":316},"28":{"loc":{"start":{"line":336,"column":15},"end":{"line":338,"column":null}},"type":"cond-expr","locations":[{"start":{"line":337,"column":18},"end":{"line":337,"column":null}},{"start":{"line":338,"column":18},"end":{"line":338,"column":null}}],"line":336},"29":{"loc":{"start":{"line":346,"column":9},"end":{"line":444,"column":null}},"type":"binary-expr","locations":[{"start":{"line":346,"column":9},"end":{"line":346,"column":20}},{"start":{"line":346,"column":20},"end":{"line":346,"column":null}},{"start":{"line":347,"column":10},"end":{"line":444,"column":null}}],"line":346},"30":{"loc":{"start":{"line":370,"column":15},"end":{"line":413,"column":null}},"type":"binary-expr","locations":[{"start":{"line":370,"column":15},"end":{"line":370,"column":35}},{"start":{"line":370,"column":35},"end":{"line":370,"column":null}},{"start":{"line":371,"column":16},"end":{"line":413,"column":null}}],"line":370},"31":{"loc":{"start":{"line":378,"column":26},"end":{"line":378,"column":null}},"type":"cond-expr","locations":[{"start":{"line":378,"column":37},"end":{"line":378,"column":55}},{"start":{"line":378,"column":55},"end":{"line":378,"column":null}}],"line":378},"32":{"loc":{"start":{"line":380,"column":39},"end":{"line":380,"column":null}},"type":"binary-expr","locations":[{"start":{"line":380,"column":39},"end":{"line":380,"column":52}},{"start":{"line":380,"column":52},"end":{"line":380,"column":null}}],"line":380},"33":{"loc":{"start":{"line":385,"column":27},"end":{"line":394,"column":null}},"type":"cond-expr","locations":[{"start":{"line":386,"column":28},"end":{"line":388,"column":null}},{"start":{"line":389,"column":30},"end":{"line":394,"column":null}}],"line":385},"34":{"loc":{"start":{"line":389,"column":30},"end":{"line":394,"column":null}},"type":"cond-expr","locations":[{"start":{"line":390,"column":28},"end":{"line":392,"column":null}},{"start":{"line":394,"column":28},"end":{"line":394,"column":null}}],"line":389},"35":{"loc":{"start":{"line":402,"column":19},"end":{"line":411,"column":null}},"type":"binary-expr","locations":[{"start":{"line":402,"column":19},"end":{"line":404,"column":null}},{"start":{"line":405,"column":20},"end":{"line":411,"column":null}}],"line":402},"36":{"loc":{"start":{"line":429,"column":15},"end":{"line":441,"column":null}},"type":"binary-expr","locations":[{"start":{"line":429,"column":15},"end":{"line":429,"column":null}},{"start":{"line":430,"column":16},"end":{"line":441,"column":null}}],"line":429},"37":{"loc":{"start":{"line":450,"column":13},"end":{"line":475,"column":null}},"type":"cond-expr","locations":[{"start":{"line":451,"column":14},"end":{"line":453,"column":null}},{"start":{"line":455,"column":14},"end":{"line":475,"column":null}}],"line":450},"38":{"loc":{"start":{"line":464,"column":19},"end":{"line":472,"column":null}},"type":"binary-expr","locations":[{"start":{"line":464,"column":19},"end":{"line":464,"column":null}},{"start":{"line":465,"column":20},"end":{"line":472,"column":null}}],"line":464}},"s":{"0":1,"1":160,"2":160,"3":160,"4":160,"5":160,"6":160,"7":160,"8":53,"9":52,"10":52,"11":52,"12":1,"13":51,"14":37,"15":72,"16":37,"17":37,"18":14,"19":168,"20":14,"21":14,"22":14,"23":168,"24":1,"25":1,"26":12,"27":1,"28":1,"29":52,"30":53,"31":52,"32":160,"33":53,"34":3,"35":3,"36":2,"37":53,"38":53,"39":53,"40":160,"41":312,"42":160,"43":160,"44":160,"45":138,"46":22,"47":72,"48":160,"49":160,"50":139,"51":114,"52":25,"53":25,"54":16,"55":16,"56":2,"57":160,"58":139,"59":114,"60":25,"61":160,"62":14,"63":14,"64":2,"65":12,"66":5,"67":5,"68":5,"69":1,"70":4,"71":4,"72":6,"73":4,"74":4,"75":4,"76":4,"77":4,"78":1,"79":1,"80":5,"81":7,"82":4,"83":7,"84":1,"85":1,"86":6,"87":28,"88":6,"89":1,"90":1,"91":5,"92":5,"93":5,"94":5,"95":1,"96":4,"97":1,"98":4,"99":4,"100":4,"101":4,"102":4,"103":1,"104":1,"105":160,"106":4,"107":5,"108":4,"109":4,"110":4,"111":1,"112":3,"113":3,"114":5,"115":3,"116":3,"117":3,"118":1,"119":1,"120":160,"121":6,"122":5,"123":160,"124":4,"125":48,"126":4,"127":4,"128":160,"129":3,"130":3,"131":3,"132":3,"133":1,"134":2,"135":1,"136":2,"137":2,"138":2,"139":2,"140":8,"141":2,"142":1,"143":1,"144":160,"145":160,"146":53,"147":107,"148":23,"149":23,"150":14,"151":2,"152":15,"153":15,"154":4,"155":15,"156":2,"157":22,"158":3,"159":139,"160":4},"f":{"0":160,"1":53,"2":52,"3":72,"4":168,"5":168,"6":12,"7":53,"8":3,"9":53,"10":312,"11":160,"12":72,"13":139,"14":139,"15":14,"16":4,"17":6,"18":4,"19":28,"20":1,"21":4,"22":4,"23":5,"24":3,"25":5,"26":6,"27":4,"28":48,"29":3,"30":1,"31":2,"32":2,"33":8,"34":23,"35":14,"36":2,"37":15,"38":4,"39":15,"40":2,"41":22,"42":3,"43":139,"44":4},"b":{"0":[160],"1":[1,51],"2":[37,14],"3":[51,51],"4":[72,71],"5":[72,71],"6":[72,71],"7":[52,1],"8":[2,1],"9":[138,22],"10":[114,25],"11":[9,16],"12":[14,2],"13":[114,25],"14":[14,9],"15":[2,12],"16":[5,7],"17":[12,5],"18":[1,4],"19":[4,2],"20":[1,6],"21":[1,5],"22":[1,4],"23":[1,3],"24":[3,2],"25":[5,1],"26":[1,2],"27":[53,107],"28":[3,104],"29":[160,105,102],"30":[102,37,21],"31":[4,11],"32":[4,4],"33":[4,11],"34":[10,1],"35":[21,18],"36":[102,6],"37":[49,58],"38":[139,135]},"meta":{"lastBranch":39,"lastFunction":45,"lastStatement":161,"seen":{"s:22:23:482:Infinity":0,"f:22:23:22:24":0,"b:26:12:26:Infinity":0,"s:28:40:28:Infinity":1,"s:29:32:29:Infinity":2,"s:30:36:30:Infinity":3,"s:31:46:31:Infinity":4,"s:32:42:32:Infinity":5,"s:33:8:33:Infinity":6,"s:36:2:103:Infinity":7,"f:36:12:36:18":1,"s:37:28:98:Infinity":8,"f:37:28:37:40":2,"s:38:6:97:Infinity":9,"s:39:32:42:Infinity":10,"b:44:8:44:Infinity:undefined:undefined:undefined:undefined":1,"s:44:8:44:Infinity":11,"s:44:19:44:Infinity":12,"b:46:8:83:Infinity:58:15:83:Infinity":2,"s:46:8:83:Infinity":13,"b:46:12:46:20:46:20:46:37":3,"s:47:36:55:Infinity":14,"f:47:45:47:46":3,"s:47:53:55:12":15,"b:51:24:51:42:51:42:51:Infinity":4,"b:52:26:52:46:52:46:52:Infinity":5,"b:53:23:53:39:53:39:53:Infinity":6,"s:56:10:56:Infinity":16,"s:57:10:57:Infinity":17,"s:60:51:67:Infinity":18,"f:61:12:61:13":4,"s:61:23:66:Infinity":19,"s:68:10:68:Infinity":20,"s:69:10:69:Infinity":21,"s:72:10:82:Infinity":22,"f:73:35:73:36":5,"s:74:14:80:Infinity":23,"s:85:8:85:Infinity":24,"s:87:36:92:Infinity":25,"f:87:60:87:61":6,"s:87:71:92:10":26,"s:93:8:93:Infinity":27,"s:94:8:94:Infinity":28,"s:96:8:96:Infinity":29,"b:100:4:102:Infinity:undefined:undefined:undefined:undefined":7,"s:100:4:102:Infinity":30,"s:101:6:101:Infinity":31,"s:106:2:118:Infinity":32,"f:106:12:106:18":7,"s:107:31:114:Infinity":33,"f:107:31:107:32":8,"s:110:24:110:Infinity":34,"b:111:6:113:Infinity:undefined:undefined:undefined:undefined":8,"s:111:6:113:Infinity":35,"s:112:8:112:Infinity":36,"s:116:4:116:Infinity":37,"s:117:4:117:Infinity":38,"f:117:11:117:17":9,"s:117:17:117:Infinity":39,"s:121:26:121:Infinity":40,"f:121:45:121:46":10,"s:121:52:121:60":41,"s:122:17:122:Infinity":42,"s:125:37:131:Infinity":43,"f:125:37:125:43":11,"b:126:4:126:Infinity:undefined:undefined:undefined:undefined":9,"s:126:4:126:Infinity":44,"s:126:31:126:Infinity":45,"s:128:4:130:Infinity":46,"f:128:33:128:34":12,"s:129:6:129:Infinity":47,"s:133:34:133:Infinity":48,"s:136:24:141:Infinity":49,"f:136:24:136:25":13,"b:137:4:137:Infinity:undefined:undefined:undefined:undefined":10,"s:137:4:137:Infinity":50,"s:137:25:137:Infinity":51,"b:138:4:138:Infinity:undefined:undefined:undefined:undefined":11,"s:138:4:138:Infinity":52,"s:138:25:138:Infinity":53,"b:139:4:139:Infinity:undefined:undefined:undefined:undefined":12,"s:139:4:139:Infinity":54,"s:139:25:139:Infinity":55,"s:140:4:140:Infinity":56,"s:144:24:151:Infinity":57,"f:144:24:144:25":14,"b:145:4:145:Infinity:undefined:undefined:undefined:undefined":13,"s:145:4:145:Infinity":58,"s:145:25:145:Infinity":59,"s:146:4:149:Infinity":60,"s:153:24:239:Infinity":61,"f:153:24:153:31":15,"s:154:24:154:Infinity":62,"b:154:24:154:49:154:49:154:Infinity":14,"b:156:4:156:Infinity:undefined:undefined:undefined:undefined":15,"s:156:4:156:Infinity":63,"s:156:22:156:Infinity":64,"b:161:4:187:Infinity:undefined:undefined:undefined:undefined":16,"s:161:4:187:Infinity":65,"b:161:8:161:47:161:47:161:73":17,"s:163:6:185:Infinity":66,"s:164:26:167:Infinity":67,"b:169:8:169:Infinity:undefined:undefined:undefined:undefined":18,"s:169:8:169:Infinity":68,"s:169:19:169:Infinity":69,"s:172:33:175:Infinity":70,"f:172:33:172:34":16,"s:173:10:175:Infinity":71,"f:173:19:173:20":17,"s:174:12:174:Infinity":72,"b:174:42:174:67:174:67:174:Infinity":19,"s:177:8:177:Infinity":73,"s:178:8:178:Infinity":74,"s:179:8:179:Infinity":75,"s:180:8:180:Infinity":76,"s:181:8:181:Infinity":77,"s:183:8:183:Infinity":78,"s:184:8:184:Infinity":79,"s:186:6:186:Infinity":80,"s:190:25:192:Infinity":81,"f:191:6:191:7":18,"s:191:13:191:Infinity":82,"b:194:4:197:Infinity:undefined:undefined:undefined:undefined":20,"s:194:4:197:Infinity":83,"s:195:6:195:Infinity":84,"s:196:6:196:Infinity":85,"s:200:31:202:Infinity":86,"f:201:6:201:7":19,"s:201:13:201:Infinity":87,"b:204:4:208:Infinity:undefined:undefined:undefined:undefined":21,"s:204:4:208:Infinity":88,"s:206:6:206:Infinity":89,"s:207:6:207:Infinity":90,"s:211:32:217:Infinity":91,"s:219:4:238:Infinity":92,"s:220:24:226:Infinity":93,"b:228:6:228:Infinity:undefined:undefined:undefined:undefined":22,"s:228:6:228:Infinity":94,"s:228:17:228:Infinity":95,"s:230:6:230:Infinity":96,"f:230:21:230:22":20,"s:230:31:230:49":97,"s:231:6:231:Infinity":98,"f:231:24:231:25":21,"s:231:34:231:52":99,"s:232:6:232:Infinity":100,"s:233:6:233:Infinity":101,"s:234:6:234:Infinity":102,"s:236:6:236:Infinity":103,"s:237:6:237:Infinity":104,"s:241:25:265:Infinity":105,"f:241:25:241:32":22,"s:243:23:243:Infinity":106,"f:243:40:243:41":23,"s:243:47:243:58":107,"s:245:4:264:Infinity":108,"s:247:24:250:Infinity":109,"b:252:6:252:Infinity:undefined:undefined:undefined:undefined":23,"s:252:6:252:Infinity":110,"s:252:17:252:Infinity":111,"s:255:31:256:Infinity":112,"f:255:31:255:32":24,"s:256:8:256:Infinity":113,"f:256:17:256:18":25,"s:256:25:256:67":114,"b:256:39:256:65:256:65:256:67":24,"s:258:6:258:Infinity":115,"s:259:6:259:Infinity":116,"s:260:6:260:Infinity":117,"s:262:6:262:Infinity":118,"s:263:6:263:Infinity":119,"s:267:25:271:Infinity":120,"f:267:25:267:26":26,"b:268:4:270:Infinity:undefined:undefined:undefined:undefined":25,"s:268:4:270:Infinity":121,"s:269:6:269:Infinity":122,"s:273:30:277:Infinity":123,"f:273:30:273:36":27,"s:274:26:274:Infinity":124,"f:274:45:274:46":28,"s:274:52:274:58":125,"s:275:10:275:Infinity":126,"s:276:4:276:Infinity":127,"s:279:24:309:Infinity":128,"f:279:24:279:31":29,"s:282:32:288:Infinity":129,"s:290:4:308:Infinity":130,"s:291:24:297:Infinity":131,"b:299:6:299:Infinity:undefined:undefined:undefined:undefined":26,"s:299:6:299:Infinity":132,"s:299:17:299:Infinity":133,"s:301:6:301:Infinity":134,"f:301:21:301:22":30,"s:301:31:301:49":135,"s:302:6:302:Infinity":136,"f:302:24:302:25":31,"s:302:34:302:52":137,"s:303:6:303:Infinity":138,"f:303:21:303:22":32,"s:303:31:303:61":139,"f:303:43:303:44":33,"s:303:50:303:60":140,"s:304:6:304:Infinity":141,"s:306:6:306:Infinity":142,"s:307:6:307:Infinity":143,"s:311:19:314:Infinity":144,"b:316:2:324:Infinity:undefined:undefined:undefined:undefined":27,"s:316:2:324:Infinity":145,"s:317:4:322:Infinity":146,"s:326:2:480:Infinity":147,"b:337:18:337:Infinity:338:18:338:Infinity":28,"b:346:9:346:20:346:20:346:Infinity:347:10:444:Infinity":29,"f:353:28:353:29":34,"s:354:20:354:Infinity":148,"s:355:20:355:Infinity":149,"f:357:27:357:33":35,"s:357:33:357:Infinity":150,"f:361:27:361:33":36,"s:361:33:361:Infinity":151,"b:370:15:370:35:370:35:370:Infinity:371:16:413:Infinity":30,"f:372:47:372:48":37,"s:373:37:373:Infinity":152,"s:374:20:397:Infinity":153,"b:378:37:378:55:378:55:378:Infinity":31,"f:380:33:380:39":38,"s:380:39:380:Infinity":154,"b:380:39:380:52:380:52:380:Infinity":32,"b:386:28:388:Infinity:389:30:394:Infinity":33,"b:390:28:392:Infinity:394:28:394:Infinity":34,"b:402:19:404:Infinity:405:20:411:Infinity":35,"f:403:20:403:21":39,"s:403:27:403:Infinity":155,"f:407:31:407:37":40,"s:407:37:407:Infinity":156,"b:429:15:429:Infinity:430:16:441:Infinity":36,"f:431:35:431:36":41,"s:432:20:439:Infinity":157,"f:434:31:434:37":42,"s:434:37:434:Infinity":158,"b:451:14:453:Infinity:455:14:475:Infinity":37,"f:455:34:455:35":43,"s:456:16:474:Infinity":159,"b:464:19:464:Infinity:465:20:472:Infinity":38,"f:469:31:469:37":44,"s:469:37:469:Infinity":160}}}
,"/Users/sarahglickman/Documents/Daniel/repositories/recipe-club/src/components/recipes/AddRecipeForm.tsx": {"path":"/Users/sarahglickman/Documents/Daniel/repositories/recipe-club/src/components/recipes/AddRecipeForm.tsx","statementMap":{"0":{"start":{"line":39,"column":22},"end":{"line":361,"column":null}},"1":{"start":{"line":45,"column":26},"end":{"line":45,"column":null}},"2":{"start":{"line":46,"column":44},"end":{"line":46,"column":null}},"3":{"start":{"line":47,"column":34},"end":{"line":47,"column":null}},"4":{"start":{"line":48,"column":32},"end":{"line":48,"column":null}},"5":{"start":{"line":49,"column":32},"end":{"line":49,"column":null}},"6":{"start":{"line":50,"column":44},"end":{"line":50,"column":null}},"7":{"start":{"line":53,"column":44},"end":{"line":53,"column":null}},"8":{"start":{"line":54,"column":44},"end":{"line":54,"column":null}},"9":{"start":{"line":55,"column":58},"end":{"line":55,"column":null}},"10":{"start":{"line":56,"column":8},"end":{"line":56,"column":null}},"11":{"start":{"line":58,"column":21},"end":{"line":83,"column":null}},"12":{"start":{"line":59,"column":4},"end":{"line":82,"column":null}},"13":{"start":{"line":60,"column":30},"end":{"line":64,"column":null}},"14":{"start":{"line":66,"column":6},"end":{"line":66,"column":null}},"15":{"start":{"line":66,"column":17},"end":{"line":66,"column":null}},"16":{"start":{"line":68,"column":6},"end":{"line":76,"column":null}},"17":{"start":{"line":69,"column":8},"end":{"line":75,"column":null}},"18":{"start":{"line":70,"column":27},"end":{"line":74,"column":12}},"19":{"start":{"line":78,"column":6},"end":{"line":78,"column":null}},"20":{"start":{"line":79,"column":6},"end":{"line":79,"column":null}},"21":{"start":{"line":81,"column":6},"end":{"line":81,"column":null}},"22":{"start":{"line":85,"column":2},"end":{"line":89,"column":null}},"23":{"start":{"line":86,"column":4},"end":{"line":88,"column":null}},"24":{"start":{"line":87,"column":6},"end":{"line":87,"column":null}},"25":{"start":{"line":92,"column":2},"end":{"line":101,"column":null}},"26":{"start":{"line":93,"column":31},"end":{"line":97,"column":null}},"27":{"start":{"line":94,"column":6},"end":{"line":96,"column":null}},"28":{"start":{"line":95,"column":8},"end":{"line":95,"column":null}},"29":{"start":{"line":99,"column":4},"end":{"line":99,"column":null}},"30":{"start":{"line":100,"column":4},"end":{"line":100,"column":null}},"31":{"start":{"line":100,"column":17},"end":{"line":100,"column":null}},"32":{"start":{"line":104,"column":30},"end":{"line":131,"column":null}},"33":{"start":{"line":105,"column":4},"end":{"line":108,"column":null}},"34":{"start":{"line":106,"column":6},"end":{"line":106,"column":null}},"35":{"start":{"line":107,"column":6},"end":{"line":107,"column":null}},"36":{"start":{"line":110,"column":4},"end":{"line":130,"column":null}},"37":{"start":{"line":111,"column":30},"end":{"line":115,"column":null}},"38":{"start":{"line":117,"column":6},"end":{"line":117,"column":null}},"39":{"start":{"line":117,"column":17},"end":{"line":117,"column":null}},"40":{"start":{"line":119,"column":6},"end":{"line":127,"column":null}},"41":{"start":{"line":120,"column":26},"end":{"line":126,"column":10}},"42":{"start":{"line":129,"column":6},"end":{"line":129,"column":null}},"43":{"start":{"line":133,"column":33},"end":{"line":138,"column":null}},"44":{"start":{"line":134,"column":4},"end":{"line":134,"column":null}},"45":{"start":{"line":135,"column":4},"end":{"line":135,"column":null}},"46":{"start":{"line":136,"column":4},"end":{"line":136,"column":null}},"47":{"start":{"line":137,"column":4},"end":{"line":137,"column":null}},"48":{"start":{"line":140,"column":37},"end":{"line":145,"column":null}},"49":{"start":{"line":141,"column":4},"end":{"line":141,"column":null}},"50":{"start":{"line":142,"column":4},"end":{"line":142,"column":null}},"51":{"start":{"line":143,"column":4},"end":{"line":143,"column":null}},"52":{"start":{"line":144,"column":4},"end":{"line":144,"column":null}},"53":{"start":{"line":147,"column":23},"end":{"line":199,"column":null}},"54":{"start":{"line":148,"column":4},"end":{"line":148,"column":null}},"55":{"start":{"line":150,"column":4},"end":{"line":153,"column":null}},"56":{"start":{"line":151,"column":6},"end":{"line":151,"column":null}},"57":{"start":{"line":152,"column":6},"end":{"line":152,"column":null}},"58":{"start":{"line":155,"column":4},"end":{"line":155,"column":null}},"59":{"start":{"line":157,"column":4},"end":{"line":198,"column":null}},"60":{"start":{"line":160,"column":6},"end":{"line":177,"column":null}},"61":{"start":{"line":162,"column":8},"end":{"line":162,"column":null}},"62":{"start":{"line":165,"column":56},"end":{"line":173,"column":null}},"63":{"start":{"line":175,"column":8},"end":{"line":175,"column":null}},"64":{"start":{"line":175,"column":25},"end":{"line":175,"column":null}},"65":{"start":{"line":176,"column":8},"end":{"line":176,"column":null}},"66":{"start":{"line":180,"column":43},"end":{"line":186,"column":null}},"67":{"start":{"line":188,"column":6},"end":{"line":188,"column":null}},"68":{"start":{"line":188,"column":29},"end":{"line":188,"column":null}},"69":{"start":{"line":190,"column":6},"end":{"line":190,"column":null}},"70":{"start":{"line":191,"column":6},"end":{"line":191,"column":null}},"71":{"start":{"line":192,"column":6},"end":{"line":192,"column":null}},"72":{"start":{"line":194,"column":6},"end":{"line":194,"column":null}},"73":{"start":{"line":195,"column":6},"end":{"line":195,"column":null}},"74":{"start":{"line":197,"column":6},"end":{"line":197,"column":null}},"75":{"start":{"line":201,"column":20},"end":{"line":208,"column":null}},"76":{"start":{"line":202,"column":4},"end":{"line":202,"column":null}},"77":{"start":{"line":203,"column":4},"end":{"line":203,"column":null}},"78":{"start":{"line":204,"column":4},"end":{"line":204,"column":null}},"79":{"start":{"line":205,"column":4},"end":{"line":205,"column":null}},"80":{"start":{"line":206,"column":4},"end":{"line":206,"column":null}},"81":{"start":{"line":207,"column":4},"end":{"line":207,"column":null}},"82":{"start":{"line":210,"column":27},"end":{"line":214,"column":null}},"83":{"start":{"line":212,"column":4},"end":{"line":212,"column":null}},"84":{"start":{"line":213,"column":4},"end":{"line":213,"column":null}},"85":{"start":{"line":216,"column":2},"end":{"line":359,"column":null}},"86":{"start":{"line":245,"column":20},"end":{"line":247,"column":null}},"87":{"start":{"line":272,"column":20},"end":{"line":272,"column":null}},"88":{"start":{"line":273,"column":20},"end":{"line":273,"column":null}},"89":{"start":{"line":274,"column":20},"end":{"line":274,"column":null}},"90":{"start":{"line":285,"column":35},"end":{"line":285,"column":null}},"91":{"start":{"line":286,"column":33},"end":{"line":286,"column":null}},"92":{"start":{"line":296,"column":26},"end":{"line":308,"column":null}},"93":{"start":{"line":300,"column":43},"end":{"line":300,"column":null}},"94":{"start":{"line":315,"column":37},"end":{"line":315,"column":null}},"95":{"start":{"line":334,"column":33},"end":{"line":334,"column":null}},"96":{"start":{"line":344,"column":29},"end":{"line":344,"column":null}}},"fnMap":{"0":{"name":"(anonymous_0)","decl":{"start":{"line":39,"column":22},"end":{"line":39,"column":23}},"loc":{"start":{"line":44,"column":26},"end":{"line":361,"column":null}},"line":44},"1":{"name":"(anonymous_1)","decl":{"start":{"line":58,"column":21},"end":{"line":58,"column":33}},"loc":{"start":{"line":58,"column":33},"end":{"line":83,"column":null}},"line":58},"2":{"name":"(anonymous_2)","decl":{"start":{"line":70,"column":19},"end":{"line":70,"column":20}},"loc":{"start":{"line":70,"column":27},"end":{"line":74,"column":12}},"line":70},"3":{"name":"(anonymous_3)","decl":{"start":{"line":85,"column":12},"end":{"line":85,"column":18}},"loc":{"start":{"line":85,"column":18},"end":{"line":89,"column":5}},"line":85},"4":{"name":"(anonymous_4)","decl":{"start":{"line":92,"column":12},"end":{"line":92,"column":18}},"loc":{"start":{"line":92,"column":18},"end":{"line":101,"column":5}},"line":92},"5":{"name":"(anonymous_5)","decl":{"start":{"line":93,"column":31},"end":{"line":93,"column":32}},"loc":{"start":{"line":93,"column":54},"end":{"line":97,"column":null}},"line":93},"6":{"name":"(anonymous_6)","decl":{"start":{"line":100,"column":11},"end":{"line":100,"column":17}},"loc":{"start":{"line":100,"column":17},"end":{"line":100,"column":null}},"line":100},"7":{"name":"(anonymous_7)","decl":{"start":{"line":104,"column":30},"end":{"line":104,"column":37}},"loc":{"start":{"line":104,"column":60},"end":{"line":131,"column":null}},"line":104},"8":{"name":"(anonymous_8)","decl":{"start":{"line":120,"column":18},"end":{"line":120,"column":19}},"loc":{"start":{"line":120,"column":26},"end":{"line":126,"column":10}},"line":120},"9":{"name":"(anonymous_9)","decl":{"start":{"line":133,"column":33},"end":{"line":133,"column":34}},"loc":{"start":{"line":133,"column":52},"end":{"line":138,"column":null}},"line":133},"10":{"name":"(anonymous_10)","decl":{"start":{"line":140,"column":37},"end":{"line":140,"column":38}},"loc":{"start":{"line":140,"column":57},"end":{"line":145,"column":null}},"line":140},"11":{"name":"(anonymous_11)","decl":{"start":{"line":147,"column":23},"end":{"line":147,"column":30}},"loc":{"start":{"line":147,"column":53},"end":{"line":199,"column":null}},"line":147},"12":{"name":"(anonymous_12)","decl":{"start":{"line":201,"column":20},"end":{"line":201,"column":26}},"loc":{"start":{"line":201,"column":26},"end":{"line":208,"column":null}},"line":201},"13":{"name":"(anonymous_13)","decl":{"start":{"line":210,"column":27},"end":{"line":210,"column":28}},"loc":{"start":{"line":210,"column":49},"end":{"line":214,"column":null}},"line":210},"14":{"name":"(anonymous_14)","decl":{"start":{"line":244,"column":30},"end":{"line":244,"column":31}},"loc":{"start":{"line":245,"column":20},"end":{"line":247,"column":null}},"line":245},"15":{"name":"(anonymous_15)","decl":{"start":{"line":271,"column":27},"end":{"line":271,"column":33}},"loc":{"start":{"line":271,"column":33},"end":{"line":275,"column":null}},"line":271},"16":{"name":"(anonymous_16)","decl":{"start":{"line":285,"column":28},"end":{"line":285,"column":29}},"loc":{"start":{"line":285,"column":35},"end":{"line":285,"column":null}},"line":285},"17":{"name":"(anonymous_17)","decl":{"start":{"line":286,"column":27},"end":{"line":286,"column":33}},"loc":{"start":{"line":286,"column":33},"end":{"line":286,"column":null}},"line":286},"18":{"name":"(anonymous_18)","decl":{"start":{"line":295,"column":45},"end":{"line":295,"column":46}},"loc":{"start":{"line":296,"column":26},"end":{"line":308,"column":null}},"line":296},"19":{"name":"(anonymous_19)","decl":{"start":{"line":300,"column":37},"end":{"line":300,"column":43}},"loc":{"start":{"line":300,"column":43},"end":{"line":300,"column":null}},"line":300},"20":{"name":"(anonymous_20)","decl":{"start":{"line":315,"column":31},"end":{"line":315,"column":37}},"loc":{"start":{"line":315,"column":37},"end":{"line":315,"column":null}},"line":315},"21":{"name":"(anonymous_21)","decl":{"start":{"line":334,"column":26},"end":{"line":334,"column":27}},"loc":{"start":{"line":334,"column":33},"end":{"line":334,"column":null}},"line":334},"22":{"name":"(anonymous_22)","decl":{"start":{"line":344,"column":23},"end":{"line":344,"column":29}},"loc":{"start":{"line":344,"column":29},"end":{"line":344,"column":null}},"line":344}},"branchMap":{"0":{"loc":{"start":{"line":66,"column":6},"end":{"line":66,"column":null}},"type":"if","locations":[{"start":{"line":66,"column":6},"end":{"line":66,"column":null}},{"start":{},"end":{}}],"line":66},"1":{"loc":{"start":{"line":68,"column":6},"end":{"line":76,"column":null}},"type":"if","locations":[{"start":{"line":68,"column":6},"end":{"line":76,"column":null}},{"start":{},"end":{}}],"line":68},"2":{"loc":{"start":{"line":73,"column":28},"end":{"line":73,"column":null}},"type":"binary-expr","locations":[{"start":{"line":73,"column":28},"end":{"line":73,"column":51}},{"start":{"line":73,"column":51},"end":{"line":73,"column":null}}],"line":73},"3":{"loc":{"start":{"line":86,"column":4},"end":{"line":88,"column":null}},"type":"if","locations":[{"start":{"line":86,"column":4},"end":{"line":88,"column":null}},{"start":{},"end":{}}],"line":86},"4":{"loc":{"start":{"line":94,"column":6},"end":{"line":96,"column":null}},"type":"if","locations":[{"start":{"line":94,"column":6},"end":{"line":96,"column":null}},{"start":{},"end":{}}],"line":94},"5":{"loc":{"start":{"line":94,"column":10},"end":{"line":94,"column":94}},"type":"binary-expr","locations":[{"start":{"line":94,"column":10},"end":{"line":94,"column":37}},{"start":{"line":94,"column":37},"end":{"line":94,"column":94}}],"line":94},"6":{"loc":{"start":{"line":105,"column":4},"end":{"line":108,"column":null}},"type":"if","locations":[{"start":{"line":105,"column":4},"end":{"line":108,"column":null}},{"start":{},"end":{}}],"line":105},"7":{"loc":{"start":{"line":117,"column":6},"end":{"line":117,"column":null}},"type":"if","locations":[{"start":{"line":117,"column":6},"end":{"line":117,"column":null}},{"start":{},"end":{}}],"line":117},"8":{"loc":{"start":{"line":120,"column":8},"end":{"line":126,"column":null}},"type":"binary-expr","locations":[{"start":{"line":120,"column":8},"end":{"line":126,"column":15}},{"start":{"line":126,"column":15},"end":{"line":126,"column":null}}],"line":120},"9":{"loc":{"start":{"line":123,"column":15},"end":{"line":123,"column":null}},"type":"binary-expr","locations":[{"start":{"line":123,"column":15},"end":{"line":123,"column":24}},{"start":{"line":123,"column":24},"end":{"line":123,"column":null}}],"line":123},"10":{"loc":{"start":{"line":124,"column":21},"end":{"line":124,"column":null}},"type":"binary-expr","locations":[{"start":{"line":124,"column":21},"end":{"line":124,"column":37}},{"start":{"line":124,"column":37},"end":{"line":124,"column":null}}],"line":124},"11":{"loc":{"start":{"line":143,"column":17},"end":{"line":143,"column":33}},"type":"binary-expr","locations":[{"start":{"line":143,"column":17},"end":{"line":143,"column":31}},{"start":{"line":143,"column":31},"end":{"line":143,"column":33}}],"line":143},"12":{"loc":{"start":{"line":150,"column":4},"end":{"line":153,"column":null}},"type":"if","locations":[{"start":{"line":150,"column":4},"end":{"line":153,"column":null}},{"start":{},"end":{}}],"line":150},"13":{"loc":{"start":{"line":150,"column":8},"end":{"line":150,"column":48}},"type":"binary-expr","locations":[{"start":{"line":150,"column":8},"end":{"line":150,"column":28}},{"start":{"line":150,"column":28},"end":{"line":150,"column":48}}],"line":150},"14":{"loc":{"start":{"line":160,"column":6},"end":{"line":177,"column":null}},"type":"if","locations":[{"start":{"line":160,"column":6},"end":{"line":177,"column":null}},{"start":{"line":163,"column":13},"end":{"line":177,"column":null}}],"line":160},"15":{"loc":{"start":{"line":169,"column":17},"end":{"line":169,"column":null}},"type":"binary-expr","locations":[{"start":{"line":169,"column":17},"end":{"line":169,"column":37}},{"start":{"line":169,"column":37},"end":{"line":169,"column":null}}],"line":169},"16":{"loc":{"start":{"line":175,"column":8},"end":{"line":175,"column":null}},"type":"if","locations":[{"start":{"line":175,"column":8},"end":{"line":175,"column":null}},{"start":{},"end":{}}],"line":175},"17":{"loc":{"start":{"line":188,"column":6},"end":{"line":188,"column":null}},"type":"if","locations":[{"start":{"line":188,"column":6},"end":{"line":188,"column":null}},{"start":{},"end":{}}],"line":188},"18":{"loc":{"start":{"line":232,"column":13},"end":{"line":250,"column":null}},"type":"cond-expr","locations":[{"start":{"line":233,"column":14},"end":{"line":233,"column":null}},{"start":{"line":234,"column":16},"end":{"line":250,"column":null}}],"line":232},"19":{"loc":{"start":{"line":234,"column":16},"end":{"line":250,"column":null}},"type":"cond-expr","locations":[{"start":{"line":235,"column":14},"end":{"line":237,"column":null}},{"start":{"line":239,"column":14},"end":{"line":250,"column":null}}],"line":234},"20":{"loc":{"start":{"line":257,"column":13},"end":{"line":322,"column":null}},"type":"cond-expr","locations":[{"start":{"line":258,"column":14},"end":{"line":279,"column":null}},{"start":{"line":281,"column":14},"end":{"line":322,"column":null}}],"line":257},"21":{"loc":{"start":{"line":261,"column":17},"end":{"line":264,"column":null}},"type":"binary-expr","locations":[{"start":{"line":261,"column":17},"end":{"line":261,"column":null}},{"start":{"line":262,"column":18},"end":{"line":264,"column":null}}],"line":261},"22":{"loc":{"start":{"line":291,"column":17},"end":{"line":320,"column":null}},"type":"binary-expr","locations":[{"start":{"line":291,"column":17},"end":{"line":291,"column":36}},{"start":{"line":291,"column":36},"end":{"line":291,"column":null}},{"start":{"line":292,"column":18},"end":{"line":320,"column":null}}],"line":291},"23":{"loc":{"start":{"line":293,"column":21},"end":{"line":310,"column":null}},"type":"binary-expr","locations":[{"start":{"line":293,"column":21},"end":{"line":293,"column":null}},{"start":{"line":294,"column":22},"end":{"line":310,"column":null}}],"line":293},"24":{"loc":{"start":{"line":303,"column":29},"end":{"line":306,"column":null}},"type":"binary-expr","locations":[{"start":{"line":303,"column":29},"end":{"line":303,"column":null}},{"start":{"line":304,"column":30},"end":{"line":306,"column":null}}],"line":303},"25":{"loc":{"start":{"line":327,"column":11},"end":{"line":337,"column":null}},"type":"binary-expr","locations":[{"start":{"line":327,"column":11},"end":{"line":327,"column":null}},{"start":{"line":328,"column":12},"end":{"line":337,"column":null}}],"line":327},"26":{"loc":{"start":{"line":351,"column":24},"end":{"line":351,"column":null}},"type":"binary-expr","locations":[{"start":{"line":351,"column":24},"end":{"line":351,"column":37}},{"start":{"line":351,"column":37},"end":{"line":351,"column":57}},{"start":{"line":351,"column":57},"end":{"line":351,"column":null}}],"line":351},"27":{"loc":{"start":{"line":354,"column":15},"end":{"line":354,"column":null}},"type":"cond-expr","locations":[{"start":{"line":354,"column":27},"end":{"line":354,"column":41}},{"start":{"line":354,"column":41},"end":{"line":354,"column":null}}],"line":354},"28":{"loc":{"start":{"line":354,"column":41},"end":{"line":354,"column":null}},"type":"cond-expr","locations":[{"start":{"line":354,"column":66},"end":{"line":354,"column":87}},{"start":{"line":354,"column":87},"end":{"line":354,"column":null}}],"line":354}},"s":{"0":2,"1":235,"2":235,"3":235,"4":235,"5":235,"6":235,"7":235,"8":235,"9":235,"10":235,"11":235,"12":42,"13":42,"14":42,"15":1,"16":41,"17":40,"18":52,"19":1,"20":1,"21":42,"22":235,"23":74,"24":42,"25":235,"26":69,"27":2,"28":1,"29":69,"30":69,"31":69,"32":235,"33":23,"34":1,"35":1,"36":22,"37":22,"38":21,"39":1,"40":20,"41":12,"42":2,"43":235,"44":23,"45":23,"46":23,"47":23,"48":235,"49":8,"50":8,"51":8,"52":8,"53":235,"54":7,"55":7,"56":1,"57":1,"58":6,"59":6,"60":6,"61":1,"62":5,"63":5,"64":1,"65":4,"66":5,"67":5,"68":1,"69":4,"70":4,"71":4,"72":2,"73":2,"74":6,"75":235,"76":6,"77":6,"78":6,"79":6,"80":6,"81":6,"82":235,"83":2,"84":2,"85":235,"86":131,"87":1,"88":1,"89":1,"90":23,"91":57,"92":13,"93":8,"94":2,"95":1,"96":2},"f":{"0":235,"1":42,"2":52,"3":74,"4":69,"5":2,"6":69,"7":23,"8":12,"9":23,"10":8,"11":7,"12":6,"13":2,"14":131,"15":1,"16":23,"17":57,"18":13,"19":8,"20":2,"21":1,"22":2},"b":{"0":[1,41],"1":[40,1],"2":[52,1],"3":[42,32],"4":[1,1],"5":[2,2],"6":[1,22],"7":[1,20],"8":[20,1],"9":[12,2],"10":[12,1],"11":[8,1],"12":[1,6],"13":[7,6],"14":[1,5],"15":[5,5],"16":[1,4],"17":[1,4],"18":[119,116],"19":[3,113],"20":[9,226],"21":[9,8],"22":[226,139,46],"23":[46,13],"24":[13,11],"25":[235,226],"26":[235,228,17],"27":[7,228],"28":[8,220]},"meta":{"lastBranch":29,"lastFunction":23,"lastStatement":97,"seen":{"s:39:22:361:Infinity":0,"f:39:22:39:23":0,"s:45:26:45:Infinity":1,"s:46:44:46:Infinity":2,"s:47:34:47:Infinity":3,"s:48:32:48:Infinity":4,"s:49:32:49:Infinity":5,"s:50:44:50:Infinity":6,"s:53:44:53:Infinity":7,"s:54:44:54:Infinity":8,"s:55:58:55:Infinity":9,"s:56:8:56:Infinity":10,"s:58:21:83:Infinity":11,"f:58:21:58:33":1,"s:59:4:82:Infinity":12,"s:60:30:64:Infinity":13,"b:66:6:66:Infinity:undefined:undefined:undefined:undefined":0,"s:66:6:66:Infinity":14,"s:66:17:66:Infinity":15,"b:68:6:76:Infinity:undefined:undefined:undefined:undefined":1,"s:68:6:76:Infinity":16,"s:69:8:75:Infinity":17,"f:70:19:70:20":2,"s:70:27:74:12":18,"b:73:28:73:51:73:51:73:Infinity":2,"s:78:6:78:Infinity":19,"s:79:6:79:Infinity":20,"s:81:6:81:Infinity":21,"s:85:2:89:Infinity":22,"f:85:12:85:18":3,"b:86:4:88:Infinity:undefined:undefined:undefined:undefined":3,"s:86:4:88:Infinity":23,"s:87:6:87:Infinity":24,"s:92:2:101:Infinity":25,"f:92:12:92:18":4,"s:93:31:97:Infinity":26,"f:93:31:93:32":5,"b:94:6:96:Infinity:undefined:undefined:undefined:undefined":4,"s:94:6:96:Infinity":27,"b:94:10:94:37:94:37:94:94":5,"s:95:8:95:Infinity":28,"s:99:4:99:Infinity":29,"s:100:4:100:Infinity":30,"f:100:11:100:17":6,"s:100:17:100:Infinity":31,"s:104:30:131:Infinity":32,"f:104:30:104:37":7,"b:105:4:108:Infinity:undefined:undefined:undefined:undefined":6,"s:105:4:108:Infinity":33,"s:106:6:106:Infinity":34,"s:107:6:107:Infinity":35,"s:110:4:130:Infinity":36,"s:111:30:115:Infinity":37,"b:117:6:117:Infinity:undefined:undefined:undefined:undefined":7,"s:117:6:117:Infinity":38,"s:117:17:117:Infinity":39,"s:119:6:127:Infinity":40,"b:120:8:126:15:126:15:126:Infinity":8,"f:120:18:120:19":8,"s:120:26:126:10":41,"b:123:15:123:24:123:24:123:Infinity":9,"b:124:21:124:37:124:37:124:Infinity":10,"s:129:6:129:Infinity":42,"s:133:33:138:Infinity":43,"f:133:33:133:34":9,"s:134:4:134:Infinity":44,"s:135:4:135:Infinity":45,"s:136:4:136:Infinity":46,"s:137:4:137:Infinity":47,"s:140:37:145:Infinity":48,"f:140:37:140:38":10,"s:141:4:141:Infinity":49,"s:142:4:142:Infinity":50,"s:143:4:143:Infinity":51,"b:143:17:143:31:143:31:143:33":11,"s:144:4:144:Infinity":52,"s:147:23:199:Infinity":53,"f:147:23:147:30":11,"s:148:4:148:Infinity":54,"b:150:4:153:Infinity:undefined:undefined:undefined:undefined":12,"s:150:4:153:Infinity":55,"b:150:8:150:28:150:28:150:48":13,"s:151:6:151:Infinity":56,"s:152:6:152:Infinity":57,"s:155:4:155:Infinity":58,"s:157:4:198:Infinity":59,"b:160:6:177:Infinity:163:13:177:Infinity":14,"s:160:6:177:Infinity":60,"s:162:8:162:Infinity":61,"s:165:56:173:Infinity":62,"b:169:17:169:37:169:37:169:Infinity":15,"b:175:8:175:Infinity:undefined:undefined:undefined:undefined":16,"s:175:8:175:Infinity":63,"s:175:25:175:Infinity":64,"s:176:8:176:Infinity":65,"s:180:43:186:Infinity":66,"b:188:6:188:Infinity:undefined:undefined:undefined:undefined":17,"s:188:6:188:Infinity":67,"s:188:29:188:Infinity":68,"s:190:6:190:Infinity":69,"s:191:6:191:Infinity":70,"s:192:6:192:Infinity":71,"s:194:6:194:Infinity":72,"s:195:6:195:Infinity":73,"s:197:6:197:Infinity":74,"s:201:20:208:Infinity":75,"f:201:20:201:26":12,"s:202:4:202:Infinity":76,"s:203:4:203:Infinity":77,"s:204:4:204:Infinity":78,"s:205:4:205:Infinity":79,"s:206:4:206:Infinity":80,"s:207:4:207:Infinity":81,"s:210:27:214:Infinity":82,"f:210:27:210:28":13,"s:212:4:212:Infinity":83,"s:213:4:213:Infinity":84,"s:216:2:359:Infinity":85,"b:233:14:233:Infinity:234:16:250:Infinity":18,"b:235:14:237:Infinity:239:14:250:Infinity":19,"f:244:30:244:31":14,"s:245:20:247:Infinity":86,"b:258:14:279:Infinity:281:14:322:Infinity":20,"b:261:17:261:Infinity:262:18:264:Infinity":21,"f:271:27:271:33":15,"s:272:20:272:Infinity":87,"s:273:20:273:Infinity":88,"s:274:20:274:Infinity":89,"f:285:28:285:29":16,"s:285:35:285:Infinity":90,"f:286:27:286:33":17,"s:286:33:286:Infinity":91,"b:291:17:291:36:291:36:291:Infinity:292:18:320:Infinity":22,"b:293:21:293:Infinity:294:22:310:Infinity":23,"f:295:45:295:46":18,"s:296:26:308:Infinity":92,"f:300:37:300:43":19,"s:300:43:300:Infinity":93,"b:303:29:303:Infinity:304:30:306:Infinity":24,"f:315:31:315:37":20,"s:315:37:315:Infinity":94,"b:327:11:327:Infinity:328:12:337:Infinity":25,"f:334:26:334:27":21,"s:334:33:334:Infinity":95,"f:344:23:344:29":22,"s:344:29:344:Infinity":96,"b:351:24:351:37:351:37:351:57:351:57:351:Infinity":26,"b:354:27:354:41:354:41:354:Infinity":27,"b:354:66:354:87:354:87:354:Infinity":28}}}
,"/Users/sarahglickman/Documents/Daniel/repositories/recipe-club/src/components/recipes/PhotoUpload.tsx": {"path":"/Users/sarahglickman/Documents/Daniel/repositories/recipe-club/src/components/recipes/PhotoUpload.tsx","statementMap":{"0":{"start":{"line":14,"column":20},"end":{"line":173,"column":null}},"1":{"start":{"line":19,"column":36},"end":{"line":19,"column":null}},"2":{"start":{"line":20,"column":8},"end":{"line":20,"column":null}},"3":{"start":{"line":22,"column":27},"end":{"line":76,"column":null}},"4":{"start":{"line":23,"column":18},"end":{"line":23,"column":null}},"5":{"start":{"line":24,"column":4},"end":{"line":24,"column":null}},"6":{"start":{"line":24,"column":38},"end":{"line":24,"column":null}},"7":{"start":{"line":26,"column":4},"end":{"line":29,"column":null}},"8":{"start":{"line":27,"column":6},"end":{"line":27,"column":null}},"9":{"start":{"line":28,"column":6},"end":{"line":28,"column":null}},"10":{"start":{"line":31,"column":4},"end":{"line":31,"column":null}},"11":{"start":{"line":33,"column":4},"end":{"line":75,"column":null}},"12":{"start":{"line":34,"column":29},"end":{"line":60,"column":null}},"13":{"start":{"line":36,"column":8},"end":{"line":38,"column":null}},"14":{"start":{"line":37,"column":10},"end":{"line":37,"column":null}},"15":{"start":{"line":41,"column":8},"end":{"line":43,"column":null}},"16":{"start":{"line":42,"column":10},"end":{"line":42,"column":null}},"17":{"start":{"line":45,"column":24},"end":{"line":45,"column":null}},"18":{"start":{"line":46,"column":25},"end":{"line":46,"column":null}},"19":{"start":{"line":47,"column":25},"end":{"line":47,"column":null}},"20":{"start":{"line":49,"column":39},"end":{"line":51,"column":null}},"21":{"start":{"line":53,"column":8},"end":{"line":53,"column":null}},"22":{"start":{"line":53,"column":25},"end":{"line":53,"column":null}},"23":{"start":{"line":57,"column":12},"end":{"line":57,"column":null}},"24":{"start":{"line":59,"column":8},"end":{"line":59,"column":null}},"25":{"start":{"line":62,"column":27},"end":{"line":62,"column":null}},"26":{"start":{"line":63,"column":6},"end":{"line":63,"column":null}},"27":{"start":{"line":64,"column":6},"end":{"line":64,"column":null}},"28":{"start":{"line":66,"column":6},"end":{"line":66,"column":null}},"29":{"start":{"line":67,"column":6},"end":{"line":69,"column":null}},"30":{"start":{"line":71,"column":6},"end":{"line":71,"column":null}},"31":{"start":{"line":72,"column":6},"end":{"line":74,"column":null}},"32":{"start":{"line":73,"column":8},"end":{"line":73,"column":null}},"33":{"start":{"line":78,"column":22},"end":{"line":99,"column":null}},"34":{"start":{"line":79,"column":4},"end":{"line":98,"column":null}},"35":{"start":{"line":81,"column":23},"end":{"line":81,"column":null}},"36":{"start":{"line":82,"column":23},"end":{"line":82,"column":null}},"37":{"start":{"line":83,"column":23},"end":{"line":83,"column":null}},"38":{"start":{"line":85,"column":24},"end":{"line":87,"column":null}},"39":{"start":{"line":89,"column":6},"end":{"line":91,"column":null}},"40":{"start":{"line":90,"column":8},"end":{"line":90,"column":null}},"41":{"start":{"line":93,"column":6},"end":{"line":93,"column":null}},"42":{"start":{"line":93,"column":42},"end":{"line":93,"column":56}},"43":{"start":{"line":94,"column":6},"end":{"line":94,"column":null}},"44":{"start":{"line":96,"column":6},"end":{"line":96,"column":null}},"45":{"start":{"line":97,"column":6},"end":{"line":97,"column":null}},"46":{"start":{"line":101,"column":2},"end":{"line":171,"column":null}},"47":{"start":{"line":112,"column":27},"end":{"line":112,"column":null}},"48":{"start":{"line":141,"column":25},"end":{"line":141,"column":null}},"49":{"start":{"line":154,"column":12},"end":{"line":167,"column":null}},"50":{"start":{"line":162,"column":31},"end":{"line":162,"column":null}}},"fnMap":{"0":{"name":"(anonymous_0)","decl":{"start":{"line":14,"column":20},"end":{"line":14,"column":21}},"loc":{"start":{"line":18,"column":24},"end":{"line":173,"column":null}},"line":18},"1":{"name":"(anonymous_1)","decl":{"start":{"line":22,"column":27},"end":{"line":22,"column":34}},"loc":{"start":{"line":22,"column":77},"end":{"line":76,"column":null}},"line":22},"2":{"name":"(anonymous_2)","decl":{"start":{"line":34,"column":51},"end":{"line":34,"column":58}},"loc":{"start":{"line":34,"column":67},"end":{"line":60,"column":7}},"line":34},"3":{"name":"(anonymous_3)","decl":{"start":{"line":78,"column":22},"end":{"line":78,"column":29}},"loc":{"start":{"line":78,"column":50},"end":{"line":99,"column":null}},"line":78},"4":{"name":"(anonymous_4)","decl":{"start":{"line":93,"column":35},"end":{"line":93,"column":36}},"loc":{"start":{"line":93,"column":42},"end":{"line":93,"column":56}},"line":93},"5":{"name":"(anonymous_5)","decl":{"start":{"line":112,"column":21},"end":{"line":112,"column":27}},"loc":{"start":{"line":112,"column":27},"end":{"line":112,"column":null}},"line":112},"6":{"name":"(anonymous_6)","decl":{"start":{"line":141,"column":19},"end":{"line":141,"column":25}},"loc":{"start":{"line":141,"column":25},"end":{"line":141,"column":null}},"line":141},"7":{"name":"(anonymous_7)","decl":{"start":{"line":153,"column":22},"end":{"line":153,"column":23}},"loc":{"start":{"line":154,"column":12},"end":{"line":167,"colu
[...]
7,"column":26},"end":{"line":27,"column":null}},"6":{"start":{"line":29,"column":4},"end":{"line":35,"column":null}},"7":{"start":{"line":30,"column":6},"end":{"line":30,"column":null}},"8":{"start":{"line":31,"column":6},"end":{"line":34,"column":null}},"9":{"start":{"line":38,"column":22},"end":{"line":38,"column":null}},"10":{"start":{"line":39,"column":29},"end":{"line":39,"column":null}},"11":{"start":{"line":42,"column":26},"end":{"line":42,"column":null}},"12":{"start":{"line":43,"column":4},"end":{"line":43,"column":null}},"13":{"start":{"line":46,"column":24},"end":{"line":46,"column":null}},"14":{"start":{"line":47,"column":4},"end":{"line":47,"column":null}},"15":{"start":{"line":50,"column":29},"end":{"line":50,"column":null}},"16":{"start":{"line":53,"column":18},"end":{"line":72,"column":null}},"17":{"start":{"line":64,"column":50},"end":{"line":64,"column":60}},"18":{"start":{"line":75,"column":21},"end":{"line":85,"column":null}},"19":{"start":{"line":87,"column":4},"end":{"line":102,"column":null}},"20":{"start":{"line":88,"column":24},"end":{"line":88,"column":null}},"21":{"start":{"line":89,"column":6},"end":{"line":89,"column":null}},"22":{"start":{"line":91,"column":6},"end":{"line":96,"column":null}},"23":{"start":{"line":92,"column":8},"end":{"line":95,"column":null}},"24":{"start":{"line":98,"column":6},"end":{"line":101,"column":null}},"25":{"start":{"line":104,"column":26},"end":{"line":104,"column":null}},"26":{"start":{"line":106,"column":4},"end":{"line":106,"column":null}},"27":{"start":{"line":108,"column":4},"end":{"line":108,"column":null}},"28":{"start":{"line":109,"column":4},"end":{"line":112,"column":null}},"29":{"start":{"line":125,"column":35},"end":{"line":203,"column":null}},"30":{"start":{"line":133,"column":2},"end":{"line":202,"column":null}},"31":{"start":{"line":134,"column":55},"end":{"line":134,"column":null}},"32":{"start":{"line":136,"column":4},"end":{"line":138,"column":null}},"33":{"start":{"line":137,"column":6},"end":{"line":137,"column":null}},"34":{"start":{"line":140,"column":26},"end":{"line":140,"column":null}},"35":{"start":{"line":142,"column":4},"end":{"line":147,"column":null}},"36":{"start":{"line":143,"column":6},"end":{"line":146,"column":null}},"37":{"start":{"line":150,"column":22},"end":{"line":150,"column":null}},"38":{"start":{"line":151,"column":29},"end":{"line":151,"column":null}},"39":{"start":{"line":154,"column":26},"end":{"line":154,"column":null}},"40":{"start":{"line":155,"column":4},"end":{"line":155,"column":null}},"41":{"start":{"line":158,"column":24},"end":{"line":158,"column":null}},"42":{"start":{"line":159,"column":4},"end":{"line":159,"column":null}},"43":{"start":{"line":161,"column":18},"end":{"line":172,"column":null}},"44":{"start":{"line":174,"column":21},"end":{"line":184,"column":null}},"45":{"start":{"line":186,"column":4},"end":{"line":193,"column":null}},"46":{"start":{"line":187,"column":24},"end":{"line":187,"column":null}},"47":{"start":{"line":188,"column":6},"end":{"line":188,"column":null}},"48":{"start":{"line":189,"column":6},"end":{"line":192,"column":null}},"49":{"start":{"line":195,"column":4},"end":{"line":195,"column":null}},"50":{"start":{"line":197,"column":4},"end":{"line":197,"column":null}},"51":{"start":{"line":198,"column":4},"end":{"line":201,"column":null}},"52":{"start":{"line":205,"column":35},"end":{"line":251,"column":null}},"53":{"start":{"line":208,"column":2},"end":{"line":250,"column":null}},"54":{"start":{"line":209,"column":55},"end":{"line":209,"column":null}},"55":{"start":{"line":211,"column":4},"end":{"line":213,"column":null}},"56":{"start":{"line":212,"column":6},"end":{"line":212,"column":null}},"57":{"start":{"line":215,"column":26},"end":{"line":215,"column":null}},"58":{"start":{"line":217,"column":4},"end":{"line":222,"column":null}},"59":{"start":{"line":218,"column":6},"end":{"line":221,"column":null}},"60":{"start":{"line":224,"column":21},"end":{"line":232,"column":null}},"61":{"start":{"line":234,"column":4},"end":{"line":241,"column":null}},"62":{"start":{"line":235,"column":24},"end":{"line":235,"column":null}},"63":{"start":{"line":236,"column":6},"end":{"line":236,"column":null}},"64":{"start":{"line":237,"column":6},"end":{"line":240,"column":null}},"65":{"start":{"line":243,"column":4},"end":{"line":243,"column":null}},"66":{"start":{"line":245,"column":4},"end":{"line":245,"column":null}},"67":{"start":{"line":246,"column":4},"end":{"line":249,"column":null}}},"fnMap":{"0":{"name":"(anonymous_0)","decl":{"start":{"line":12,"column":35},"end":{"line":12,"column":42}},"loc":{"start":{"line":18,"column":92},"end":{"line":114,"column":null}},"line":18},"1":{"name":"(anonymous_1)","decl":{"start":{"line":64,"column":38},"end":{"line":64,"column":39}},"loc":{"start":{"line":64,"column":50},"end":{"line":64,"column":60}},"line":64},"2":{"name":"(anonymous_2)","decl":{"start":{"line":125,"column":35},"end":{"line":125,"column":42}},"loc":{"start":{"line":132,"column":80},"end":{"line":203,"column":null}},"line":132},"3":{"name":"(anonymous_3)","decl":{"start":{"line":205,"column":35},"end":{"line":205,"column":null}},"loc":{"start":{"line":207,"column":52},"end":{"line":251,"column":null}},"line":207}},"branchMap":{"0":{"loc":{"start":{"line":23,"column":4},"end":{"line":25,"column":null}},"type":"if","locations":[{"start":{"line":23,"column":4},"end":{"line":25,"column":null}},{"start":{},"end":{}}],"line":23},"1":{"loc":{"start":{"line":23,"column":8},"end":{"line":23,"column":46}},"type":"binary-expr","locations":[{"start":{"line":23,"column":8},"end":{"line":23,"column":24}},{"start":{"line":23,"column":24},"end":{"line":23,"column":46}}],"line":23},"2":{"loc":{"start":{"line":29,"column":4},"end":{"line":35,"column":null}},"type":"if","locations":[{"start":{"line":29,"column":4},"end":{"line":35,"column":null}},{"start":{},"end":{}}],"line":29},"3":{"loc":{"start":{"line":38,"column":22},"end":{"line":38,"column":null}},"type":"binary-expr","locations":[{"start":{"line":38,"column":22},"end":{"line":38,"column":30}},{"start":{"line":38,"column":30},"end":{"line":38,"column":null}}],"line":38},"4":{"loc":{"start":{"line":87,"column":4},"end":{"line":102,"column":null}},"type":"if","locations":[{"start":{"line":87,"column":4},"end":{"line":102,"column":null}},{"start":{},"end":{}}],"line":87},"5":{"loc":{"start":{"line":91,"column":6},"end":{"line":96,"column":null}},"type":"if","locations":[{"start":{"line":91,"column":6},"end":{"line":96,"column":null}},{"start":{},"end":{}}],"line":91},"6":{"loc":{"start":{"line":100,"column":15},"end":{"line":100,"column":null}},"type":"binary-expr","locations":[{"start":{"line":100,"column":15},"end":{"line":100,"column":43}},{"start":{"line":100,"column":43},"end":{"line":100,"column":null}}],"line":100},"7":{"loc":{"start":{"line":111,"column":13},"end":{"line":111,"column":null}},"type":"cond-expr","locations":[{"start":{"line":111,"column":38},"end":{"line":111,"column":54}},{"start":{"line":111,"column":54},"end":{"line":111,"column":null}}],"line":111},"8":{"loc":{"start":{"line":136,"column":4},"end":{"line":138,"column":null}},"type":"if","locations":[{"start":{"line":136,"column":4},"end":{"line":138,"column":null}},{"start":{},"end":{}}],"line":136},"9":{"loc":{"start":{"line":136,"column":8},"end":{"line":136,"column":46}},"type":"binary-expr","locations":[{"start":{"line":136,"column":8},"end":{"line":136,"column":24}},{"start":{"line":136,"column":24},"end":{"line":136,"column":46}}],"line":136},"10":{"loc":{"start":{"line":142,"column":4},"end":{"line":147,"column":null}},"type":"if","locations":[{"start":{"line":142,"column":4},"end":{"line":147,"column":null}},{"start":{},"end":{}}],"line":142},"11":{"loc":{"start":{"line":150,"column":22},"end":{"line":150,"column":null}},"type":"binary-expr","locations":[{"start":{"line":150,"column":22},"end":{"line":150,"column":30}},{"start":{"line":150,"column":30},"end":{"line":150,"column":null}}],"line":150},"12":{"loc":{"start":{"line":186,"column":4},"end":{"line":193,"column":null}},"type":"if","locations":[{"start":{"line":186,"column":4},"end":{"line":193,"column":null}},{"start":{},"end":{}}],"line":186},"13":{"loc":{"start":{"line":191,"column":15},"end":{"line":191,"column":null}},"type":"binary-expr","locations":[{"start":{"line":191,"column":15},"end":{"line":191,"column":43}},{"start":{"line":191,"column":43},"end":{"line":191,"column":null}}],"line":191},"14":{"loc":{"start":{"line":200,"column":13},"end":{"line":200,"column":null}},"type":"cond-expr","locations":[{"start":{"line":200,"column":38},"end":{"line":200,"column":54}},{"start":{"line":200,"column":54},"end":{"line":200,"column":null}}],"line":200},"15":{"loc":{"start":{"line":211,"column":4},"end":{"line":213,"column":null}},"type":"if","locations":[{"start":{"line":211,"column":4},"end":{"line":213,"column":null}},{"start":{},"end":{}}],"line":211},"16":{"loc":{"start":{"line":211,"column":8},"end":{"line":211,"column":46}},"type":"binary-expr","locations":[{"start":{"line":211,"column":8},"end":{"line":211,"column":24}},{"start":{"line":211,"column":24},"end":{"line":211,"column":46}}],"line":211},"17":{"loc":{"start":{"line":217,"column":4},"end":{"line":222,"column":null}},"type":"if","locations":[{"start":{"line":217,"column":4},"end":{"line":222,"column":null}},{"start":{},"end":{}}],"line":217},"18":{"loc":{"start":{"line":234,"column":4},"end":{"line":241,"column":null}},"type":"if","locations":[{"start":{"line":234,"column":4},"end":{"line":241,"column":null}},{"start":{},"end":{}}],"line":234},"19":{"loc":{"start":{"line":234,"column":8},"end":{"line":234,"column":49}},"type":"binary-expr","locations":[{"start":{"line":234,"column":8},"end":{"line":234,"column":24}},{"start":{"line":234,"column":24},"end":{"line":234,"column":49}}],"line":234},"20":{"loc":{"start":{"line":239,"column":15},"end":{"line":239,"column":null}},"type":"binary-expr","locations":[{"start":{"line":239,"column":15},"end":{"line":239,"column":43}},{"start":{"line":239,"column":43},"end":{"line":239,"column":null}}],"line":239},"21":{"loc":{"start":{"line":248,"column":13},"end":{"line":248,"column":null}},"type":"cond-expr","locations":[{"start":{"line":248,"column":38},"end":{"line":248,"column":54}},{"start":{"line":248,"column":54},"end":{"line":248,"column":null}}],"line":248}},"s":{"0":1,"1":10,"2":10,"3":10,"4":1,"5":9,"6":9,"7":1,"8":1,"9":8,"10":10,"11":10,"12":10,"13":10,"14":10,"15":10,"16":8,"17":16,"18":8,"19":6,"20":3,"21":3,"22":3,"23":1,"24":2,"25":3,"26":3,"27":2,"28":2,"29":1,"30":8,"31":8,"32":8,"33":1,"34":7,"35":7,"36":1,"37":6,"38":8,"39":8,"40":8,"41":8,"42":8,"43":8,"44":8,"45":4,"46":2,"47":2,"48":2,"49":2,"50":2,"51":2,"52":1,"53":8,"54":8,"55":8,"56":1,"57":7,"58":7,"59":1,"60":6,"61":4,"62":2,"63":2,"64":2,"65":2,"66":2,"67":2},"f":{"0":10,"1":16,"2":8,"3":8},"b":{"0":[1,9],"1":[10,10],"2":[1,8],"3":[8,7],"4":[3,3],"5":[1,2],"6":[2,1],"7":[1,1],"8":[1,7],"9":[8,8],"10":[1,6],"11":[6,5],"12":[2,2],"13":[2,1],"14":[1,1],"15":[1,7],"16":[8,7],"17":[1,6],"18":[2,2],"19":[4,3],"20":[2,1],"21":[1,1]},"meta":{"lastBranch":22,"lastFunction":4,"lastStatement":68,"seen":{"s:12:35:114:Infinity":0,"f:12:35:12:42":0,"s:19:2:113:Infinity":1,"s:21:55:21:Infinity":2,"b:23:4:25:Infinity:undefined:undefined:undefined:undefined":0,"s:23:4:25:Infinity":3,"b:23:8:23:24:23:24:23:46":1,"s:24:6:24:Infinity":4,"s:27:26:27:Infinity":5,"b:29:4:35:Infinity:undefined:undefined:undefined:undefined":2,"s:29:4:35:Infinity":6,"s:30:6:30:Infinity":7,"s:31:6:34:Infinity":8,"s:38:22:38:Infinity":9,"b:38:22:38:30:38:30:38:Infinity":3,"s:39:29:39:Infinity":10,"s:42:26:42:Infinity":11,"s:43:4:43:Infinity":12,"s:46:24:46:Infinity":13,"s:47:4:47:Infinity":14,"s:50:29:50:Infinity":15,"s:53:18:72:Infinity":16,"f:64:38:64:39":1,"s:64:50:64:60":17,"s:75:21:85:Infinity":18,"b:87:4:102:Infinity:undefined:undefined:undefined:undefined":4,"s:87:4:102:Infinity":19,"s:88:24:88:Infinity":20,"s:89:6:89:Infinity":21,"b:91:6:96:Infinity:undefined:undefined:undefined:undefined":5,"s:91:6:96:Infinity":22,"s:92:8:95:Infinity":23,"s:98:6:101:Infinity":24,"b:100:15:100:43:100:43:100:Infinity":6,"s:104:26:104:Infinity":25,"s:106:4:106:Infinity":26,"s:108:4:108:Infinity":27,"s:109:4:112:Infinity":28,"b:111:38:111:54:111:54:111:Infinity":7,"s:125:35:203:Infinity":29,"f:125:35:125:42":2,"s:133:2:202:Infinity":30,"s:134:55:134:Infinity":31,"b:136:4:138:Infinity:undefined:undefined:undefined:undefined":8,"s:136:4:138:Infinity":32,"b:136:8:136:24:136:24:136:46":9,"s:137:6:137:Infinity":33,"s:140:26:140:Infinity":34,"b:142:4:147:Infinity:undefined:undefined:undefined:undefined":10,"s:142:4:147:Infinity":35,"s:143:6:146:Infinity":36,"s:150:22:150:Infinity":37,"b:150:22:150:30:150:30:150:Infinity":11,"s:151:29:151:Infinity":38,"s:154:26:154:Infinity":39,"s:155:4:155:Infinity":40,"s:158:24:158:Infinity":41,"s:159:4:159:Infinity":42,"s:161:18:172:Infinity":43,"s:174:21:184:Infinity":44,"b:186:4:193:Infinity:undefined:undefined:undefined:undefined":12,"s:186:4:193:Infinity":45,"s:187:24:187:Infinity":46,"s:188:6:188:Infinity":47,"s:189:6:192:Infinity":48,"b:191:15:191:43:191:43:191:Infinity":13,"s:195:4:195:Infinity":49,"s:197:4:197:Infinity":50,"s:198:4:201:Infinity":51,"b:200:38:200:54:200:54:200:Infinity":14,"s:205:35:251:Infinity":52,"f:205:35:205:Infinity":3,"s:208:2:250:Infinity":53,"s:209:55:209:Infinity":54,"b:211:4:213:Infinity:undefined:undefined:undefined:undefined":15,"s:211:4:213:Infinity":55,"b:211:8:211:24:211:24:211:46":16,"s:212:6:212:Infinity":56,"s:215:26:215:Infinity":57,"b:217:4:222:Infinity:undefined:undefined:undefined:undefined":17,"s:217:4:222:Infinity":58,"s:218:6:221:Infinity":59,"s:224:21:232:Infinity":60,"b:234:4:241:Infinity:undefined:undefined:undefined:undefined":18,"s:234:4:241:Infinity":61,"b:234:8:234:24:234:24:234:49":19,"s:235:24:235:Infinity":62,"s:236:6:236:Infinity":63,"s:237:6:240:Infinity":64,"b:239:15:239:43:239:43:239:Infinity":20,"s:243:4:243:Infinity":65,"s:245:4:245:Infinity":66,"s:246:4:249:Infinity":67,"b:248:38:248:54:248:54:248:Infinity":21}}}
,"/Users/sarahglickman/Documents/Daniel/repositories/recipe-club/src/lib/ingredientSuggestions.ts": {"path":"/Users/sarahglickman/Documents/Daniel/repositories/recipe-club/src/lib/ingredientSuggestions.ts","statementMap":{"0":{"start":{"line":4,"column":38},"end":{"line":223,"column":null}},"1":{"start":{"line":227,"column":41},"end":{"line":237,"column":null}},"2":{"start":{"line":244,"column":24},"end":{"line":244,"column":null}},"3":{"start":{"line":244,"column":63},"end":{"line":244,"column":78}},"4":{"start":{"line":245,"column":32},"end":{"line":245,"column":null}},"5":{"start":{"line":248,"column":29},"end":{"line":248,"column":null}},"6":{"start":{"line":248,"column":56},"end":{"line":248,"column":75}},"7":{"start":{"line":251,"column":2},"end":{"line":262,"column":null}},"8":{"start":{"line":252,"column":4},"end":{"line":252,"column":null}},"9":{"start":{"line":252,"column":33},"end":{"line":252,"column":null}},"10":{"start":{"line":254,"column":32},"end":{"line":256,"column":null}},"11":{"start":{"line":255,"column":22},"end":{"line":255,"column":null}},"12":{"start":{"line":258,"column":4},"end":{"line":261,"column":null}},"13":{"start":{"line":259,"column":26},"end":{"line":259,"column":null}},"14":{"start":{"line":260,"column":6},"end":{"line":260,"column":null}},"15":{"start":{"line":265,"column":2},"end":{"line":279,"column":null}},"16":{"start":{"line":266,"column":27},"end":{"line":272,"column":null}},"17":{"start":{"line":270,"column":10},"end":{"line":271,"column":null}},"18":{"start":{"line":274,"column":4},"end":{"line":278,"column":null}},"19":{"start":{"line":275,"column":26},"end":{"line":275,"column":null}},"20":{"start":{"line":276,"column":6},"end":{"line":276,"column":null}},"21":{"start":{"line":277,"column":6},"end":{"line":277,"column":null}},"22":{"start":{"line":281,"column":2},"end":{"line":281,"column":null}}},"fnMap":{"0":{"name":"getSuggestedIngredients","decl":{"start":{"line":243,"column":16},"end":{"line":243,"column":40}},"loc":{"start":{"line":243,"column":81},"end":{"line":282,"column":null}},"line":243},"1":{"name":"(anonymous_1)","decl":{"start":{"line":244,"column":56},"end":{"line":244,"column":57}},"loc":{"start":{"line":244,"column":63},"end":{"line":244,"column":78}},"line":244},"2":{"name":"(anonymous_2)","decl":{"start":{"line":248,"column":50},"end":{"line":248,"column":56}},"loc":{"start":{"line":248,"column":56},"end":{"line":248,"column":75}},"line":248},"3":{"name":"(anonymous_3)","decl":{"start":{"line":255,"column":6},"end":{"line":255,"column":7}},"loc":{"start":{"line":255,"column":22},"end":{"line":255,"column":null}},"line":255},"4":{"name":"(anonymous_4)","decl":{"start":{"line":269,"column":8},"end":{"line":269,"column":9}},"loc":{"start":{"line":270,"column":10},"end":{"line":271,"column":null}},"line":270}},"branchMap":{"0":{"loc":{"start":{"line":252,"column":4},"end":{"line":252,"column":null}},"type":"if","locations":[{"start":{"line":252,"column":4},"end":{"line":252,"column":null}},{"start":{},"end":{}}],"line":252},"1":{"loc":{"start":{"line":258,"column":4},"end":{"line":261,"column":null}},"type":"if","locations":[{"start":{"line":258,"column":4},"end":{"line":261,"column":null}},{"start":{},"end":{}}],"line":258},"2":{"loc":{"start":{"line":265,"column":2},"end":{"line":279,"column":null}},"type":"if","locations":[{"start":{"line":265,"column":2},"end":{"line":279,"column":null}},{"start":{},"end":{}}],"line":265},"3":{"loc":{"start":{"line":270,"column":10},"end":{"line":271,"column":null}},"type":"binary-expr","locations":[{"start":{"line":270,"column":10},"end":{"line":270,"column":null}},{"start":{"line":271,"column":10},"end":{"line":271,"column":null}}],"line":270},"4":{"loc":{"start":{"line":274,"column":11},"end":{"line":274,"column":64}},"type":"binary-expr","locations":[{"start":{"line":274,"column":11},"end":{"line":274,"column":37}},{"start":{"line":274,"column":37},"end":{"line":274,"column":64}}],"line":274}},"s":{"0":2,"1":2,"2":13,"3":448,"4":13,"5":13,"6":156,"7":13,"8":73,"9":11,"10":62,"11":1560,"12":62,"13":46,"14":46,"15":13,"16":2,"17":400,"18":2,"19":5,"20":5,"21":5,"22":13},"f":{"0":13,"1":448,"2":156,"3":1560,"4":400},"b":{"0":[11,62],"1":[46,16],"2":[2,11],"3":[400,7],"4":[2,6]},"meta":{"lastBranch":5,"lastFunction":5,"lastStatement":23,"seen":{"s:4:38:223:Infinity":0,"s:227:41:237:Infinity":1,"f:243:16:243:40":0,"s:244:24:244:Infinity":2,"f:244:56:244:57":1,"s:244:63:244:78":3,"s:245:32:245:Infinity":4,"s:248:29:248:Infinity":5,"f:248:50:248:56":2,"s:248:56:248:75":6,"s:251:2:262:Infinity":7,"b:252:4:252:Infinity:undefined:undefined:undefined:undefined":0,"s:252:4:252:Infinity":8,"s:252:33:252:Infinity":9,"s:254:32:256:Infinity":10,"f:255:6:255:7":3,"s:255:22:255:Infinity":11,"b:258:4:261:Infinity:undefined:undefined:undefined:undefined":1,"s:258:4:261:Infinity":12,"s:259:26:259:Infinity":13,"s:260:6:260:Infinity":14,"b:265:2:279:Infinity:undefined:undefined:undefined:undefined":2,"s:265:2:279:Infinity":15,"s:266:27:272:Infinity":16,"f:269:8:269:9":4,"s:270:10:271:Infinity":17,"b:270:10:270:Infinity:271:10:271:Infinity":3,"s:274:4:278:Infinity":18,"b:274:11:274:37:274:37:274:64":4,"s:275:26:275:Infinity":19,"s:276:6:276:Infinity":20,"s:277:6:277:Infinity":21,"s:281:2:281:Infinity":22}}}
,"/Users/sarahglickman/Documents/Daniel/repositories/recipe-club/src/lib/utils.ts": {"path":"/Users/sarahglickman/Documents/Daniel/repositories/recipe-club/src/lib/utils.ts","statementMap":{"0":{"start":{"line":5,"column":2},"end":{"line":5,"column":null}}},"fnMap":{"0":{"name":"cn","decl":{"start":{"line":4,"column":16},"end":{"line":4,"column":22}},"loc":{"start":{"line":4,"column":44},"end":{"line":6,"column":null}},"line":4}},"branchMap":{},"s":{"0":6415},"f":{"0":6415},"b":{},"meta":{"lastBranch":0,"lastFunction":1,"lastStatement":1,"seen":{"f:4:16:4:22":0,"s:5:2:5:Infinity":0}}}
}
